<?xml version="1.0" encoding="utf-8"?>
<coverage line-rate="0.4336" branch-rate="0.3023" version="1.9" timestamp="1732270105" lines-covered="690" lines-valid="1591" branches-covered="52" branches-valid="172">
  <sources>
    <source>C:\Users\chris\</source>
  </sources>
  <packages>
    <package name="AuthenticationTests" line-rate="0.9975" branch-rate="0.5769" complexity="60">
      <classes>
        <class name="AutoGeneratedProgram" filename=".nuget\packages\microsoft.net.test.sdk\17.8.0\build\netcoreapp3.1\Microsoft.NET.Test.Sdk.Program.cs" line-rate="0" branch-rate="1" complexity="1">
          <methods>
            <method name="Main" signature="(System.String[])" line-rate="0" branch-rate="1" complexity="1">
              <lines>
                <line number="4" hits="0" branch="False" />
              </lines>
            </method>
          </methods>
          <lines>
            <line number="4" hits="0" branch="False" />
          </lines>
        </class>
        <class name="AuthenticationTests.AuthenticationControllerTests" filename="source\repos\Phoenix2\PhoenixApi\AuthenticationTests\AuthenticationControllerTests.cs" line-rate="1" branch-rate="1" complexity="1">
          <methods>
            <method name=".ctor" signature="()" line-rate="1" branch-rate="1" complexity="1">
              <lines>
                <line number="17" hits="4" branch="False" />
                <line number="18" hits="4" branch="False" />
                <line number="19" hits="4" branch="False" />
                <line number="20" hits="4" branch="False" />
                <line number="21" hits="4" branch="False" />
                <line number="22" hits="4" branch="False" />
              </lines>
            </method>
          </methods>
          <lines>
            <line number="17" hits="4" branch="False" />
            <line number="18" hits="4" branch="False" />
            <line number="19" hits="4" branch="False" />
            <line number="20" hits="4" branch="False" />
            <line number="21" hits="4" branch="False" />
            <line number="22" hits="4" branch="False" />
          </lines>
        </class>
        <class name="AuthenticationTests.AuthenticationControllerTests/&lt;GetHubCredentials_DuplicateClientInfo_ReturnsConflict&gt;d__6" filename="source\repos\Phoenix2\PhoenixApi\AuthenticationTests\AuthenticationControllerTests.cs" line-rate="1" branch-rate="1" complexity="1">
          <methods>
            <method name="MoveNext" signature="()" line-rate="1" branch-rate="1" complexity="1">
              <lines>
                <line number="139" hits="1" branch="False" />
                <line number="140" hits="1" branch="False" />
                <line number="141" hits="1" branch="False" />
                <line number="143" hits="1" branch="False" />
                <line number="145" hits="1" branch="False" />
                <line number="146" hits="1" branch="False" />
                <line number="147" hits="1" branch="False" />
              </lines>
            </method>
          </methods>
          <lines>
            <line number="139" hits="1" branch="False" />
            <line number="140" hits="1" branch="False" />
            <line number="141" hits="1" branch="False" />
            <line number="143" hits="1" branch="False" />
            <line number="145" hits="1" branch="False" />
            <line number="146" hits="1" branch="False" />
            <line number="147" hits="1" branch="False" />
          </lines>
        </class>
        <class name="AuthenticationTests.AuthenticationControllerTests/&lt;GetHubCredentials_HubNotFound_ReturnsNotFound&gt;d__5" filename="source\repos\Phoenix2\PhoenixApi\AuthenticationTests\AuthenticationControllerTests.cs" line-rate="1" branch-rate="1" complexity="1">
          <methods>
            <method name="MoveNext" signature="()" line-rate="1" branch-rate="1" complexity="1">
              <lines>
                <line number="128" hits="1" branch="False" />
                <line number="129" hits="1" branch="False" />
                <line number="130" hits="1" branch="False" />
                <line number="132" hits="1" branch="False" />
                <line number="134" hits="1" branch="False" />
                <line number="135" hits="1" branch="False" />
                <line number="136" hits="1" branch="False" />
              </lines>
            </method>
          </methods>
          <lines>
            <line number="128" hits="1" branch="False" />
            <line number="129" hits="1" branch="False" />
            <line number="130" hits="1" branch="False" />
            <line number="132" hits="1" branch="False" />
            <line number="134" hits="1" branch="False" />
            <line number="135" hits="1" branch="False" />
            <line number="136" hits="1" branch="False" />
          </lines>
        </class>
        <class name="AuthenticationTests.AuthenticationControllerTests/&lt;GetHubCredentials_UnhandledException_ReturnsInternalServerError&gt;d__7" filename="source\repos\Phoenix2\PhoenixApi\AuthenticationTests\AuthenticationControllerTests.cs" line-rate="1" branch-rate="1" complexity="1">
          <methods>
            <method name="MoveNext" signature="()" line-rate="1" branch-rate="1" complexity="1">
              <lines>
                <line number="150" hits="1" branch="False" />
                <line number="151" hits="1" branch="False" />
                <line number="152" hits="1" branch="False" />
                <line number="154" hits="1" branch="False" />
                <line number="156" hits="1" branch="False" />
                <line number="157" hits="1" branch="False" />
                <line number="158" hits="1" branch="False" />
              </lines>
            </method>
          </methods>
          <lines>
            <line number="150" hits="1" branch="False" />
            <line number="151" hits="1" branch="False" />
            <line number="152" hits="1" branch="False" />
            <line number="154" hits="1" branch="False" />
            <line number="156" hits="1" branch="False" />
            <line number="157" hits="1" branch="False" />
            <line number="158" hits="1" branch="False" />
          </lines>
        </class>
        <class name="AuthenticationTests.AuthenticationControllerTests/&lt;GetHubCredentials_ValidHubId_ReturnsClientCredentials&gt;d__4" filename="source\repos\Phoenix2\PhoenixApi\AuthenticationTests\AuthenticationControllerTests.cs" line-rate="1" branch-rate="1" complexity="1">
          <methods>
            <method name="MoveNext" signature="()" line-rate="1" branch-rate="1" complexity="1">
              <lines>
                <line number="108" hits="1" branch="False" />
                <line number="109" hits="1" branch="False" />
                <line number="110" hits="1" branch="False" />
                <line number="111" hits="1" branch="False" />
                <line number="112" hits="1" branch="False" />
                <line number="113" hits="1" branch="False" />
                <line number="114" hits="1" branch="False" />
                <line number="116" hits="1" branch="False" />
                <line number="119" hits="1" branch="False" />
                <line number="121" hits="1" branch="False" />
                <line number="122" hits="1" branch="False" />
                <line number="123" hits="1" branch="False" />
                <line number="124" hits="1" branch="False" />
                <line number="125" hits="1" branch="False" />
              </lines>
            </method>
          </methods>
          <lines>
            <line number="108" hits="1" branch="False" />
            <line number="109" hits="1" branch="False" />
            <line number="110" hits="1" branch="False" />
            <line number="111" hits="1" branch="False" />
            <line number="112" hits="1" branch="False" />
            <line number="113" hits="1" branch="False" />
            <line number="114" hits="1" branch="False" />
            <line number="116" hits="1" branch="False" />
            <line number="119" hits="1" branch="False" />
            <line number="121" hits="1" branch="False" />
            <line number="122" hits="1" branch="False" />
            <line number="123" hits="1" branch="False" />
            <line number="124" hits="1" branch="False" />
            <line number="125" hits="1" branch="False" />
          </lines>
        </class>
        <class name="AuthenticationTests.Service.AuthenticationServiceTests" filename="source\repos\Phoenix2\PhoenixApi\AuthenticationTests\Service\AuthenticationServiceTests.GenerateLoginCredentials.cs" line-rate="1" branch-rate="1" complexity="1">
          <methods>
            <method name="GenerateLoginCredentials_ShouldReturnValidLoginDto" signature="()" line-rate="1" branch-rate="1" complexity="1">
              <lines>
                <line number="13" hits="1" branch="False" />
                <line number="18" hits="1" branch="False" />
                <line number="21" hits="1" branch="False" />
                <line number="22" hits="1" branch="False" />
                <line number="23" hits="1" branch="False" />
                <line number="24" hits="1" branch="False" />
              </lines>
            </method>
          </methods>
          <lines>
            <line number="13" hits="1" branch="False" />
            <line number="18" hits="1" branch="False" />
            <line number="21" hits="1" branch="False" />
            <line number="22" hits="1" branch="False" />
            <line number="23" hits="1" branch="False" />
            <line number="24" hits="1" branch="False" />
          </lines>
        </class>
        <class name="AuthenticationTests.Service.AuthenticationServiceTests" filename="source\repos\Phoenix2\PhoenixApi\AuthenticationTests\AuthenticationServiceTests.cs" line-rate="1" branch-rate="1" complexity="1">
          <methods>
            <method name=".ctor" signature="()" line-rate="1" branch-rate="1" complexity="1">
              <lines>
                <line number="27" hits="20" branch="False" />
                <line number="28" hits="20" branch="False" />
                <line number="29" hits="20" branch="False" />
                <line number="30" hits="20" branch="False" />
                <line number="31" hits="20" branch="False" />
                <line number="32" hits="20" branch="False" />
                <line number="33" hits="20" branch="False" />
                <line number="34" hits="20" branch="False" />
                <line number="36" hits="20" branch="False" />
                <line number="37" hits="20" branch="False" />
                <line number="38" hits="20" branch="False" />
                <line number="39" hits="20" branch="False" />
                <line number="40" hits="20" branch="False" />
                <line number="41" hits="20" branch="False" />
                <line number="42" hits="20" branch="False" />
                <line number="43" hits="20" branch="False" />
                <line number="44" hits="20" branch="False" />
                <line number="45" hits="20" branch="False" />
              </lines>
            </method>
          </methods>
          <lines>
            <line number="27" hits="20" branch="False" />
            <line number="28" hits="20" branch="False" />
            <line number="29" hits="20" branch="False" />
            <line number="30" hits="20" branch="False" />
            <line number="31" hits="20" branch="False" />
            <line number="32" hits="20" branch="False" />
            <line number="33" hits="20" branch="False" />
            <line number="34" hits="20" branch="False" />
            <line number="36" hits="20" branch="False" />
            <line number="37" hits="20" branch="False" />
            <line number="38" hits="20" branch="False" />
            <line number="39" hits="20" branch="False" />
            <line number="40" hits="20" branch="False" />
            <line number="41" hits="20" branch="False" />
            <line number="42" hits="20" branch="False" />
            <line number="43" hits="20" branch="False" />
            <line number="44" hits="20" branch="False" />
            <line number="45" hits="20" branch="False" />
          </lines>
        </class>
        <class name="AuthenticationTests.Service.AuthenticationServiceTests/&lt;&gt;c__DisplayClass10_0" filename="source\repos\Phoenix2\PhoenixApi\AuthenticationTests\Service\AuthenticationServiceTests.AuthorizeSubject.cs" line-rate="1" branch-rate="1" complexity="1">
          <methods>
            <method name="&lt;AuthorizeSubject_CreateSubjectThrowsException_ThrowsInvalidOperationException&gt;b__1" signature="()" line-rate="1" branch-rate="1" complexity="1">
              <lines>
                <line number="123" hits="1" branch="False" />
              </lines>
            </method>
          </methods>
          <lines>
            <line number="123" hits="1" branch="False" />
          </lines>
        </class>
        <class name="AuthenticationTests.Service.AuthenticationServiceTests/&lt;&gt;c__DisplayClass9_0" filename="source\repos\Phoenix2\PhoenixApi\AuthenticationTests\Service\AuthenticationServiceTests.AuthorizeSubject.cs" line-rate="1" branch-rate="1" complexity="1">
          <methods>
            <method name="&lt;AuthorizeSubject_InvalidClientSecret_ThrowsUnauthorizedAccessException&gt;b__5" signature="()" line-rate="1" branch-rate="1" complexity="1">
              <lines>
                <line number="104" hits="1" branch="False" />
              </lines>
            </method>
          </methods>
          <lines>
            <line number="104" hits="1" branch="False" />
          </lines>
        </class>
        <class name="AuthenticationTests.Service.AuthenticationServiceTests/&lt;AuthorizeSubject_CreateSubjectThrowsException_ThrowsInvalidOperationException&gt;d__10" filename="source\repos\Phoenix2\PhoenixApi\AuthenticationTests\Service\AuthenticationServiceTests.AuthorizeSubject.cs" line-rate="1" branch-rate="1" complexity="1">
          <methods>
            <method name="MoveNext" signature="()" line-rate="1" branch-rate="1" complexity="1">
              <lines>
                <line number="112" hits="1" branch="False" />
                <line number="114" hits="1" branch="False" />
                <line number="115" hits="1" branch="False" />
                <line number="116" hits="1" branch="False" />
                <line number="118" hits="1" branch="False" />
                <line number="119" hits="1" branch="False" />
                <line number="122" hits="1" branch="False" />
                <line number="124" hits="1" branch="False" />
                <line number="126" hits="1" branch="False" />
                <line number="127" hits="1" branch="False" />
                <line number="128" hits="1" branch="False" />
                <line number="129" hits="1" branch="False" />
              </lines>
            </method>
          </methods>
          <lines>
            <line number="112" hits="1" branch="False" />
            <line number="114" hits="1" branch="False" />
            <line number="115" hits="1" branch="False" />
            <line number="116" hits="1" branch="False" />
            <line number="118" hits="1" branch="False" />
            <line number="119" hits="1" branch="False" />
            <line number="122" hits="1" branch="False" />
            <line number="124" hits="1" branch="False" />
            <line number="126" hits="1" branch="False" />
            <line number="127" hits="1" branch="False" />
            <line number="128" hits="1" branch="False" />
            <line number="129" hits="1" branch="False" />
          </lines>
        </class>
        <class name="AuthenticationTests.Service.AuthenticationServiceTests/&lt;AuthorizeSubject_InvalidClientSecret_ThrowsUnauthorizedAccessException&gt;d__9" filename="source\repos\Phoenix2\PhoenixApi\AuthenticationTests\Service\AuthenticationServiceTests.AuthorizeSubject.cs" line-rate="1" branch-rate="1" complexity="1">
          <methods>
            <method name="MoveNext" signature="()" line-rate="1" branch-rate="1" complexity="1">
              <lines>
                <line number="73" hits="1" branch="False" />
                <line number="75" hits="1" branch="False" />
                <line number="76" hits="1" branch="False" />
                <line number="77" hits="1" branch="False" />
                <line number="79" hits="1" branch="False" />
                <line number="80" hits="1" branch="False" />
                <line number="81" hits="1" branch="False" />
                <line number="82" hits="1" branch="False" />
                <line number="83" hits="1" branch="False" />
                <line number="84" hits="1" branch="False" />
                <line number="85" hits="1" branch="False" />
                <line number="87" hits="1" branch="False" />
                <line number="88" hits="1" branch="False" />
                <line number="89" hits="1" branch="False" />
                <line number="90" hits="1" branch="False" />
                <line number="91" hits="1" branch="False" />
                <line number="92" hits="1" branch="False" />
                <line number="93" hits="1" branch="False" />
                <line number="95" hits="1" branch="False" />
                <line number="96" hits="1" branch="False" />
                <line number="97" hits="1" branch="False" />
                <line number="99" hits="1" branch="False" />
                <line number="100" hits="1" branch="False" />
                <line number="103" hits="1" branch="False" />
                <line number="105" hits="1" branch="False" />
                <line number="107" hits="1" branch="False" />
                <line number="108" hits="1" branch="False" />
              </lines>
            </method>
          </methods>
          <lines>
            <line number="73" hits="1" branch="False" />
            <line number="75" hits="1" branch="False" />
            <line number="76" hits="1" branch="False" />
            <line number="77" hits="1" branch="False" />
            <line number="79" hits="1" branch="False" />
            <line number="80" hits="1" branch="False" />
            <line number="81" hits="1" branch="False" />
            <line number="82" hits="1" branch="False" />
            <line number="83" hits="1" branch="False" />
            <line number="84" hits="1" branch="False" />
            <line number="85" hits="1" branch="False" />
            <line number="87" hits="1" branch="False" />
            <line number="88" hits="1" branch="False" />
            <line number="89" hits="1" branch="False" />
            <line number="90" hits="1" branch="False" />
            <line number="91" hits="1" branch="False" />
            <line number="92" hits="1" branch="False" />
            <line number="93" hits="1" branch="False" />
            <line number="95" hits="1" branch="False" />
            <line number="96" hits="1" branch="False" />
            <line number="97" hits="1" branch="False" />
            <line number="99" hits="1" branch="False" />
            <line number="100" hits="1" branch="False" />
            <line number="103" hits="1" branch="False" />
            <line number="105" hits="1" branch="False" />
            <line number="107" hits="1" branch="False" />
            <line number="108" hits="1" branch="False" />
          </lines>
        </class>
        <class name="AuthenticationTests.Service.AuthenticationServiceTests/&lt;AuthorizeSubject_ValidInputs_ReturnsAuthResponse&gt;d__8" filename="source\repos\Phoenix2\PhoenixApi\AuthenticationTests\Service\AuthenticationServiceTests.AuthorizeSubject.cs" line-rate="1" branch-rate="1" complexity="1">
          <methods>
            <method name="MoveNext" signature="()" line-rate="1" branch-rate="1" complexity="1">
              <lines>
                <line number="21" hits="1" branch="False" />
                <line number="23" hits="1" branch="False" />
                <line number="24" hits="1" branch="False" />
                <line number="25" hits="1" branch="False" />
                <line number="27" hits="1" branch="False" />
                <line number="29" hits="1" branch="False" />
                <line number="30" hits="1" branch="False" />
                <line number="31" hits="1" branch="False" />
                <line number="32" hits="1" branch="False" />
                <line number="33" hits="1" branch="False" />
                <line number="34" hits="1" branch="False" />
                <line number="35" hits="1" branch="False" />
                <line number="37" hits="1" branch="False" />
                <line number="40" hits="1" branch="False" />
                <line number="41" hits="1" branch="False" />
                <line number="42" hits="1" branch="False" />
                <line number="43" hits="1" branch="False" />
                <line number="44" hits="1" branch="False" />
                <line number="45" hits="1" branch="False" />
                <line number="46" hits="1" branch="False" />
                <line number="48" hits="1" branch="False" />
                <line number="49" hits="1" branch="False" />
                <line number="50" hits="1" branch="False" />
                <line number="52" hits="1" branch="False" />
                <line number="53" hits="1" branch="False" />
                <line number="56" hits="1" branch="False" />
                <line number="61" hits="1" branch="False" />
                <line number="64" hits="1" branch="False" />
                <line number="67" hits="1" branch="False" />
                <line number="68" hits="1" branch="False" />
                <line number="69" hits="1" branch="False" />
              </lines>
            </method>
          </methods>
          <lines>
            <line number="21" hits="1" branch="False" />
            <line number="23" hits="1" branch="False" />
            <line number="24" hits="1" branch="False" />
            <line number="25" hits="1" branch="False" />
            <line number="27" hits="1" branch="False" />
            <line number="29" hits="1" branch="False" />
            <line number="30" hits="1" branch="False" />
            <line number="31" hits="1" branch="False" />
            <line number="32" hits="1" branch="False" />
            <line number="33" hits="1" branch="False" />
            <line number="34" hits="1" branch="False" />
            <line number="35" hits="1" branch="False" />
            <line number="37" hits="1" branch="False" />
            <line number="40" hits="1" branch="False" />
            <line number="41" hits="1" branch="False" />
            <line number="42" hits="1" branch="False" />
            <line number="43" hits="1" branch="False" />
            <line number="44" hits="1" branch="False" />
            <line number="45" hits="1" branch="False" />
            <line number="46" hits="1" branch="False" />
            <line number="48" hits="1" branch="False" />
            <line number="49" hits="1" branch="False" />
            <line number="50" hits="1" branch="False" />
            <line number="52" hits="1" branch="False" />
            <line number="53" hits="1" branch="False" />
            <line number="56" hits="1" branch="False" />
            <line number="61" hits="1" branch="False" />
            <line number="64" hits="1" branch="False" />
            <line number="67" hits="1" branch="False" />
            <line number="68" hits="1" branch="False" />
            <line number="69" hits="1" branch="False" />
          </lines>
        </class>
        <class name="AuthenticationTests.Service.AuthenticationServiceTests/&lt;&gt;c__DisplayClass12_0" filename="source\repos\Phoenix2\PhoenixApi\AuthenticationTests\Service\AuthenticationServiceTests.BuildUserAuthResponse.cs" line-rate="1" branch-rate="1" complexity="1">
          <methods>
            <method name="&lt;BuildUserAuthResponse_HubNotFound_ThrowsInvalidOperationException&gt;b__2" signature="()" line-rate="1" branch-rate="1" complexity="1">
              <lines>
                <line number="78" hits="1" branch="False" />
              </lines>
            </method>
          </methods>
          <lines>
            <line number="78" hits="1" branch="False" />
          </lines>
        </class>
        <class name="AuthenticationTests.Service.AuthenticationServiceTests/&lt;&gt;c__DisplayClass13_0" filename="source\repos\Phoenix2\PhoenixApi\AuthenticationTests\Service\AuthenticationServiceTests.BuildUserAuthResponse.cs" line-rate="1" branch-rate="1" complexity="1">
          <methods>
            <method name="&lt;BuildUserAuthResponse_InvalidClaims_ThrowsInvalidOperationException&gt;b__1" signature="()" line-rate="1" branch-rate="1" complexity="1">
              <lines>
                <line number="94" hits="1" branch="False" />
              </lines>
            </method>
          </methods>
          <lines>
            <line number="94" hits="1" branch="False" />
          </lines>
        </class>
        <class name="AuthenticationTests.Service.AuthenticationServiceTests/&lt;&gt;c__DisplayClass14_0" filename="source\repos\Phoenix2\PhoenixApi\AuthenticationTests\Service\AuthenticationServiceTests.BuildUserAuthResponse.cs" line-rate="1" branch-rate="1" complexity="1">
          <methods>
            <method name="&lt;BuildUserAuthResponse_SaveUserFails_ThrowsInvalidOperationException&gt;b__3" signature="()" line-rate="1" branch-rate="1" complexity="1">
              <lines>
                <line number="122" hits="1" branch="False" />
              </lines>
            </method>
          </methods>
          <lines>
            <line number="122" hits="1" branch="False" />
          </lines>
        </class>
        <class name="AuthenticationTests.Service.AuthenticationServiceTests/&lt;BuildUserAuthResponse_HubNotFound_ThrowsInvalidOperationException&gt;d__12" filename="source\repos\Phoenix2\PhoenixApi\AuthenticationTests\Service\AuthenticationServiceTests.BuildUserAuthResponse.cs" line-rate="1" branch-rate="1" complexity="1">
          <methods>
            <method name="MoveNext" signature="()" line-rate="1" branch-rate="1" complexity="1">
              <lines>
                <line number="61" hits="1" branch="False" />
                <line number="63" hits="1" branch="False" />
                <line number="64" hits="1" branch="False" />
                <line number="65" hits="1" branch="False" />
                <line number="66" hits="1" branch="False" />
                <line number="68" hits="1" branch="False" />
                <line number="70" hits="1" branch="False" />
                <line number="71" hits="1" branch="False" />
                <line number="73" hits="1" branch="False" />
                <line number="74" hits="1" branch="False" />
                <line number="77" hits="1" branch="False" />
                <line number="79" hits="1" branch="False" />
                <line number="81" hits="1" branch="False" />
                <line number="82" hits="1" branch="False" />
              </lines>
            </method>
          </methods>
          <lines>
            <line number="61" hits="1" branch="False" />
            <line number="63" hits="1" branch="False" />
            <line number="64" hits="1" branch="False" />
            <line number="65" hits="1" branch="False" />
            <line number="66" hits="1" branch="False" />
            <line number="68" hits="1" branch="False" />
            <line number="70" hits="1" branch="False" />
            <line number="71" hits="1" branch="False" />
            <line number="73" hits="1" branch="False" />
            <line number="74" hits="1" branch="False" />
            <line number="77" hits="1" branch="False" />
            <line number="79" hits="1" branch="False" />
            <line number="81" hits="1" branch="False" />
            <line number="82" hits="1" branch="False" />
          </lines>
        </class>
        <class name="AuthenticationTests.Service.AuthenticationServiceTests/&lt;BuildUserAuthResponse_InvalidClaims_ThrowsInvalidOperationException&gt;d__13" filename="source\repos\Phoenix2\PhoenixApi\AuthenticationTests\Service\AuthenticationServiceTests.BuildUserAuthResponse.cs" line-rate="1" branch-rate="1" complexity="1">
          <methods>
            <method name="MoveNext" signature="()" line-rate="1" branch-rate="1" complexity="1">
              <lines>
                <line number="85" hits="1" branch="False" />
                <line number="87" hits="1" branch="False" />
                <line number="89" hits="1" branch="False" />
                <line number="90" hits="1" branch="False" />
                <line number="93" hits="1" branch="False" />
                <line number="95" hits="1" branch="False" />
                <line number="97" hits="1" branch="False" />
                <line number="98" hits="1" branch="False" />
              </lines>
            </method>
          </methods>
          <lines>
            <line number="85" hits="1" branch="False" />
            <line number="87" hits="1" branch="False" />
            <line number="89" hits="1" branch="False" />
            <line number="90" hits="1" branch="False" />
            <line number="93" hits="1" branch="False" />
            <line number="95" hits="1" branch="False" />
            <line number="97" hits="1" branch="False" />
            <line number="98" hits="1" branch="False" />
          </lines>
        </class>
        <class name="AuthenticationTests.Service.AuthenticationServiceTests/&lt;BuildUserAuthResponse_SaveUserFails_ThrowsInvalidOperationException&gt;d__14" filename="source\repos\Phoenix2\PhoenixApi\AuthenticationTests\Service\AuthenticationServiceTests.BuildUserAuthResponse.cs" line-rate="1" branch-rate="1" complexity="1">
          <methods>
            <method name="MoveNext" signature="()" line-rate="1" branch-rate="1" complexity="1">
              <lines>
                <line number="101" hits="1" branch="False" />
                <line number="103" hits="1" branch="False" />
                <line number="104" hits="1" branch="False" />
                <line number="105" hits="1" branch="False" />
                <line number="106" hits="1" branch="False" />
                <line number="108" hits="1" branch="False" />
                <line number="109" hits="1" branch="False" />
                <line number="111" hits="1" branch="False" />
                <line number="112" hits="1" branch="False" />
                <line number="114" hits="1" branch="False" />
                <line number="115" hits="1" branch="False" />
                <line number="117" hits="1" branch="False" />
                <line number="118" hits="1" branch="False" />
                <line number="121" hits="1" branch="False" />
                <line number="123" hits="1" branch="False" />
                <line number="125" hits="1" branch="False" />
                <line number="126" hits="1" branch="False" />
              </lines>
            </method>
          </methods>
          <lines>
            <line number="101" hits="1" branch="False" />
            <line number="103" hits="1" branch="False" />
            <line number="104" hits="1" branch="False" />
            <line number="105" hits="1" branch="False" />
            <line number="106" hits="1" branch="False" />
            <line number="108" hits="1" branch="False" />
            <line number="109" hits="1" branch="False" />
            <line number="111" hits="1" branch="False" />
            <line number="112" hits="1" branch="False" />
            <line number="114" hits="1" branch="False" />
            <line number="115" hits="1" branch="False" />
            <line number="117" hits="1" branch="False" />
            <line number="118" hits="1" branch="False" />
            <line number="121" hits="1" branch="False" />
            <line number="123" hits="1" branch="False" />
            <line number="125" hits="1" branch="False" />
            <line number="126" hits="1" branch="False" />
          </lines>
        </class>
        <class name="AuthenticationTests.Service.AuthenticationServiceTests/&lt;BuildUserAuthResponse_ValidClaims_ReturnsAuthResponse&gt;d__11" filename="source\repos\Phoenix2\PhoenixApi\AuthenticationTests\Service\AuthenticationServiceTests.BuildUserAuthResponse.cs" line-rate="1" branch-rate="1" complexity="1">
          <methods>
            <method name="MoveNext" signature="()" line-rate="1" branch-rate="1" complexity="1">
              <lines>
                <line number="16" hits="1" branch="False" />
                <line number="18" hits="1" branch="False" />
                <line number="19" hits="1" branch="False" />
                <line number="20" hits="1" branch="False" />
                <line number="21" hits="1" branch="False" />
                <line number="23" hits="1" branch="False" />
                <line number="24" hits="1" branch="False" />
                <line number="25" hits="1" branch="False" />
                <line number="26" hits="1" branch="False" />
                <line number="28" hits="1" branch="False" />
                <line number="29" hits="1" branch="False" />
                <line number="31" hits="1" branch="False" />
                <line number="32" hits="1" branch="False" />
                <line number="34" hits="1" branch="False" />
                <line number="35" hits="1" branch="False" />
                <line number="37" hits="1" branch="False" />
                <line number="38" hits="1" branch="False" />
                <line number="40" hits="1" branch="False" />
                <line number="41" hits="1" branch="False" />
                <line number="42" hits="1" branch="False" />
                <line number="47" hits="1" branch="False" />
                <line number="50" hits="1" branch="False" />
                <line number="53" hits="1" branch="False" />
                <line number="54" hits="1" branch="False" />
                <line number="55" hits="1" branch="False" />
                <line number="56" hits="1" branch="False" />
              </lines>
            </method>
          </methods>
          <lines>
            <line number="16" hits="1" branch="False" />
            <line number="18" hits="1" branch="False" />
            <line number="19" hits="1" branch="False" />
            <line number="20" hits="1" branch="False" />
            <line number="21" hits="1" branch="False" />
            <line number="23" hits="1" branch="False" />
            <line number="24" hits="1" branch="False" />
            <line number="25" hits="1" branch="False" />
            <line number="26" hits="1" branch="False" />
            <line number="28" hits="1" branch="False" />
            <line number="29" hits="1" branch="False" />
            <line number="31" hits="1" branch="False" />
            <line number="32" hits="1" branch="False" />
            <line number="34" hits="1" branch="False" />
            <line number="35" hits="1" branch="False" />
            <line number="37" hits="1" branch="False" />
            <line number="38" hits="1" branch="False" />
            <line number="40" hits="1" branch="False" />
            <line number="41" hits="1" branch="False" />
            <line number="42" hits="1" branch="False" />
            <line number="47" hits="1" branch="False" />
            <line number="50" hits="1" branch="False" />
            <line number="53" hits="1" branch="False" />
            <line number="54" hits="1" branch="False" />
            <line number="55" hits="1" branch="False" />
            <line number="56" hits="1" branch="False" />
          </lines>
        </class>
        <class name="AuthenticationTests.Service.AuthenticationServiceTests/&lt;&gt;c__DisplayClass15_0" filename="source\repos\Phoenix2\PhoenixApi\AuthenticationTests\Service\AuthenticationServiceTests.CheckUserInHub.cs" line-rate="1" branch-rate="1" complexity="1">
          <methods>
            <method name="&lt;CheckUserInHub_ValidUserAndHub_VerifiesSuccessfully&gt;b__3" signature="()" line-rate="1" branch-rate="1" complexity="1">
              <lines>
                <line number="43" hits="2" branch="False" />
              </lines>
            </method>
          </methods>
          <lines>
            <line number="43" hits="2" branch="False" />
          </lines>
        </class>
        <class name="AuthenticationTests.Service.AuthenticationServiceTests/&lt;&gt;c__DisplayClass16_0" filename="source\repos\Phoenix2\PhoenixApi\AuthenticationTests\Service\AuthenticationServiceTests.CheckUserInHub.cs" line-rate="1" branch-rate="1" complexity="1">
          <methods>
            <method name="&lt;CheckUserInHub_UserNotInHub_ThrowsUnauthorizedAccessException&gt;b__3" signature="()" line-rate="1" branch-rate="1" complexity="1">
              <lines>
                <line number="79" hits="1" branch="False" />
              </lines>
            </method>
          </methods>
          <lines>
            <line number="79" hits="1" branch="False" />
          </lines>
        </class>
        <class name="AuthenticationTests.Service.AuthenticationServiceTests/&lt;CheckUserInHub_UserNotInHub_ThrowsUnauthorizedAccessException&gt;d__16" filename="source\repos\Phoenix2\PhoenixApi\AuthenticationTests\Service\AuthenticationServiceTests.CheckUserInHub.cs" line-rate="1" branch-rate="1" complexity="1">
          <methods>
            <method name="MoveNext" signature="()" line-rate="1" branch-rate="1" complexity="1">
              <lines>
                <line number="53" hits="1" branch="False" />
                <line number="55" hits="1" branch="False" />
                <line number="56" hits="1" branch="False" />
                <line number="57" hits="1" branch="False" />
                <line number="58" hits="1" branch="False" />
                <line number="60" hits="1" branch="False" />
                <line number="61" hits="1" branch="False" />
                <line number="62" hits="1" branch="False" />
                <line number="63" hits="1" branch="False" />
                <line number="64" hits="1" branch="False" />
                <line number="65" hits="1" branch="False" />
                <line number="66" hits="1" branch="False" />
                <line number="68" hits="1" branch="False" />
                <line number="69" hits="1" branch="False" />
                <line number="71" hits="1" branch="False" />
                <line number="72" hits="1" branch="False" />
                <line number="74" hits="1" branch="False" />
                <line number="75" hits="1" branch="False" />
                <line number="78" hits="1" branch="False" />
                <line number="80" hits="1" branch="False" />
                <line number="82" hits="1" branch="False" />
                <line number="83" hits="1" branch="False" />
              </lines>
            </method>
          </methods>
          <lines>
            <line number="53" hits="1" branch="False" />
            <line number="55" hits="1" branch="False" />
            <line number="56" hits="1" branch="False" />
            <line number="57" hits="1" branch="False" />
            <line number="58" hits="1" branch="False" />
            <line number="60" hits="1" branch="False" />
            <line number="61" hits="1" branch="False" />
            <line number="62" hits="1" branch="False" />
            <line number="63" hits="1" branch="False" />
            <line number="64" hits="1" branch="False" />
            <line number="65" hits="1" branch="False" />
            <line number="66" hits="1" branch="False" />
            <line number="68" hits="1" branch="False" />
            <line number="69" hits="1" branch="False" />
            <line number="71" hits="1" branch="False" />
            <line number="72" hits="1" branch="False" />
            <line number="74" hits="1" branch="False" />
            <line number="75" hits="1" branch="False" />
            <line number="78" hits="1" branch="False" />
            <line number="80" hits="1" branch="False" />
            <line number="82" hits="1" branch="False" />
            <line number="83" hits="1" branch="False" />
          </lines>
        </class>
        <class name="AuthenticationTests.Service.AuthenticationServiceTests/&lt;CheckUserInHub_ValidUserAndHub_VerifiesSuccessfully&gt;d__15" filename="source\repos\Phoenix2\PhoenixApi\AuthenticationTests\Service\AuthenticationServiceTests.CheckUserInHub.cs" line-rate="1" branch-rate="1" complexity="1">
          <methods>
            <method name="MoveNext" signature="()" line-rate="1" branch-rate="1" complexity="1">
              <lines>
                <line number="16" hits="1" branch="False" />
                <line number="18" hits="1" branch="False" />
                <line number="19" hits="1" branch="False" />
                <line number="20" hits="1" branch="False" />
                <line number="21" hits="1" branch="False" />
                <line number="23" hits="1" branch="False" />
                <line number="24" hits="1" branch="False" />
                <line number="26" hits="1" branch="False" />
                <line number="27" hits="1" branch="False" />
                <line number="28" hits="1" branch="False" />
                <line number="29" hits="1" branch="False" />
                <line number="30" hits="1" branch="False" />
                <line number="31" hits="1" branch="False" />
                <line number="33" hits="1" branch="False" />
                <line number="34" hits="1" branch="False" />
                <line number="36" hits="1" branch="False" />
                <line number="37" hits="1" branch="False" />
                <line number="39" hits="1" branch="False" />
                <line number="40" hits="1" branch="False" />
                <line number="46" hits="1" branch="False" />
                <line number="47" hits="1" branch="False" />
              </lines>
            </method>
          </methods>
          <lines>
            <line number="16" hits="1" branch="False" />
            <line number="18" hits="1" branch="False" />
            <line number="19" hits="1" branch="False" />
            <line number="20" hits="1" branch="False" />
            <line number="21" hits="1" branch="False" />
            <line number="23" hits="1" branch="False" />
            <line number="24" hits="1" branch="False" />
            <line number="26" hits="1" branch="False" />
            <line number="27" hits="1" branch="False" />
            <line number="28" hits="1" branch="False" />
            <line number="29" hits="1" branch="False" />
            <line number="30" hits="1" branch="False" />
            <line number="31" hits="1" branch="False" />
            <line number="33" hits="1" branch="False" />
            <line number="34" hits="1" branch="False" />
            <line number="36" hits="1" branch="False" />
            <line number="37" hits="1" branch="False" />
            <line number="39" hits="1" branch="False" />
            <line number="40" hits="1" branch="False" />
            <line number="46" hits="1" branch="False" />
            <line number="47" hits="1" branch="False" />
          </lines>
        </class>
        <class name="AuthenticationTests.Service.AuthenticationServiceTests/&lt;&gt;c__DisplayClass19_0" filename="source\repos\Phoenix2\PhoenixApi\AuthenticationTests\Service\AuthenticationServiceTests.GetHubByClientId.cs" line-rate="1" branch-rate="1" complexity="1">
          <methods>
            <method name="&lt;GetHubByClientId_InvalidClientId_ThrowsKeyNotFoundException&gt;b__1" signature="()" line-rate="1" branch-rate="1" complexity="1">
              <lines>
                <line number="41" hits="2" branch="False" />
              </lines>
            </method>
          </methods>
          <lines>
            <line number="41" hits="2" branch="False" />
          </lines>
        </class>
        <class name="AuthenticationTests.Service.AuthenticationServiceTests/&lt;&gt;c__DisplayClass20_0" filename="source\repos\Phoenix2\PhoenixApi\AuthenticationTests\Service\AuthenticationServiceTests.GetHubByClientId.cs" line-rate="1" branch-rate="1" complexity="1">
          <methods>
            <method name="&lt;GetHubByClientId_RepositoryThrowsException_ThrowsException&gt;b__1" signature="()" line-rate="1" branch-rate="1" complexity="1">
              <lines>
                <line number="50" hits="2" branch="False" />
              </lines>
            </method>
          </methods>
          <lines>
            <line number="50" hits="2" branch="False" />
          </lines>
        </class>
        <class name="AuthenticationTests.Service.AuthenticationServiceTests/&lt;GetHubByClientId_InvalidClientId_ThrowsKeyNotFoundException&gt;d__19" filename="source\repos\Phoenix2\PhoenixApi\AuthenticationTests\Service\AuthenticationServiceTests.GetHubByClientId.cs" line-rate="1" branch-rate="1" complexity="1">
          <methods>
            <method name="MoveNext" signature="()" line-rate="1" branch-rate="1" complexity="1">
              <lines>
                <line number="37" hits="1" branch="False" />
                <line number="38" hits="1" branch="False" />
                <line number="39" hits="1" branch="False" />
                <line number="42" hits="1" branch="False" />
                <line number="43" hits="1" branch="False" />
              </lines>
            </method>
          </methods>
          <lines>
            <line number="37" hits="1" branch="False" />
            <line number="38" hits="1" branch="False" />
            <line number="39" hits="1" branch="False" />
            <line number="42" hits="1" branch="False" />
            <line number="43" hits="1" branch="False" />
          </lines>
        </class>
        <class name="AuthenticationTests.Service.AuthenticationServiceTests/&lt;GetHubByClientId_RepositoryThrowsException_ThrowsException&gt;d__20" filename="source\repos\Phoenix2\PhoenixApi\AuthenticationTests\Service\AuthenticationServiceTests.GetHubByClientId.cs" line-rate="1" branch-rate="1" complexity="1">
          <methods>
            <method name="MoveNext" signature="()" line-rate="1" branch-rate="1" complexity="1">
              <lines>
                <line number="46" hits="1" branch="False" />
                <line number="47" hits="1" branch="False" />
                <line number="48" hits="1" branch="False" />
                <line number="51" hits="1" branch="False" />
                <line number="52" hits="1" branch="False" />
              </lines>
            </method>
          </methods>
          <lines>
            <line number="46" hits="1" branch="False" />
            <line number="47" hits="1" branch="False" />
            <line number="48" hits="1" branch="False" />
            <line number="51" hits="1" branch="False" />
            <line number="52" hits="1" branch="False" />
          </lines>
        </class>
        <class name="AuthenticationTests.Service.AuthenticationServiceTests/&lt;GetHubByClientId_ValidClientId_ReturnsHub&gt;d__18" filename="source\repos\Phoenix2\PhoenixApi\AuthenticationTests\Service\AuthenticationServiceTests.GetHubByClientId.cs" line-rate="1" branch-rate="1" complexity="1">
          <methods>
            <method name="MoveNext" signature="()" line-rate="1" branch-rate="1" complexity="1">
              <lines>
                <line number="15" hits="1" branch="False" />
                <line number="16" hits="1" branch="False" />
                <line number="17" hits="1" branch="False" />
                <line number="18" hits="1" branch="False" />
                <line number="19" hits="1" branch="False" />
                <line number="20" hits="1" branch="False" />
                <line number="21" hits="1" branch="False" />
                <line number="22" hits="1" branch="False" />
                <line number="24" hits="1" branch="False" />
                <line number="26" hits="1" branch="False" />
                <line number="28" hits="1" branch="False" />
                <line number="29" hits="1" branch="False" />
                <line number="30" hits="1" branch="False" />
                <line number="31" hits="1" branch="False" />
                <line number="33" hits="1" branch="False" />
                <line number="34" hits="1" branch="False" />
              </lines>
            </method>
          </methods>
          <lines>
            <line number="15" hits="1" branch="False" />
            <line number="16" hits="1" branch="False" />
            <line number="17" hits="1" branch="False" />
            <line number="18" hits="1" branch="False" />
            <line number="19" hits="1" branch="False" />
            <line number="20" hits="1" branch="False" />
            <line number="21" hits="1" branch="False" />
            <line number="22" hits="1" branch="False" />
            <line number="24" hits="1" branch="False" />
            <line number="26" hits="1" branch="False" />
            <line number="28" hits="1" branch="False" />
            <line number="29" hits="1" branch="False" />
            <line number="30" hits="1" branch="False" />
            <line number="31" hits="1" branch="False" />
            <line number="33" hits="1" branch="False" />
            <line number="34" hits="1" branch="False" />
          </lines>
        </class>
        <class name="AuthenticationTests.Service.AuthenticationServiceTests/&lt;&gt;c__DisplayClass22_0" filename="source\repos\Phoenix2\PhoenixApi\AuthenticationTests\Service\AuthenticationServiceTests.UpdateHubWithCredentials.cs" line-rate="1" branch-rate="1" complexity="1">
          <methods>
            <method name="&lt;UpdateHubWithCredentials_ClientInfoExists_ThrowsDuplicateClientInfoException&gt;b__3" signature="()" line-rate="1" branch-rate="1" complexity="1">
              <lines>
                <line number="65" hits="1" branch="False" />
              </lines>
            </method>
          </methods>
          <lines>
            <line number="65" hits="1" branch="False" />
          </lines>
        </class>
        <class name="AuthenticationTests.Service.AuthenticationServiceTests/&lt;&gt;c__DisplayClass23_0" filename="source\repos\Phoenix2\PhoenixApi\AuthenticationTests\Service\AuthenticationServiceTests.UpdateHubWithCredentials.cs" line-rate="1" branch-rate="1" complexity="1">
          <methods>
            <method name="&lt;UpdateHubWithCredentials_HubNotFound_ThrowsKeyNotFoundException&gt;b__3" signature="()" line-rate="1" branch-rate="1" complexity="1">
              <lines>
                <line number="86" hits="1" branch="False" />
              </lines>
            </method>
          </methods>
          <lines>
            <line number="86" hits="1" branch="False" />
          </lines>
        </class>
        <class name="AuthenticationTests.Service.AuthenticationServiceTests/&lt;&gt;c__DisplayClass24_0" filename="source\repos\Phoenix2\PhoenixApi\AuthenticationTests\Service\AuthenticationServiceTests.UpdateHubWithCredentials.cs" line-rate="1" branch-rate="1" complexity="1">
          <methods>
            <method name="&lt;UpdateHubWithCredentials_RepositoryThrowsException_ThrowsException&gt;b__3" signature="()" line-rate="1" branch-rate="1" complexity="1">
              <lines>
                <line number="117" hits="1" branch="False" />
              </lines>
            </method>
          </methods>
          <lines>
            <line number="117" hits="1" branch="False" />
          </lines>
        </class>
        <class name="AuthenticationTests.Service.AuthenticationServiceTests/&lt;UpdateHubWithCredentials_ClientInfoExists_ThrowsDuplicateClientInfoException&gt;d__22" filename="source\repos\Phoenix2\PhoenixApi\AuthenticationTests\Service\AuthenticationServiceTests.UpdateHubWithCredentials.cs" line-rate="1" branch-rate="0.75" complexity="4">
          <methods>
            <method name="MoveNext" signature="()" line-rate="1" branch-rate="0.75" complexity="4">
              <lines>
                <line number="47" hits="1" branch="False" />
                <line number="49" hits="1" branch="False" />
                <line number="50" hits="1" branch="False" />
                <line number="51" hits="1" branch="False" />
                <line number="53" hits="1" branch="False" />
                <line number="54" hits="1" branch="False" />
                <line number="55" hits="1" branch="False" />
                <line number="56" hits="1" branch="False" />
                <line number="57" hits="1" branch="False" />
                <line number="58" hits="1" branch="False" />
                <line number="60" hits="1" branch="False" />
                <line number="61" hits="1" branch="False" />
                <line number="64" hits="1" branch="False" />
                <line number="66" hits="1" branch="False" />
                <line number="68" hits="1" branch="False" />
                <line number="69" hits="1" branch="True" condition-coverage="100% (2/2)">
                  <conditions>
                    <condition number="632" type="jump" coverage="100%" />
                  </conditions>
                </line>
                <line number="70" hits="1" branch="True" condition-coverage="50% (1/2)">
                  <conditions>
                    <condition number="738" type="jump" coverage="50%" />
                  </conditions>
                </line>
                <line number="71" hits="1" branch="False" />
              </lines>
            </method>
          </methods>
          <lines>
            <line number="47" hits="1" branch="False" />
            <line number="49" hits="1" branch="False" />
            <line number="50" hits="1" branch="False" />
            <line number="51" hits="1" branch="False" />
            <line number="53" hits="1" branch="False" />
            <line number="54" hits="1" branch="False" />
            <line number="55" hits="1" branch="False" />
            <line number="56" hits="1" branch="False" />
            <line number="57" hits="1" branch="False" />
            <line number="58" hits="1" branch="False" />
            <line number="60" hits="1" branch="False" />
            <line number="61" hits="1" branch="False" />
            <line number="64" hits="1" branch="False" />
            <line number="66" hits="1" branch="False" />
            <line number="68" hits="1" branch="False" />
            <line number="69" hits="1" branch="True" condition-coverage="100% (2/2)">
              <conditions>
                <condition number="632" type="jump" coverage="100%" />
              </conditions>
            </line>
            <line number="70" hits="1" branch="True" condition-coverage="50% (1/2)">
              <conditions>
                <condition number="738" type="jump" coverage="50%" />
              </conditions>
            </line>
            <line number="71" hits="1" branch="False" />
          </lines>
        </class>
        <class name="AuthenticationTests.Service.AuthenticationServiceTests/&lt;UpdateHubWithCredentials_HubNotFound_ThrowsKeyNotFoundException&gt;d__23" filename="source\repos\Phoenix2\PhoenixApi\AuthenticationTests\Service\AuthenticationServiceTests.UpdateHubWithCredentials.cs" line-rate="1" branch-rate="0.5" complexity="4">
          <methods>
            <method name="MoveNext" signature="()" line-rate="1" branch-rate="0.5" complexity="4">
              <lines>
                <line number="75" hits="1" branch="False" />
                <line number="77" hits="1" branch="False" />
                <line number="78" hits="1" branch="False" />
                <line number="79" hits="1" branch="False" />
                <line number="81" hits="1" branch="False" />
                <line number="82" hits="1" branch="False" />
                <line number="85" hits="1" branch="False" />
                <line number="87" hits="1" branch="False" />
                <line number="89" hits="1" branch="False" />
                <line number="90" hits="1" branch="True" condition-coverage="50% (1/2)">
                  <conditions>
                    <condition number="569" type="jump" coverage="50%" />
                  </conditions>
                </line>
                <line number="91" hits="1" branch="True" condition-coverage="50% (1/2)">
                  <conditions>
                    <condition number="675" type="jump" coverage="50%" />
                  </conditions>
                </line>
                <line number="92" hits="1" branch="False" />
              </lines>
            </method>
          </methods>
          <lines>
            <line number="75" hits="1" branch="False" />
            <line number="77" hits="1" branch="False" />
            <line number="78" hits="1" branch="False" />
            <line number="79" hits="1" branch="False" />
            <line number="81" hits="1" branch="False" />
            <line number="82" hits="1" branch="False" />
            <line number="85" hits="1" branch="False" />
            <line number="87" hits="1" branch="False" />
            <line number="89" hits="1" branch="False" />
            <line number="90" hits="1" branch="True" condition-coverage="50% (1/2)">
              <conditions>
                <condition number="569" type="jump" coverage="50%" />
              </conditions>
            </line>
            <line number="91" hits="1" branch="True" condition-coverage="50% (1/2)">
              <conditions>
                <condition number="675" type="jump" coverage="50%" />
              </conditions>
            </line>
            <line number="92" hits="1" branch="False" />
          </lines>
        </class>
        <class name="AuthenticationTests.Service.AuthenticationServiceTests/&lt;UpdateHubWithCredentials_RepositoryThrowsException_ThrowsException&gt;d__24" filename="source\repos\Phoenix2\PhoenixApi\AuthenticationTests\Service\AuthenticationServiceTests.UpdateHubWithCredentials.cs" line-rate="1" branch-rate="0.5" complexity="2">
          <methods>
            <method name="MoveNext" signature="()" line-rate="1" branch-rate="0.5" complexity="2">
              <lines>
                <line number="96" hits="1" branch="False" />
                <line number="98" hits="1" branch="False" />
                <line number="99" hits="1" branch="False" />
                <line number="100" hits="1" branch="False" />
                <line number="102" hits="1" branch="False" />
                <line number="103" hits="1" branch="False" />
                <line number="104" hits="1" branch="False" />
                <line number="105" hits="1" branch="False" />
                <line number="106" hits="1" branch="False" />
                <line number="107" hits="1" branch="False" />
                <line number="109" hits="1" branch="False" />
                <line number="110" hits="1" branch="False" />
                <line number="112" hits="1" branch="False" />
                <line number="113" hits="1" branch="False" />
                <line number="116" hits="1" branch="False" />
                <line number="118" hits="1" branch="False" />
                <line number="120" hits="1" branch="False" />
                <line number="121" hits="1" branch="True" condition-coverage="50% (1/2)">
                  <conditions>
                    <condition number="765" type="jump" coverage="50%" />
                  </conditions>
                </line>
                <line number="122" hits="1" branch="False" />
              </lines>
            </method>
          </methods>
          <lines>
            <line number="96" hits="1" branch="False" />
            <line number="98" hits="1" branch="False" />
            <line number="99" hits="1" branch="False" />
            <line number="100" hits="1" branch="False" />
            <line number="102" hits="1" branch="False" />
            <line number="103" hits="1" branch="False" />
            <line number="104" hits="1" branch="False" />
            <line number="105" hits="1" branch="False" />
            <line number="106" hits="1" branch="False" />
            <line number="107" hits="1" branch="False" />
            <line number="109" hits="1" branch="False" />
            <line number="110" hits="1" branch="False" />
            <line number="112" hits="1" branch="False" />
            <line number="113" hits="1" branch="False" />
            <line number="116" hits="1" branch="False" />
            <line number="118" hits="1" branch="False" />
            <line number="120" hits="1" branch="False" />
            <line number="121" hits="1" branch="True" condition-coverage="50% (1/2)">
              <conditions>
                <condition number="765" type="jump" coverage="50%" />
              </conditions>
            </line>
            <line number="122" hits="1" branch="False" />
          </lines>
        </class>
        <class name="AuthenticationTests.Service.AuthenticationServiceTests/&lt;UpdateHubWithCredentials_ValidCredentials_UpdatesHubSuccessfully&gt;d__21" filename="source\repos\Phoenix2\PhoenixApi\AuthenticationTests\Service\AuthenticationServiceTests.UpdateHubWithCredentials.cs" line-rate="1" branch-rate="0.75" complexity="4">
          <methods>
            <method name="MoveNext" signature="()" line-rate="1" branch-rate="0.75" complexity="4">
              <lines>
                <line number="16" hits="1" branch="False" />
                <line number="18" hits="1" branch="False" />
                <line number="19" hits="1" branch="False" />
                <line number="20" hits="1" branch="False" />
                <line number="22" hits="1" branch="False" />
                <line number="23" hits="1" branch="False" />
                <line number="24" hits="1" branch="False" />
                <line number="25" hits="1" branch="False" />
                <line number="26" hits="1" branch="False" />
                <line number="27" hits="1" branch="False" />
                <line number="29" hits="1" branch="False" />
                <line number="30" hits="1" branch="False" />
                <line number="32" hits="1" branch="False" />
                <line number="33" hits="1" branch="False" />
                <line number="36" hits="1" branch="False" />
                <line number="39" hits="1" branch="False" />
                <line number="40" hits="1" branch="False" />
                <line number="41" hits="1" branch="True" condition-coverage="100% (2/2)">
                  <conditions>
                    <condition number="702" type="jump" coverage="100%" />
                  </conditions>
                </line>
                <line number="42" hits="1" branch="True" condition-coverage="50% (1/2)">
                  <conditions>
                    <condition number="808" type="jump" coverage="50%" />
                  </conditions>
                </line>
                <line number="43" hits="1" branch="False" />
              </lines>
            </method>
          </methods>
          <lines>
            <line number="16" hits="1" branch="False" />
            <line number="18" hits="1" branch="False" />
            <line number="19" hits="1" branch="False" />
            <line number="20" hits="1" branch="False" />
            <line number="22" hits="1" branch="False" />
            <line number="23" hits="1" branch="False" />
            <line number="24" hits="1" branch="False" />
            <line number="25" hits="1" branch="False" />
            <line number="26" hits="1" branch="False" />
            <line number="27" hits="1" branch="False" />
            <line number="29" hits="1" branch="False" />
            <line number="30" hits="1" branch="False" />
            <line number="32" hits="1" branch="False" />
            <line number="33" hits="1" branch="False" />
            <line number="36" hits="1" branch="False" />
            <line number="39" hits="1" branch="False" />
            <line number="40" hits="1" branch="False" />
            <line number="41" hits="1" branch="True" condition-coverage="100% (2/2)">
              <conditions>
                <condition number="702" type="jump" coverage="100%" />
              </conditions>
            </line>
            <line number="42" hits="1" branch="True" condition-coverage="50% (1/2)">
              <conditions>
                <condition number="808" type="jump" coverage="50%" />
              </conditions>
            </line>
            <line number="43" hits="1" branch="False" />
          </lines>
        </class>
        <class name="AuthenticationTests.Service.AuthenticationServiceTests/&lt;&gt;c__DisplayClass26_0" filename="source\repos\Phoenix2\PhoenixApi\AuthenticationTests\Service\AuthenticationServiceTests.UpdateUserWithCredentials.cs" line-rate="1" branch-rate="1" complexity="1">
          <methods>
            <method name="&lt;UpdateUserWithCredentials_ClientInfoExists_ThrowsDuplicateClientInfoException&gt;b__4" signature="()" line-rate="1" branch-rate="1" complexity="1">
              <lines>
                <line number="80" hits="2" branch="False" />
              </lines>
            </method>
          </methods>
          <lines>
            <line number="80" hits="2" branch="False" />
          </lines>
        </class>
        <class name="AuthenticationTests.Service.AuthenticationServiceTests/&lt;&gt;c__DisplayClass27_0" filename="source\repos\Phoenix2\PhoenixApi\AuthenticationTests\Service\AuthenticationServiceTests.UpdateUserWithCredentials.cs" line-rate="1" branch-rate="1" complexity="1">
          <methods>
            <method name="&lt;UpdateUserWithCredentials_InvalidInputs_ThrowsArgumentException&gt;b__2" signature="()" line-rate="1" branch-rate="1" complexity="1">
              <lines>
                <line number="100" hits="2" branch="False" />
              </lines>
            </method>
          </methods>
          <lines>
            <line number="100" hits="2" branch="False" />
          </lines>
        </class>
        <class name="AuthenticationTests.Service.AuthenticationServiceTests/&lt;UpdateUserWithCredentials_ClientInfoExists_ThrowsDuplicateClientInfoException&gt;d__26" filename="source\repos\Phoenix2\PhoenixApi\AuthenticationTests\Service\AuthenticationServiceTests.UpdateUserWithCredentials.cs" line-rate="1" branch-rate="0.5" complexity="4">
          <methods>
            <method name="MoveNext" signature="()" line-rate="1" branch-rate="0.5" complexity="4">
              <lines>
                <line number="56" hits="1" branch="False" />
                <line number="58" hits="1" branch="False" />
                <line number="59" hits="1" branch="False" />
                <line number="60" hits="1" branch="False" />
                <line number="61" hits="1" branch="False" />
                <line number="62" hits="1" branch="False" />
                <line number="63" hits="1" branch="False" />
                <line number="65" hits="1" branch="False" />
                <line number="66" hits="1" branch="False" />
                <line number="67" hits="1" branch="False" />
                <line number="68" hits="1" branch="False" />
                <line number="69" hits="1" branch="False" />
                <line number="70" hits="1" branch="False" />
                <line number="71" hits="1" branch="False" />
                <line number="73" hits="1" branch="False" />
                <line number="74" hits="1" branch="False" />
                <line number="76" hits="1" branch="False" />
                <line number="77" hits="1" branch="False" />
                <line number="82" hits="1" branch="False" />
                <line number="83" hits="1" branch="True" condition-coverage="50% (1/2)">
                  <conditions>
                    <condition number="840" type="jump" coverage="50%" />
                  </conditions>
                </line>
                <line number="84" hits="1" branch="True" condition-coverage="50% (1/2)">
                  <conditions>
                    <condition number="946" type="jump" coverage="50%" />
                  </conditions>
                </line>
                <line number="85" hits="1" branch="False" />
              </lines>
            </method>
          </methods>
          <lines>
            <line number="56" hits="1" branch="False" />
            <line number="58" hits="1" branch="False" />
            <line number="59" hits="1" branch="False" />
            <line number="60" hits="1" branch="False" />
            <line number="61" hits="1" branch="False" />
            <line number="62" hits="1" branch="False" />
            <line number="63" hits="1" branch="False" />
            <line number="65" hits="1" branch="False" />
            <line number="66" hits="1" branch="False" />
            <line number="67" hits="1" branch="False" />
            <line number="68" hits="1" branch="False" />
            <line number="69" hits="1" branch="False" />
            <line number="70" hits="1" branch="False" />
            <line number="71" hits="1" branch="False" />
            <line number="73" hits="1" branch="False" />
            <line number="74" hits="1" branch="False" />
            <line number="76" hits="1" branch="False" />
            <line number="77" hits="1" branch="False" />
            <line number="82" hits="1" branch="False" />
            <line number="83" hits="1" branch="True" condition-coverage="50% (1/2)">
              <conditions>
                <condition number="840" type="jump" coverage="50%" />
              </conditions>
            </line>
            <line number="84" hits="1" branch="True" condition-coverage="50% (1/2)">
              <conditions>
                <condition number="946" type="jump" coverage="50%" />
              </conditions>
            </line>
            <line number="85" hits="1" branch="False" />
          </lines>
        </class>
        <class name="AuthenticationTests.Service.AuthenticationServiceTests/&lt;UpdateUserWithCredentials_InvalidInputs_ThrowsArgumentException&gt;d__27" filename="source\repos\Phoenix2\PhoenixApi\AuthenticationTests\Service\AuthenticationServiceTests.UpdateUserWithCredentials.cs" line-rate="1" branch-rate="0.5" complexity="4">
          <methods>
            <method name="MoveNext" signature="()" line-rate="1" branch-rate="0.5" complexity="4">
              <lines>
                <line number="90" hits="1" branch="False" />
                <line number="92" hits="1" branch="False" />
                <line number="93" hits="1" branch="False" />
                <line number="94" hits="1" branch="False" />
                <line number="95" hits="1" branch="False" />
                <line number="96" hits="1" branch="False" />
                <line number="97" hits="1" branch="False" />
                <line number="102" hits="1" branch="False" />
                <line number="103" hits="1" branch="True" condition-coverage="50% (1/2)">
                  <conditions>
                    <condition number="441" type="jump" coverage="50%" />
                  </conditions>
                </line>
                <line number="104" hits="1" branch="True" condition-coverage="50% (1/2)">
                  <conditions>
                    <condition number="550" type="jump" coverage="50%" />
                  </conditions>
                </line>
                <line number="105" hits="1" branch="False" />
              </lines>
            </method>
          </methods>
          <lines>
            <line number="90" hits="1" branch="False" />
            <line number="92" hits="1" branch="False" />
            <line number="93" hits="1" branch="False" />
            <line number="94" hits="1" branch="False" />
            <line number="95" hits="1" branch="False" />
            <line number="96" hits="1" branch="False" />
            <line number="97" hits="1" branch="False" />
            <line number="102" hits="1" branch="False" />
            <line number="103" hits="1" branch="True" condition-coverage="50% (1/2)">
              <conditions>
                <condition number="441" type="jump" coverage="50%" />
              </conditions>
            </line>
            <line number="104" hits="1" branch="True" condition-coverage="50% (1/2)">
              <conditions>
                <condition number="550" type="jump" coverage="50%" />
              </conditions>
            </line>
            <line number="105" hits="1" branch="False" />
          </lines>
        </class>
        <class name="AuthenticationTests.Service.AuthenticationServiceTests/&lt;UpdateUserWithCredentials_ValidCredentials_UpdatesUserSuccessfully&gt;d__25" filename="source\repos\Phoenix2\PhoenixApi\AuthenticationTests\Service\AuthenticationServiceTests.UpdateUserWithCredentials.cs" line-rate="1" branch-rate="0.5" complexity="4">
          <methods>
            <method name="MoveNext" signature="()" line-rate="1" branch-rate="0.5" complexity="4">
              <lines>
                <line number="17" hits="1" branch="False" />
                <line number="19" hits="1" branch="False" />
                <line number="20" hits="1" branch="False" />
                <line number="21" hits="1" branch="False" />
                <line number="22" hits="1" branch="False" />
                <line number="23" hits="1" branch="False" />
                <line number="24" hits="1" branch="False" />
                <line number="26" hits="1" branch="False" />
                <line number="27" hits="1" branch="False" />
                <line number="28" hits="1" branch="False" />
                <line number="29" hits="1" branch="False" />
                <line number="30" hits="1" branch="False" />
                <line number="31" hits="1" branch="False" />
                <line number="32" hits="1" branch="False" />
                <line number="34" hits="1" branch="False" />
                <line number="35" hits="1" branch="False" />
                <line number="37" hits="1" branch="False" />
                <line number="38" hits="1" branch="False" />
                <line number="40" hits="1" branch="False" />
                <line number="41" hits="1" branch="False" />
                <line number="44" hits="1" branch="False" />
                <line number="47" hits="1" branch="False" />
                <line number="48" hits="1" branch="False" />
                <line number="49" hits="1" branch="True" condition-coverage="50% (1/2)">
                  <conditions>
                    <condition number="899" type="jump" coverage="50%" />
                  </conditions>
                </line>
                <line number="50" hits="1" branch="True" condition-coverage="50% (1/2)">
                  <conditions>
                    <condition number="1005" type="jump" coverage="50%" />
                  </conditions>
                </line>
                <line number="51" hits="1" branch="False" />
              </lines>
            </method>
          </methods>
          <lines>
            <line number="17" hits="1" branch="False" />
            <line number="19" hits="1" branch="False" />
            <line number="20" hits="1" branch="False" />
            <line number="21" hits="1" branch="False" />
            <line number="22" hits="1" branch="False" />
            <line number="23" hits="1" branch="False" />
            <line number="24" hits="1" branch="False" />
            <line number="26" hits="1" branch="False" />
            <line number="27" hits="1" branch="False" />
            <line number="28" hits="1" branch="False" />
            <line number="29" hits="1" branch="False" />
            <line number="30" hits="1" branch="False" />
            <line number="31" hits="1" branch="False" />
            <line number="32" hits="1" branch="False" />
            <line number="34" hits="1" branch="False" />
            <line number="35" hits="1" branch="False" />
            <line number="37" hits="1" branch="False" />
            <line number="38" hits="1" branch="False" />
            <line number="40" hits="1" branch="False" />
            <line number="41" hits="1" branch="False" />
            <line number="44" hits="1" branch="False" />
            <line number="47" hits="1" branch="False" />
            <line number="48" hits="1" branch="False" />
            <line number="49" hits="1" branch="True" condition-coverage="50% (1/2)">
              <conditions>
                <condition number="899" type="jump" coverage="50%" />
              </conditions>
            </line>
            <line number="50" hits="1" branch="True" condition-coverage="50% (1/2)">
              <conditions>
                <condition number="1005" type="jump" coverage="50%" />
              </conditions>
            </line>
            <line number="51" hits="1" branch="False" />
          </lines>
        </class>
      </classes>
    </package>
    <package name="PhoenixApi" line-rate="0.24969999999999998" branch-rate="0.2605" complexity="315">
      <classes>
        <class name="Program" filename="source\repos\Phoenix2\PhoenixApi\PhoenixApi\Program.cs" line-rate="0" branch-rate="0" complexity="2">
          <methods>
            <method name="&lt;Main&gt;$" signature="(System.String[])" line-rate="0" branch-rate="0" complexity="2">
              <lines>
                <line number="17" hits="0" branch="False" />
                <line number="19" hits="0" branch="False" />
                <line number="21" hits="0" branch="False" />
                <line number="25" hits="0" branch="False" />
                <line number="26" hits="0" branch="False" />
                <line number="27" hits="0" branch="False" />
                <line number="28" hits="0" branch="False" />
                <line number="29" hits="0" branch="False" />
                <line number="30" hits="0" branch="False" />
                <line number="31" hits="0" branch="False" />
                <line number="32" hits="0" branch="False" />
                <line number="34" hits="0" branch="False" />
                <line number="35" hits="0" branch="False" />
                <line number="38" hits="0" branch="False" />
                <line number="39" hits="0" branch="False" />
                <line number="40" hits="0" branch="False" />
                <line number="41" hits="0" branch="False" />
                <line number="42" hits="0" branch="False" />
                <line number="43" hits="0" branch="False" />
                <line number="45" hits="0" branch="False" />
                <line number="46" hits="0" branch="False" />
                <line number="47" hits="0" branch="False" />
                <line number="48" hits="0" branch="False" />
                <line number="49" hits="0" branch="False" />
                <line number="50" hits="0" branch="False" />
                <line number="53" hits="0" branch="False" />
                <line number="54" hits="0" branch="False" />
                <line number="55" hits="0" branch="False" />
                <line number="56" hits="0" branch="False" />
                <line number="57" hits="0" branch="False" />
                <line number="58" hits="0" branch="False" />
                <line number="59" hits="0" branch="False" />
[...]
              </lines>
            </method>
          </methods>
          <lines>
            <line number="132" hits="0" branch="False" />
            <line number="133" hits="0" branch="False" />
            <line number="134" hits="0" branch="False" />
          </lines>
        </class>
        <class name="PhoenixApi.Controllers.HubController" filename="source\repos\Phoenix2\PhoenixApi\PhoenixApi\Controllers\HubController.cs" line-rate="0" branch-rate="1" complexity="1">
          <methods>
            <method name=".ctor" signature="(PhoenixApi.Services.IHubService)" line-rate="0" branch-rate="1" complexity="1">
              <lines>
                <line number="12" hits="0" branch="False" />
              </lines>
            </method>
          </methods>
          <lines>
            <line number="12" hits="0" branch="False" />
          </lines>
        </class>
        <class name="PhoenixApi.Controllers.HubController/&lt;Create&gt;d__4" filename="source\repos\Phoenix2\PhoenixApi\PhoenixApi\Controllers\HubController.cs" line-rate="0" branch-rate="1" complexity="1">
          <methods>
            <method name="MoveNext" signature="()" line-rate="0" branch-rate="1" complexity="1">
              <lines>
                <line number="33" hits="0" branch="False" />
                <line number="34" hits="0" branch="False" />
                <line number="35" hits="0" branch="False" />
                <line number="36" hits="0" branch="False" />
              </lines>
            </method>
          </methods>
          <lines>
            <line number="33" hits="0" branch="False" />
            <line number="34" hits="0" branch="False" />
            <line number="35" hits="0" branch="False" />
            <line number="36" hits="0" branch="False" />
          </lines>
        </class>
        <class name="PhoenixApi.Controllers.HubController/&lt;FactoryReset&gt;d__6" filename="source\repos\Phoenix2\PhoenixApi\PhoenixApi\Controllers\HubController.cs" line-rate="0" branch-rate="1" complexity="1">
          <methods>
            <method name="MoveNext" signature="()" line-rate="0" branch-rate="1" complexity="1">
              <lines>
                <line number="49" hits="0" branch="False" />
                <line number="50" hits="0" branch="False" />
                <line number="51" hits="0" branch="False" />
                <line number="52" hits="0" branch="False" />
              </lines>
            </method>
          </methods>
          <lines>
            <line number="49" hits="0" branch="False" />
            <line number="50" hits="0" branch="False" />
            <line number="51" hits="0" branch="False" />
            <line number="52" hits="0" branch="False" />
          </lines>
        </class>
        <class name="PhoenixApi.Controllers.HubController/&lt;GetAll&gt;d__3" filename="source\repos\Phoenix2\PhoenixApi\PhoenixApi\Controllers\HubController.cs" line-rate="0" branch-rate="1" complexity="1">
          <methods>
            <method name="MoveNext" signature="()" line-rate="0" branch-rate="1" complexity="1">
              <lines>
                <line number="25" hits="0" branch="False" />
                <line number="26" hits="0" branch="False" />
                <line number="27" hits="0" branch="False" />
                <line number="28" hits="0" branch="False" />
              </lines>
            </method>
          </methods>
          <lines>
            <line number="25" hits="0" branch="False" />
            <line number="26" hits="0" branch="False" />
            <line number="27" hits="0" branch="False" />
            <line number="28" hits="0" branch="False" />
          </lines>
        </class>
        <class name="PhoenixApi.Controllers.HubController/&lt;GetSelf&gt;d__2" filename="source\repos\Phoenix2\PhoenixApi\PhoenixApi\Controllers\HubController.cs" line-rate="0" branch-rate="1" complexity="1">
          <methods>
            <method name="MoveNext" signature="()" line-rate="0" branch-rate="1" complexity="1">
              <lines>
                <line number="17" hits="0" branch="False" />
                <line number="18" hits="0" branch="False" />
                <line number="19" hits="0" branch="False" />
                <line number="20" hits="0" branch="False" />
              </lines>
            </method>
          </methods>
          <lines>
            <line number="17" hits="0" branch="False" />
            <line number="18" hits="0" branch="False" />
            <line number="19" hits="0" branch="False" />
            <line number="20" hits="0" branch="False" />
          </lines>
        </class>
        <class name="PhoenixApi.Controllers.HubController/&lt;UpdateName&gt;d__5" filename="source\repos\Phoenix2\PhoenixApi\PhoenixApi\Controllers\HubController.cs" line-rate="0" branch-rate="1" complexity="1">
          <methods>
            <method name="MoveNext" signature="()" line-rate="0" branch-rate="1" complexity="1">
              <lines>
                <line number="41" hits="0" branch="False" />
                <line number="42" hits="0" branch="False" />
                <line number="43" hits="0" branch="False" />
                <line number="44" hits="0" branch="False" />
              </lines>
            </method>
          </methods>
          <lines>
            <line number="41" hits="0" branch="False" />
            <line number="42" hits="0" branch="False" />
            <line number="43" hits="0" branch="False" />
            <line number="44" hits="0" branch="False" />
          </lines>
        </class>
        <class name="PhoenixApi.Configuration.AdminBypassHandler" filename="source\repos\Phoenix2\PhoenixApi\PhoenixApi\Configuration\AdminBypassHandler.cs" line-rate="0" branch-rate="0" complexity="6">
          <methods>
            <method name="HandleRequirementAsync" signature="(Microsoft.AspNetCore.Authorization.AuthorizationHandlerContext,Microsoft.AspNetCore.Authorization.IAuthorizationRequirement)" line-rate="0" branch-rate="0" complexity="6">
              <lines>
                <line number="20" hits="0" branch="False" />
                <line number="21" hits="0" branch="True" condition-coverage="0% (0/4)">
                  <conditions>
                    <condition number="17" type="jump" coverage="0%" />
                    <condition number="66" type="jump" coverage="0%" />
                  </conditions>
                </line>
                <line number="22" hits="0" branch="True" condition-coverage="0% (0/2)">
                  <conditions>
                    <condition number="16" type="jump" coverage="0%" />
                  </conditions>
                </line>
                <line number="23" hits="0" branch="False" />
                <line number="24" hits="0" branch="False" />
                <line number="25" hits="0" branch="False" />
                <line number="27" hits="0" branch="False" />
                <line number="28" hits="0" branch="False" />
              </lines>
            </method>
          </methods>
          <lines>
            <line number="20" hits="0" branch="False" />
            <line number="21" hits="0" branch="True" condition-coverage="0% (0/4)">
              <conditions>
                <condition number="17" type="jump" coverage="0%" />
                <condition number="66" type="jump" coverage="0%" />
              </conditions>
            </line>
            <line number="22" hits="0" branch="True" condition-coverage="0% (0/2)">
              <conditions>
                <condition number="16" type="jump" coverage="0%" />
              </conditions>
            </line>
            <line number="23" hits="0" branch="False" />
            <line number="24" hits="0" branch="False" />
            <line number="25" hits="0" branch="False" />
            <line number="27" hits="0" branch="False" />
            <line number="28" hits="0" branch="False" />
          </lines>
        </class>
        <class name="PhoenixApi.Configuration.RolesOperationFilter" filename="source\repos\Phoenix2\PhoenixApi\PhoenixApi\Configuration\RolesOperationFilter.cs" line-rate="0" branch-rate="0" complexity="2">
          <methods>
            <method name="Apply" signature="(Microsoft.OpenApi.Models.OpenApiOperation,Swashbuckle.AspNetCore.SwaggerGen.OperationFilterContext)" line-rate="0" branch-rate="0" complexity="2">
              <lines>
                <line number="21" hits="0" branch="False" />
                <line number="22" hits="0" branch="False" />
                <line number="23" hits="0" branch="False" />
                <line number="24" hits="0" branch="False" />
                <line number="25" hits="0" branch="False" />
                <line number="26" hits="0" branch="False" />
                <line number="27" hits="0" branch="False" />
                <line number="29" hits="0" branch="True" condition-coverage="0% (0/2)">
                  <conditions>
                    <condition number="104" type="jump" coverage="0%" />
                  </conditions>
                </line>
                <line number="30" hits="0" branch="False" />
                <line number="31" hits="0" branch="False" />
                <line number="32" hits="0" branch="False" />
                <line number="33" hits="0" branch="False" />
              </lines>
            </method>
          </methods>
          <lines>
            <line number="21" hits="0" branch="False" />
            <line number="22" hits="0" branch="False" />
            <line number="23" hits="0" branch="False" />
            <line number="24" hits="0" branch="False" />
            <line number="25" hits="0" branch="False" />
            <line number="26" hits="0" branch="False" />
            <line number="27" hits="0" branch="False" />
            <line number="29" hits="0" branch="True" condition-coverage="0% (0/2)">
              <conditions>
                <condition number="104" type="jump" coverage="0%" />
              </conditions>
            </line>
            <line number="30" hits="0" branch="False" />
            <line number="31" hits="0" branch="False" />
            <line number="32" hits="0" branch="False" />
            <line number="33" hits="0" branch="False" />
          </lines>
        </class>
      </classes>
    </package>
    <package name="PhoenixApi.ServiceDefaults" line-rate="0" branch-rate="0" complexity="7">
      <classes>
        <class name="Microsoft.Extensions.Hosting.Extensions" filename="source\repos\Phoenix2\PhoenixApi\PhoenixApi.ServiceDefaults\Extensions.cs" line-rate="0" branch-rate="0" complexity="7">
          <methods>
            <method name="AddServiceDefaults" signature="(Microsoft.Extensions.Hosting.IHostApplicationBuilder)" line-rate="0" branch-rate="1" complexity="1">
              <lines>
                <line number="18" hits="0" branch="False" />
                <line number="19" hits="0" branch="False" />
                <line number="21" hits="0" branch="False" />
                <line number="23" hits="0" branch="False" />
                <line number="25" hits="0" branch="False" />
                <line number="26" hits="0" branch="False" />
                <line number="27" hits="0" branch="False" />
                <line number="28" hits="0" branch="False" />
                <line number="29" hits="0" branch="False" />
                <line number="30" hits="0" branch="False" />
                <line number="31" hits="0" branch="False" />
                <line number="32" hits="0" branch="False" />
                <line number="34" hits="0" branch="False" />
                <line number="35" hits="0" branch="False" />
              </lines>
            </method>
            <method name="ConfigureOpenTelemetry" signature="(Microsoft.Extensions.Hosting.IHostApplicationBuilder)" line-rate="0" branch-rate="1" complexity="1">
              <lines>
                <line number="38" hits="0" branch="False" />
                <line number="39" hits="0" branch="False" />
                <line number="40" hits="0" branch="False" />
                <line number="41" hits="0" branch="False" />
                <line number="42" hits="0" branch="False" />
                <line number="43" hits="0" branch="False" />
                <line number="45" hits="0" branch="False" />
                <line number="46" hits="0" branch="False" />
                <line number="47" hits="0" branch="False" />
                <line number="48" hits="0" branch="False" />
                <line number="49" hits="0" branch="False" />
                <line number="50" hits="0" branch="False" />
                <line number="51" hits="0" branch="False" />
                <line number="52" hits="0" branch="False" />
                <line number="53" hits="0" branch="False" />
                <line number="54" hits="0" branch="False" />
                <line number="55" hits="0" branch="False" />
                <line number="56" hits="0" branch="False" />
                <line number="57" hits="0" branch="False" />
                <line number="58" hits="0" branch="False" />
                <line number="60" hits="0" branch="False" />
                <line number="62" hits="0" branch="False" />
                <line number="63" hits="0" branch="False" />
              </lines>
            </method>
            <method name="AddOpenTelemetryExporters" signature="(Microsoft.Extensions.Hosting.IHostApplicationBuilder)" line-rate="0" branch-rate="0" complexity="2">
              <lines>
                <line number="66" hits="0" branch="False" />
                <line number="67" hits="0" branch="False" />
                <line number="69" hits="0" branch="True" condition-coverage="0% (0/2)">
                  <conditions>
                    <condition number="29" type="jump" coverage="0%" />
                  </conditions>
                </line>
                <line number="70" hits="0" branch="False" />
                <line number="71" hits="0" branch="False" />
                <line number="72" hits="0" branch="False" />
                <line number="81" hits="0" branch="False" />
                <line number="82" hits="0" branch="False" />
              </lines>
            </method>
            <method name="AddDefaultHealthChecks" signature="(Microsoft.Extensions.Hosting.IHostApplicationBuilder)" line-rate="0" branch-rate="1" complexity="1">
              <lines>
                <line number="85" hits="0" branch="False" />
                <line number="86" hits="0" branch="False" />
                <line number="87" hits="0" branch="False" />
                <line number="88" hits="0" branch="False" />
                <line number="90" hits="0" branch="False" />
                <line number="91" hits="0" branch="False" />
              </lines>
            </method>
            <method name="MapDefaultEndpoints" signature="(Microsoft.AspNetCore.Builder.WebApplication)" line-rate="0" branch-rate="0" complexity="2">
              <lines>
                <line number="94" hits="0" branch="False" />
                <line number="97" hits="0" branch="True" condition-coverage="0% (0/2)">
                  <conditions>
                    <condition number="14" type="jump" coverage="0%" />
                  </conditions>
                </line>
                <line number="98" hits="0" branch="False" />
                <line number="100" hits="0" branch="False" />
                <line number="103" hits="0" branch="False" />
                <line number="104" hits="0" branch="False" />
                <line number="105" hits="0" branch="False" />
                <line number="106" hits="0" branch="False" />
                <line number="107" hits="0" branch="False" />
                <line number="109" hits="0" branch="False" />
                <line number="110" hits="0" branch="False" />
              </lines>
            </method>
          </methods>
          <lines>
            <line number="18" hits="0" branch="False" />
            <line number="19" hits="0" branch="False" />
            <line number="21" hits="0" branch="False" />
            <line number="23" hits="0" branch="False" />
            <line number="25" hits="0" branch="False" />
            <line number="26" hits="0" branch="False" />
            <line number="27" hits="0" branch="False" />
            <line number="28" hits="0" branch="False" />
            <line number="29" hits="0" branch="False" />
            <line number="30" hits="0" branch="False" />
            <line number="31" hits="0" branch="False" />
            <line number="32" hits="0" branch="False" />
            <line number="34" hits="0" branch="False" />
            <line number="35" hits="0" branch="False" />
            <line number="38" hits="0" branch="False" />
            <line number="39" hits="0" branch="False" />
            <line number="40" hits="0" branch="False" />
            <line number="41" hits="0" branch="False" />
            <line number="42" hits="0" branch="False" />
            <line number="43" hits="0" branch="False" />
            <line number="45" hits="0" branch="False" />
            <line number="46" hits="0" branch="False" />
            <line number="47" hits="0" branch="False" />
            <line number="48" hits="0" branch="False" />
            <line number="49" hits="0" branch="False" />
            <line number="50" hits="0" branch="False" />
            <line number="51" hits="0" branch="False" />
            <line number="52" hits="0" branch="False" />
            <line number="53" hits="0" branch="False" />
            <line number="54" hits="0" branch="False" />
            <line number="55" hits="0" branch="False" />
            <line number="56" hits="0" branch="False" />
            <line number="57" hits="0" branch="False" />
            <line number="58" hits="0" branch="False" />
            <line number="60" hits="0" branch="False" />
            <line number="62" hits="0" branch="False" />
            <line number="63" hits="0" branch="False" />
            <line number="66" hits="0" branch="False" />
            <line number="67" hits="0" branch="False" />
            <line number="69" hits="0" branch="True" condition-coverage="0% (0/2)">
              <conditions>
                <condition number="29" type="jump" coverage="0%" />
              </conditions>
            </line>
            <line number="70" hits="0" branch="False" />
            <line number="71" hits="0" branch="False" />
            <line number="72" hits="0" branch="False" />
            <line number="81" hits="0" branch="False" />
            <line number="82" hits="0" branch="False" />
            <line number="85" hits="0" branch="False" />
            <line number="86" hits="0" branch="False" />
            <line number="87" hits="0" branch="False" />
            <line number="88" hits="0" branch="False" />
            <line number="90" hits="0" branch="False" />
            <line number="91" hits="0" branch="False" />
            <line number="94" hits="0" branch="False" />
            <line number="97" hits="0" branch="True" condition-coverage="0% (0/2)">
              <conditions>
                <condition number="14" type="jump" coverage="0%" />
              </conditions>
            </line>
            <line number="98" hits="0" branch="False" />
            <line number="100" hits="0" branch="False" />
            <line number="103" hits="0" branch="False" />
            <line number="104" hits="0" branch="False" />
            <line number="105" hits="0" branch="False" />
            <line number="106" hits="0" branch="False" />
            <line number="107" hits="0" branch="False" />
            <line number="109" hits="0" branch="False" />
            <line number="110" hits="0" branch="False" />
          </lines>
        </class>
      </classes>
    </package>
  </packages>
</coverage>