TpTrace Verbose: 0 : 2528, 1, 2024/11/16, 00:46:31.866, 2611414531174, vstest.console.dll, Version: 17.11.1-release-24455-02 Current process architecture: X64
TpTrace Verbose: 0 : 2528, 1, 2024/11/16, 00:46:31.868, 2611414555425, vstest.console.dll, Runtime location: C:\Program Files\dotnet\shared\Microsoft.NETCore.App\8.0.10
TpTrace Verbose: 0 : 2528, 1, 2024/11/16, 00:46:31.870, 2611414576490, vstest.console.dll, ArtifactProcessingPostProcessModeProcessorExecutor.Initialize: ArtifactProcessingMode.Collect
TpTrace Verbose: 0 : 2528, 1, 2024/11/16, 00:46:31.870, 2611414577455, vstest.console.dll, TestSessionCorrelationIdProcessorModeProcessorExecutor.Initialize: TestSessionCorrelationId '34632_b688cf77-f04a-4fe5-a317-b8e543b133b7'
TpTrace Information: 0 : 2528, 1, 2024/11/16, 00:46:31.886, 2611414737959, vstest.console.dll, FilePatternParser: The given file C:\Users\chris\Source\Repos\Server\PhoenixApi\AuthenticationTests\bin\Debug\net8.0\fine-code-coverage\build-output\AuthenticationTests.dll is a full path.
TpTrace Verbose: 0 : 2528, 1, 2024/11/16, 00:46:31.891, 2611414782689, vstest.console.dll, TestPluginCache.DiscoverTestExtensions: finding test extensions in assemblies ends with: RuntimeProvider.dll TPluginInfo: Microsoft.VisualStudio.TestPlatform.Common.ExtensionFramework.Utilities.TestRuntimePluginInformation TExtension: Microsoft.VisualStudio.TestPlatform.ObjectModel.Host.ITestRuntimeProvider
TpTrace Verbose: 0 : 2528, 1, 2024/11/16, 00:46:31.891, 2611414785054, vstest.console.dll, TestPluginCache.GetExtensionPaths: Filtered extension paths: 
TpTrace Verbose: 0 : 2528, 1, 2024/11/16, 00:46:31.891, 2611414785783, vstest.console.dll, TestPluginCache.GetExtensionPaths: Added default extension paths: C:\Program Files\dotnet\sdk\8.0.403\Extensions\Microsoft.Diagnostics.NETCore.Client.dll
C:\Program Files\dotnet\sdk\8.0.403\Extensions\Microsoft.TestPlatform.Extensions.BlameDataCollector.dll
C:\Program Files\dotnet\sdk\8.0.403\Extensions\Microsoft.TestPlatform.Extensions.EventLogCollector.dll
C:\Program Files\dotnet\sdk\8.0.403\Extensions\Microsoft.TestPlatform.TestHostRuntimeProvider.dll
C:\Program Files\dotnet\sdk\8.0.403\Extensions\Microsoft.VisualStudio.TestPlatform.Extensions.Html.TestLogger.dll
C:\Program Files\dotnet\sdk\8.0.403\Extensions\Microsoft.VisualStudio.TestPlatform.Extensions.Trx.TestLogger.dll
TpTrace Verbose: 0 : 2528, 1, 2024/11/16, 00:46:31.891, 2611414786110, vstest.console.dll, TestPluginCache.GetExtensionPaths: Added unfilterableExtensionPaths: 
TpTrace Information: 0 : 2528, 1, 2024/11/16, 00:46:31.892, 2611414791165, vstest.console.dll, AssemblyResolver.ctor: Creating AssemblyResolver with searchDirectories C:\Program Files\dotnet\sdk\8.0.403\Extensions,C:\Program Files\dotnet\sdk\8.0.403
TpTrace Verbose: 0 : 2528, 1, 2024/11/16, 00:46:31.893, 2611414800853, vstest.console.dll, TestPluginCache.DiscoverTestExtensions: Discovering the extensions using extension path.
TpTrace Verbose: 0 : 2528, 1, 2024/11/16, 00:46:31.893, 2611414801827, vstest.console.dll, TestPluginCache.GetExtensionPaths: Filtered extension paths: 
TpTrace Verbose: 0 : 2528, 1, 2024/11/16, 00:46:31.893, 2611414802138, vstest.console.dll, TestPluginCache.GetExtensionPaths: Added default extension paths: C:\Program Files\dotnet\sdk\8.0.403\Extensions\Microsoft.Diagnostics.NETCore.Client.dll
C:\Program Files\dotnet\sdk\8.0.403\Extensions\Microsoft.TestPlatform.Extensions.BlameDataCollector.dll
C:\Program Files\dotnet\sdk\8.0.403\Extensions\Microsoft.TestPlatform.Extensions.EventLogCollector.dll
C:\Program Files\dotnet\sdk\8.0.403\Extensions\Microsoft.TestPlatform.TestHostRuntimeProvider.dll
C:\Program Files\dotnet\sdk\8.0.403\Extensions\Microsoft.VisualStudio.TestPlatform.Extensions.Html.TestLogger.dll
C:\Program Files\dotnet\sdk\8.0.403\Extensions\Microsoft.VisualStudio.TestPlatform.Extensions.Trx.TestLogger.dll
TpTrace Verbose: 0 : 2528, 1, 2024/11/16, 00:46:31.893, 2611414802402, vstest.console.dll, TestPluginCache.GetExtensionPaths: Added unfilterableExtensionPaths: 
TpTrace Verbose: 0 : 2528, 1, 2024/11/16, 00:46:31.893, 2611414802808, vstest.console.dll, TestPluginCache.DiscoverTestExtensions: Discovering the extensions using allExtensionPaths: C:\Program Files\dotnet\sdk\8.0.403\Extensions\Microsoft.Diagnostics.NETCore.Client.dll
C:\Program Files\dotnet\sdk\8.0.403\Extensions\Microsoft.TestPlatform.Extensions.BlameDataCollector.dll
C:\Program Files\dotnet\sdk\8.0.403\Extensions\Microsoft.TestPlatform.Extensions.EventLogCollector.dll
C:\Program Files\dotnet\sdk\8.0.403\Extensions\Microsoft.TestPlatform.TestHostRuntimeProvider.dll
C:\Program Files\dotnet\sdk\8.0.403\Extensions\Microsoft.VisualStudio.TestPlatform.Extensions.Html.TestLogger.dll
C:\Program Files\dotnet\sdk\8.0.403\Extensions\Microsoft.VisualStudio.TestPlatform.Extensions.Trx.TestLogger.dll
TpTrace Information: 0 : 2528, 1, 2024/11/16, 00:46:31.893, 2611414803911, vstest.console.dll, AssemblyResolver.AddSearchDirectories: Adding more searchDirectories C:\Program Files\dotnet\sdk\8.0.403\Extensions,C:\Program Files\dotnet\sdk\8.0.403
TpTrace Information: 0 : 2528, 1, 2024/11/16, 00:46:31.893, 2611414804383, vstest.console.dll, AssemblyResolver.AddSearchDirectories: Adding more searchDirectories C:\Program Files\dotnet\sdk\8.0.403\Extensions,C:\Program Files\dotnet\sdk\8.0.403
TpTrace Information: 0 : 2528, 1, 2024/11/16, 00:46:31.893, 2611414804630, vstest.console.dll, AssemblyResolver.AddSearchDirectories: Adding more searchDirectories C:\Program Files\dotnet\sdk\8.0.403\Extensions,C:\Program Files\dotnet\sdk\8.0.403
TpTrace Information: 0 : 2528, 1, 2024/11/16, 00:46:31.893, 2611414804883, vstest.console.dll, AssemblyResolver.AddSearchDirectories: Adding more searchDirectories C:\Program Files\dotnet\sdk\8.0.403\Extensions,C:\Program Files\dotnet\sdk\8.0.403
TpTrace Information: 0 : 2528, 1, 2024/11/16, 00:46:31.893, 2611414805080, vstest.console.dll, AssemblyResolver.AddSearchDirectories: Adding more searchDirectories C:\Program Files\dotnet\sdk\8.0.403\Extensions,C:\Program Files\dotnet\sdk\8.0.403
TpTrace Information: 0 : 2528, 1, 2024/11/16, 00:46:31.893, 2611414805262, vstest.console.dll, AssemblyResolver.AddSearchDirectories: Adding more searchDirectories C:\Program Files\dotnet\sdk\8.0.403\Extensions,C:\Program Files\dotnet\sdk\8.0.403
TpTrace Information: 0 : 2528, 1, 2024/11/16, 00:46:31.893, 2611414808867, vstest.console.dll, AssemblyResolver.OnResolve: Microsoft.Diagnostics.NETCore.Client: Resolving assembly.
TpTrace Information: 0 : 2528, 1, 2024/11/16, 00:46:31.893, 2611414809546, vstest.console.dll, AssemblyResolver.OnResolve: Microsoft.Diagnostics.NETCore.Client: Searching in: 'C:\Program Files\dotnet\sdk\8.0.403\Extensions'.
TpTrace Information: 0 : 2528, 1, 2024/11/16, 00:46:31.899, 2611414865773, vstest.console.dll, AssemblyResolver.OnResolve: Microsoft.Diagnostics.NETCore.Client: Loading assembly 'C:\Program Files\dotnet\sdk\8.0.403\Extensions\Microsoft.Diagnostics.NETCore.Client.dll'.
TpTrace Information: 0 : 2528, 1, 2024/11/16, 00:46:31.900, 2611414872425, vstest.console.dll, AssemblyResolver.OnResolve: Resolved assembly: Microsoft.Diagnostics.NETCore.Client, from path: C:\Program Files\dotnet\sdk\8.0.403\Extensions\Microsoft.Diagnostics.NETCore.Client.dll
TpTrace Verbose: 0 : 2528, 1, 2024/11/16, 00:46:31.903, 2611414906407, vstest.console.dll, MetadataReaderExtensionsHelper: Discovering extensions inside assembly 'Microsoft.Diagnostics.NETCore.Client, Version=0.2.10.30701, Culture=neutral, PublicKeyToken=31bf3856ad364e35' file path 'C:\Program Files\dotnet\sdk\8.0.403\Extensions\Microsoft.Diagnostics.NETCore.Client.dll'
TpTrace Information: 0 : 2528, 1, 2024/11/16, 00:46:31.906, 2611414939357, vstest.console.dll, AssemblyResolver.OnResolve: Microsoft.Bcl.AsyncInterfaces: Resolving assembly.
TpTrace Information: 0 : 2528, 1, 2024/11/16, 00:46:31.906, 2611414939926, vstest.console.dll, AssemblyResolver.OnResolve: Microsoft.Bcl.AsyncInterfaces: Searching in: 'C:\Program Files\dotnet\sdk\8.0.403\Extensions'.
TpTrace Information: 0 : 2528, 1, 2024/11/16, 00:46:31.907, 2611414940946, vstest.console.dll, AssemblyResolver.OnResolve: Microsoft.Bcl.AsyncInterfaces: Assembly path does not exist: 'C:\Program Files\dotnet\sdk\8.0.403\Extensions\Microsoft.Bcl.AsyncInterfaces.dll', returning.
TpTrace Information: 0 : 2528, 1, 2024/11/16, 00:46:31.907, 2611414942119, vstest.console.dll, AssemblyResolver.OnResolve: Microsoft.Bcl.AsyncInterfaces: Assembly path does not exist: 'C:\Program Files\dotnet\sdk\8.0.403\Extensions\Microsoft.Bcl.AsyncInterfaces.exe', returning.
TpTrace Information: 0 : 2528, 1, 2024/11/16, 00:46:31.907, 2611414942495, vstest.console.dll, AssemblyResolver.OnResolve: Microsoft.Bcl.AsyncInterfaces: Searching in: 'C:\Program Files\dotnet\sdk\8.0.403'.
TpTrace Information: 0 : 2528, 1, 2024/11/16, 00:46:31.907, 2611414943354, vstest.console.dll, AssemblyResolver.OnResolve: Microsoft.Bcl.AsyncInterfaces: Assembly path does not exist: 'C:\Program Files\dotnet\sdk\8.0.403\Microsoft.Bcl.AsyncInterfaces.dll', returning.
TpTrace Information: 0 : 2528, 1, 2024/11/16, 00:46:31.907, 2611414944203, vstest.console.dll, AssemblyResolver.OnResolve: Microsoft.Bcl.AsyncInterfaces: Assembly path does not exist: 'C:\Program Files\dotnet\sdk\8.0.403\Microsoft.Bcl.AsyncInterfaces.exe', returning.
TpTrace Information: 0 : 2528, 1, 2024/11/16, 00:46:31.907, 2611414944511, vstest.console.dll, AssemblyResolver.OnResolve: Microsoft.Bcl.AsyncInterfaces: Failed to load assembly.
TpTrace Verbose: 0 : 2528, 1, 2024/11/16, 00:46:31.907, 2611414944757, vstest.console.dll, CurrentDomainAssemblyResolve: Resolving assembly 'Microsoft.Bcl.AsyncInterfaces'.
TpTrace Information: 0 : 2528, 1, 2024/11/16, 00:46:31.907, 2611414945161, vstest.console.dll, AssemblyResolver.OnResolve: Microsoft.Bcl.AsyncInterfaces: Resolving assembly.
TpTrace Information: 0 : 2528, 1, 2024/11/16, 00:46:31.907, 2611414945480, vstest.console.dll, AssemblyResolver.OnResolve: Microsoft.Bcl.AsyncInterfaces: Resolved from cache.
TpTrace Verbose: 0 : 2528, 1, 2024/11/16, 00:46:31.907, 2611414945742, vstest.console.dll, CurrentDomainAssemblyResolve: Resolving assembly 'Microsoft.Bcl.AsyncInterfaces'.
TpTrace Verbose: 0 : 2528, 1, 2024/11/16, 00:46:31.907, 2611414945976, vstest.console.dll, CurrentDomainAssemblyResolve: Failed to resolve assembly 'Microsoft.Bcl.AsyncInterfaces'.
TpTrace Verbose: 0 : 2528, 1, 2024/11/16, 00:46:31.908, 2611414953621, vstest.console.dll, CurrentDomainAssemblyResolve: Failed to resolve assembly 'Microsoft.Bcl.AsyncInterfaces'.
TpTrace Warning: 0 : 2528, 1, 2024/11/16, 00:46:31.916, 2611415034174, vstest.console.dll, TestPluginDiscoverer: Failed to get types from assembly 'Microsoft.Diagnostics.NETCore.Client, Version=0.2.10.30701, Culture=neutral, PublicKeyToken=31bf3856ad364e35'. Error: System.Reflection.ReflectionTypeLoadException: Unable to load one or more of the requested types.
Could not load file or assembly 'Microsoft.Bcl.AsyncInterfaces, Version=6.0.0.0, Culture=neutral, PublicKeyToken=cc7b13ffcd2ddd51'. Systemet finner ikke angitt fil.
   at System.Reflection.RuntimeModule.GetTypes(RuntimeModule module)
   at System.Reflection.RuntimeModule.GetTypes()
   at Microsoft.VisualStudio.TestPlatform.Common.ExtensionFramework.TestPluginDiscoverer.GetTestExtensionsFromAssembly[TPluginInfo,TExtension](Assembly assembly, Dictionary`2 pluginInfos, String filePath) in /_/src/Microsoft.TestPlatform.Common/ExtensionFramework/TestPluginDiscoverer.cs:line 158
System.IO.FileNotFoundException: Could not load file or assembly 'Microsoft.Bcl.AsyncInterfaces, Version=6.0.0.0, Culture=neutral, PublicKeyToken=cc7b13ffcd2ddd51'. Systemet finner ikke angitt fil.
File name: 'Microsoft.Bcl.AsyncInterfaces, Version=6.0.0.0, Culture=neutral, PublicKeyToken=cc7b13ffcd2ddd51'
 ---> System.IO.FileNotFoundException: Could not load file or assembly 'Microsoft.Bcl.AsyncInterfaces, Culture=neutral, PublicKeyToken=null'. Systemet finner ikke angitt fil.
File name: 'Microsoft.Bcl.AsyncInterfaces, Culture=neutral, PublicKeyToken=null'
   at System.Reflection.RuntimeAssembly.InternalLoad(AssemblyName assemblyName, StackCrawlMark& stackMark, AssemblyLoadContext assemblyLoadContext, RuntimeAssembly requestingAssembly, Boolean throwOnFileNotFound)
   at System.Reflection.Assembly.Load(AssemblyName assemblyRef)
   at Microsoft.VisualStudio.TestPlatform.Common.ExtensionFramework.TestPluginCache.CurrentDomainAssemblyResolve(Object sender, AssemblyResolveEventArgs args) in /_/src/Microsoft.TestPlatform.Common/ExtensionFramework/TestPluginCache.cs:line 513
   at System.Runtime.Loader.AssemblyLoadContext.GetFirstResolvedAssemblyFromResolvingEvent(AssemblyName assemblyName)
   at System.Runtime.Loader.AssemblyLoadContext.ResolveUsingEvent(AssemblyName assemblyName)
   at System.Runtime.Loader.AssemblyLoadContext.ResolveUsingResolvingEvent(IntPtr gchManagedAssemblyLoadContext, AssemblyName assemblyName)
TpTrace Warning: 0 : 2528, 1, 2024/11/16, 00:46:31.916, 2611415036651, vstest.console.dll, LoaderExceptions: System.IO.FileNotFoundException: Could not load file or assembly 'Microsoft.Bcl.AsyncInterfaces, Version=6.0.0.0, Culture=neutral, PublicKeyToken=cc7b13ffcd2ddd51'. Systemet finner ikke angitt fil.
File name: 'Microsoft.Bcl.AsyncInterfaces, Version=6.0.0.0, Culture=neutral, PublicKeyToken=cc7b13ffcd2ddd51'
 ---> System.IO.FileNotFoundException: Could not load file or assembly 'Microsoft.Bcl.AsyncInterfaces, Culture=neutral, PublicKeyToken=null'. Systemet finner ikke angitt fil.
File name: 'Microsoft.Bcl.AsyncInterfaces, Culture=neutral, PublicKeyToken=null'
   at System.Reflection.RuntimeAssembly.InternalLoad(AssemblyName assemblyName, StackCrawlMark& stackMark, AssemblyLoadContext assemblyLoadContext, RuntimeAssembly requestingAssembly, Boolean throwOnFileNotFound)
   at System.Reflection.Assembly.Load(AssemblyName assemblyRef)
   at Microsoft.VisualStudio.TestPlatform.Common.ExtensionFramework.TestPluginCache.CurrentDomainAssemblyResolve(Object sender, AssemblyResolveEventArgs args) in /_/src/Microsoft.TestPlatform.Common/ExtensionFramework/TestPluginCache.cs:line 513
   at System.Runtime.Loader.AssemblyLoadContext.GetFirstResolvedAssemblyFromResolvingEvent(AssemblyName assemblyName)
   at System.Runtime.Loader.AssemblyLoadContext.ResolveUsingEvent(AssemblyName assemblyName)
   at System.Runtime.Loader.AssemblyLoadContext.ResolveUsingResolvingEvent(IntPtr gchManagedAssemblyLoadContext, AssemblyName assemblyName)
TpTrace Information: 0 : 2528, 1, 2024/11/16, 00:46:31.916, 2611415037697, vstest.console.dll, AssemblyResolver.OnResolve: Microsoft.TestPlatform.Extensions.BlameDataCollector: Resolving assembly.
TpTrace Information: 0 : 2528, 1, 2024/11/16, 00:46:31.916, 2611415038087, vstest.console.dll, AssemblyResolver.OnResolve: Microsoft.TestPlatform.Extensions.BlameDataCollector: Searching in: 'C:\Program Files\dotnet\sdk\8.0.403\Extensions'.
TpTrace Information: 0 : 2528, 1, 2024/11/16, 00:46:31.917, 2611415042347, vstest.console.dll, AssemblyResolver.OnResolve: Microsoft.TestPlatform.Extensions.BlameDataCollector: Loading assembly 'C:\Program Files\dotnet\sdk\8.0.403\Extensions\Microsoft.TestPlatform.Extensions.BlameDataCollector.dll'.
TpTrace Information: 0 : 2528, 1, 2024/11/16, 00:46:31.917, 2611415048877, vstest.console.dll, AssemblyResolver.OnResolve: Resolved assembly: Microsoft.TestPlatform.Extensions.BlameDataCollector, from path: C:\Program Files\dotnet\sdk\8.0.403\Extensions\Microsoft.TestPlatform.Extensions.BlameDataCollector.dll
TpTrace Verbose: 0 : 2528, 1, 2024/11/16, 00:46:31.917, 2611415049523, vstest.console.dll, MetadataReaderExtensionsHelper: Discovering extensions inside assembly 'Microsoft.TestPlatform.Extensions.BlameDataCollector, Version=15.0.0.0, Culture=neutral, PublicKeyToken=b03f5f7f11d50a3a' file path 'C:\Program Files\dotnet\sdk\8.0.403\Extensions\Microsoft.TestPlatform.Extensions.BlameDataCollector.dll'
TpTrace Information: 0 : 2528, 1, 2024/11/16, 00:46:31.919, 2611415060628, vstest.console.dll, AssemblyResolver.OnResolve: Microsoft.TestPlatform.Extensions.EventLogCollector: Resolving assembly.
TpTrace Information: 0 : 2528, 1, 2024/11/16, 00:46:31.919, 2611415061171, vstest.console.dll, AssemblyResolver.OnResolve: Microsoft.TestPlatform.Extensions.EventLogCollector: Searching in: 'C:\Program Files\dotnet\sdk\8.0.403\Extensions'.
TpTrace Information: 0 : 2528, 1, 2024/11/16, 00:46:31.919, 2611415065314, vstest.console.dll, AssemblyResolver.OnResolve: Microsoft.TestPlatform.Extensions.EventLogCollector: Loading assembly 'C:\Program Files\dotnet\sdk\8.0.403\Extensions\Microsoft.TestPlatform.Extensions.EventLogCollector.dll'.
TpTrace Information: 0 : 2528, 1, 2024/11/16, 00:46:31.919, 2611415069794, vstest.console.dll, AssemblyResolver.OnResolve: Resolved assembly: Microsoft.TestPlatform.Extensions.EventLogCollector, from path: C:\Program Files\dotnet\sdk\8.0.403\Extensions\Microsoft.TestPlatform.Extensions.EventLogCollector.dll
TpTrace Verbose: 0 : 2528, 1, 2024/11/16, 00:46:31.920, 2611415070353, vstest.console.dll, MetadataReaderExtensionsHelper: Discovering extensions inside assembly 'Microsoft.TestPlatform.Extensions.EventLogCollector, Version=15.0.0.0, Culture=neutral, PublicKeyToken=b03f5f7f11d50a3a' file path 'C:\Program Files\dotnet\sdk\8.0.403\Extensions\Microsoft.TestPlatform.Extensions.EventLogCollector.dll'
TpTrace Information: 0 : 2528, 1, 2024/11/16, 00:46:31.922, 2611415092352, vstest.console.dll, AssemblyResolver.OnResolve: Microsoft.TestPlatform.TestHostRuntimeProvider: Resolving assembly.
TpTrace Information: 0 : 2528, 1, 2024/11/16, 00:46:31.922, 2611415092903, vstest.console.dll, AssemblyResolver.OnResolve: Microsoft.TestPlatform.TestHostRuntimeProvider: Searching in: 'C:\Program Files\dotnet\sdk\8.0.403\Extensions'.
TpTrace Information: 0 : 2528, 1, 2024/11/16, 00:46:31.922, 2611415097135, vstest.console.dll, AssemblyResolver.OnResolve: Microsoft.TestPlatform.TestHostRuntimeProvider: Loading assembly 'C:\Program Files\dotnet\sdk\8.0.403\Extensions\Microsoft.TestPlatform.TestHostRuntimeProvider.dll'.
TpTrace Information: 0 : 2528, 1, 2024/11/16, 00:46:31.923, 2611415103602, vstest.console.dll, AssemblyResolver.OnResolve: Resolved assembly: Microsoft.TestPlatform.TestHostRuntimeProvider, from path: C:\Program Files\dotnet\sdk\8.0.403\Extensions\Microsoft.TestPlatform.TestHostRuntimeProvider.dll
TpTrace Verbose: 0 : 2528, 1, 2024/11/16, 00:46:31.923, 2611415104195, vstest.console.dll, MetadataReaderExtensionsHelper: Discovering extensions inside assembly 'Microsoft.TestPlatform.TestHostRuntimeProvider, Version=15.0.0.0, Culture=neutral, PublicKeyToken=b03f5f7f11d50a3a' file path 'C:\Program Files\dotnet\sdk\8.0.403\Extensions\Microsoft.TestPlatform.TestHostRuntimeProvider.dll'
TpTrace Information: 0 : 2528, 1, 2024/11/16, 00:46:31.924, 2611415117182, vstest.console.dll, GetTestExtensionFromType: Register extension with identifier data 'HostProvider://DefaultTestHost' and type 'Microsoft.VisualStudio.TestPlatform.CrossPlatEngine.Hosting.DefaultTestHostManager, Microsoft.TestPlatform.TestHostRuntimeProvider, Version=15.0.0.0, Culture=neutral, PublicKeyToken=b03f5f7f11d50a3a' inside file 'C:\Program Files\dotnet\sdk\8.0.403\Extensions\Microsoft.TestPlatform.TestHostRuntimeProvider.dll'
TpTrace Information: 0 : 2528, 1, 2024/11/16, 00:46:31.924, 2611415119106, vstest.console.dll, GetTestExtensionFromType: Register extension with identifier data 'HostProvider://DotnetTestHost' and type 'Microsoft.VisualStudio.TestPlatform.CrossPlatEngine.Hosting.DotnetTestHostManager, Microsoft.TestPlatform.TestHostRuntimeProvider, Version=15.0.0.0, Culture=neutral, PublicKeyToken=b03f5f7f11d50a3a' inside file 'C:\Program Files\dotnet\sdk\8.0.403\Extensions\Microsoft.TestPlatform.TestHostRuntimeProvider.dll'
TpTrace Information: 0 : 2528, 1, 2024/11/16, 00:46:31.924, 2611415119720, vstest.console.dll, AssemblyResolver.OnResolve: Microsoft.VisualStudio.TestPlatform.Extensions.Html.TestLogger: Resolving assembly.
TpTrace Information: 0 : 2528, 1, 2024/11/16, 00:46:31.924, 2611415120104, vstest.console.dll, AssemblyResolver.OnResolve: Microsoft.VisualStudio.TestPlatform.Extensions.Html.TestLogger: Searching in: 'C:\Program Files\dotnet\sdk\8.0.403\Extensions'.
TpTrace Information: 0 : 2528, 1, 2024/11/16, 00:46:31.925, 2611415124186, vstest.console.dll, AssemblyResolver.OnResolve: Microsoft.VisualStudio.TestPlatform.Extensions.Html.TestLogger: Loading assembly 'C:\Program Files\dotnet\sdk\8.0.403\Extensions\Microsoft.VisualStudio.TestPlatform.Extensions.Html.TestLogger.dll'.
TpTrace Information: 0 : 2528, 1, 2024/11/16, 00:46:31.926, 2611415130392, vstest.console.dll, AssemblyResolver.OnResolve: Resolved assembly: Microsoft.VisualStudio.TestPlatform.Extensions.Html.TestLogger, from path: C:\Program Files\dotnet\sdk\8.0.403\Extensions\Microsoft.VisualStudio.TestPlatform.Extensions.Html.TestLogger.dll
TpTrace Verbose: 0 : 2528, 1, 2024/11/16, 00:46:31.926, 2611415131068, vstest.console.dll, MetadataReaderExtensionsHelper: Discovering extensions inside assembly 'Microsoft.VisualStudio.TestPlatform.Extensions.Html.TestLogger, Version=15.0.0.0, Culture=neutral, PublicKeyToken=b03f5f7f11d50a3a' file path 'C:\Program Files\dotnet\sdk\8.0.403\Extensions\Microsoft.VisualStudio.TestPlatform.Extensions.Html.TestLogger.dll'
TpTrace Information: 0 : 2528, 1, 2024/11/16, 00:46:31.926, 2611415138181, vstest.console.dll, AssemblyResolver.OnResolve: Microsoft.VisualStudio.TestPlatform.Extensions.Trx.TestLogger: Resolving assembly.
TpTrace Information: 0 : 2528, 1, 2024/11/16, 00:46:31.926, 2611415138735, vstest.console.dll, AssemblyResolver.OnResolve: Microsoft.VisualStudio.TestPlatform.Extensions.Trx.TestLogger: Searching in: 'C:\Program Files\dotnet\sdk\8.0.403\Extensions'.
TpTrace Information: 0 : 2528, 1, 2024/11/16, 00:46:31.927, 2611415142691, vstest.console.dll, AssemblyResolver.OnResolve: Microsoft.VisualStudio.TestPlatform.Extensions.Trx.TestLogger: Loading assembly 'C:\Program Files\dotnet\sdk\8.0.403\Extensions\Microsoft.VisualStudio.TestPlatform.Extensions.Trx.TestLogger.dll'.
TpTrace Information: 0 : 2528, 1, 2024/11/16, 00:46:31.927, 2611415149027, vstest.console.dll, AssemblyResolver.OnResolve: Resolved assembly: Microsoft.VisualStudio.TestPlatform.Extensions.Trx.TestLogger, from path: C:\Program Files\dotnet\sdk\8.0.403\Extensions\Microsoft.VisualStudio.TestPlatform.Extensions.Trx.TestLogger.dll
TpTrace Verbose: 0 : 2528, 1, 2024/11/16, 00:46:31.927, 2611415149644, vstest.console.dll, MetadataReaderExtensionsHelper: Discovering extensions inside assembly 'Microsoft.VisualStudio.TestPlatform.Extensions.Trx.TestLogger, Version=15.0.0.0, Culture=neutral, PublicKeyToken=b03f5f7f11d50a3a' file path 'C:\Program Files\dotnet\sdk\8.0.403\Extensions\Microsoft.VisualStudio.TestPlatform.Extensions.Trx.TestLogger.dll'
TpTrace Verbose: 0 : 2528, 1, 2024/11/16, 00:46:31.929, 2611415161908, vstest.console.dll, TestPluginCache: Discovered the extensions using extension path ''.
TpTrace Verbose: 0 : 2528, 1, 2024/11/16, 00:46:31.929, 2611415162464, vstest.console.dll, TestPluginCache: Discoverers are ''.
TpTrace Verbose: 0 : 2528, 1, 2024/11/16, 00:46:31.929, 2611415162679, vstest.console.dll, TestPluginCache: Executors are ''.
TpTrace Verbose: 0 : 2528, 1, 2024/11/16, 00:46:31.929, 2611415162850, vstest.console.dll, TestPluginCache: Executors2 are ''.
TpTrace Verbose: 0 : 2528, 1, 2024/11/16, 00:46:31.929, 2611415163079, vstest.console.dll, TestPluginCache: Setting providers are ''.
TpTrace Verbose: 0 : 2528, 1, 2024/11/16, 00:46:31.929, 2611415163257, vstest.console.dll, TestPluginCache: Loggers are ''.
TpTrace Verbose: 0 : 2528, 1, 2024/11/16, 00:46:31.929, 2611415164564, vstest.console.dll, TestPluginCache: TestHosts are 'HostProvider://DefaultTestHost,HostProvider://DotnetTestHost'.
TpTrace Verbose: 0 : 2528, 1, 2024/11/16, 00:46:31.929, 2611415164914, vstest.console.dll, TestPluginCache: DataCollectors are ''.
TpTrace Information: 0 : 2528, 1, 2024/11/16, 00:46:31.940, 2611415279170, vstest.console.dll, RunTestsArgumentProcessor:Execute: Test run is starting.
TpTrace Verbose: 0 : 2528, 1, 2024/11/16, 00:46:31.940, 2611415279655, vstest.console.dll, RunTestsArgumentProcessor:Execute: Queuing Test run.
TpTrace Information: 0 : 2528, 1, 2024/11/16, 00:46:31.941, 2611415281473, vstest.console.dll, TestRequestManager.RunTests: run tests started.
TpTrace Information: 0 : 2528, 1, 2024/11/16, 00:46:31.941, 2611415289375, vstest.console.dll, AssemblyMetadataProvider.GetFrameworkName: Determined framework:'.NETCoreApp,Version=v8.0' for source: 'C:\Users\chris\Source\Repos\Server\PhoenixApi\AuthenticationTests\bin\Debug\net8.0\fine-code-coverage\build-output\AuthenticationTests.dll'
TpTrace Information: 0 : 2528, 1, 2024/11/16, 00:46:31.942, 2611415290500, vstest.console.dll, Determined framework for all sources: .NETCoreApp,Version=v8.0
TpTrace Verbose: 0 : 2528, 1, 2024/11/16, 00:46:31.942, 2611415293244, vstest.console.dll, TestRequestManager.UpdateRunSettingsIfRequired: Default architecture: X64 IsDefaultTargetArchitecture: True, Current process architecture: X64 OperatingSystem: Windows.
TpTrace Information: 0 : 2528, 1, 2024/11/16, 00:46:31.943, 2611415305271, vstest.console.dll, AssemblyMetadataProvider.GetArchitecture: Determined architecture:AnyCPU info for assembly: C:\Users\chris\Source\Repos\Server\PhoenixApi\AuthenticationTests\bin\Debug\net8.0\fine-code-coverage\build-output\AuthenticationTests.dll
TpTrace Information: 0 : 2528, 1, 2024/11/16, 00:46:31.943, 2611415305880, vstest.console.dll, Determined platform for source 'C:\Users\chris\Source\Repos\Server\PhoenixApi\AuthenticationTests\bin\Debug\net8.0\fine-code-coverage\build-output\AuthenticationTests.dll' was AnyCPU and it will use the default plaform X64.
TpTrace Information: 0 : 2528, 1, 2024/11/16, 00:46:31.943, 2611415306111, vstest.console.dll, None of the sources provided any runnable platform, using the default platform: X64
TpTrace Information: 0 : 2528, 1, 2024/11/16, 00:46:31.943, 2611415306709, vstest.console.dll, Platform was updated to 'X64'.
TpTrace Information: 0 : 2528, 1, 2024/11/16, 00:46:31.946, 2611415331211, vstest.console.dll, InferRunSettingsHelper.IsTestSettingsEnabled: Unable to navigate to RunSettings/MSTest. Current node: RunSettings
TpTrace Information: 0 : 2528, 1, 2024/11/16, 00:46:31.946, 2611415336435, vstest.console.dll, AssemblyResolver.OnResolve: Microsoft.VisualStudio.TestPlatform.Fakes: Resolving assembly.
TpTrace Information: 0 : 2528, 1, 2024/11/16, 00:46:31.946, 2611415337084, vstest.console.dll, AssemblyResolver.OnResolve: Microsoft.VisualStudio.TestPlatform.Fakes: Searching in: 'C:\Program Files\dotnet\sdk\8.0.403\Extensions'.
TpTrace Information: 0 : 2528, 1, 2024/11/16, 00:46:31.946, 2611415338234, vstest.console.dll, AssemblyResolver.OnResolve: Microsoft.VisualStudio.TestPlatform.Fakes: Assembly path does not exist: 'C:\Program Files\dotnet\sdk\8.0.403\Extensions\Microsoft.VisualStudio.TestPlatform.Fakes.dll', returning.
TpTrace Information: 0 : 2528, 1, 2024/11/16, 00:46:31.946, 2611415339265, vstest.console.dll, AssemblyResolver.OnResolve: Microsoft.VisualStudio.TestPlatform.Fakes: Assembly path does not exist: 'C:\Program Files\dotnet\sdk\8.0.403\Extensions\Microsoft.VisualStudio.TestPlatform.Fakes.exe', returning.
TpTrace Information: 0 : 2528, 1, 2024/11/16, 00:46:31.946, 2611415339718, vstest.console.dll, AssemblyResolver.OnResolve: Microsoft.VisualStudio.TestPlatform.Fakes: Searching in: 'C:\Program Files\dotnet\sdk\8.0.403'.
TpTrace Information: 0 : 2528, 1, 2024/11/16, 00:46:31.947, 2611415340733, vstest.console.dll, AssemblyResolver.OnResolve: Microsoft.VisualStudio.TestPlatform.Fakes: Assembly path does not exist: 'C:\Program Files\dotnet\sdk\8.0.403\Microsoft.VisualStudio.TestPlatform.Fakes.dll', returning.
TpTrace Information: 0 : 2528, 1, 2024/11/16, 00:46:31.947, 2611415341806, vstest.console.dll, AssemblyResolver.OnResolve: Microsoft.VisualStudio.TestPlatform.Fakes: Assembly path does not exist: 'C:\Program Files\dotnet\sdk\8.0.403\Microsoft.VisualStudio.TestPlatform.Fakes.exe', returning.
TpTrace Information: 0 : 2528, 1, 2024/11/16, 00:46:31.947, 2611415342158, vstest.console.dll, AssemblyResolver.OnResolve: Microsoft.VisualStudio.TestPlatform.Fakes: Failed to load assembly.
TpTrace Information: 0 : 2528, 1, 2024/11/16, 00:46:31.947, 2611415343891, vstest.console.dll, Failed to load assembly Microsoft.VisualStudio.TestPlatform.Fakes, Version=17.0.0.0, Culture=neutral. Reason:System.IO.FileNotFoundException: Could not load file or assembly 'Microsoft.VisualStudio.TestPlatform.Fakes, Version=17.0.0.0, Culture=neutral, PublicKeyToken=null'. Systemet finner ikke angitt fil.
File name: 'Microsoft.VisualStudio.TestPlatform.Fakes, Version=17.0.0.0, Culture=neutral, PublicKeyToken=null'
   at System.Reflection.RuntimeAssembly.InternalLoad(AssemblyName assemblyName, StackCrawlMark& stackMark, AssemblyLoadContext assemblyLoadContext, RuntimeAssembly requestingAssembly, Boolean throwOnFileNotFound)
   at System.Reflection.Assembly.Load(AssemblyName assemblyRef)
   at Microsoft.VisualStudio.TestPlatform.Common.Utilities.FakesUtilities.LoadTestPlatformAssembly() in /_/src/Microsoft.TestPlatform.Common/Utilities/FakesUtilities.cs:line 272
TpTrace Verbose: 0 : 2528, 1, 2024/11/16, 00:46:31.949, 2611415366522, vstest.console.dll, TestPluginCache.DiscoverTestExtensions: finding test extensions in assemblies ends with: TestLogger.dll TPluginInfo: Microsoft.VisualStudio.TestPlatform.Common.ExtensionFramework.Utilities.TestLoggerPluginInformation TExtension: Microsoft.VisualStudio.TestPlatform.ObjectModel.Client.ITestLogger
TpTrace Verbose: 0 : 2528, 1, 2024/11/16, 00:46:31.949, 2611415367186, vstest.console.dll, TestPluginCache.GetExtensionPaths: Filtered extension paths: 
TpTrace Verbose: 0 : 2528, 1, 2024/11/16, 00:46:31.949, 2611415367436, vstest.console.dll, TestPluginCache.GetExtensionPaths: Added default extension paths: C:\Program Files\dotnet\sdk\8.0.403\Extensions\Microsoft.Diagnostics.NETCore.Client.dll
C:\Program Files\dotnet\sdk\8.0.403\Extensions\Microsoft.TestPlatform.Extensions.BlameDataCollector.dll
C:\Program Files\dotnet\sdk\8.0.403\Extensions\Microsoft.TestPlatform.Extensions.EventLogCollector.dll
C:\Program Files\dotnet\sdk\8.0.403\Extensions\Microsoft.TestPlatform.TestHostRuntimeProvider.dll
C:\Program Files\dotnet\sdk\8.0.403\Extensions\Microsoft.VisualStudio.TestPlatform.Extensions.Html.TestLogger.dll
C:\Program Files\dotnet\sdk\8.0.403\Extensions\Microsoft.VisualStudio.TestPlatform.Extensions.Trx.TestLogger.dll
TpTrace Verbose: 0 : 2528, 1, 2024/11/16, 00:46:31.949, 2611415367677, vstest.console.dll, TestPluginCache.GetExtensionPaths: Added unfilterableExtensionPaths: 
TpTrace Information: 0 : 2528, 1, 2024/11/16, 00:46:31.949, 2611415368883, vstest.console.dll, AssemblyResolver.AddSearchDirectories: Adding more searchDirectories C:\Program Files\dotnet\sdk\8.0.403\Extensions,C:\Program Files\dotnet\sdk\8.0.403
TpTrace Verbose: 0 : 2528, 1, 2024/11/16, 00:46:31.949, 2611415369309, vstest.console.dll, TestPluginCache.DiscoverTestExtensions: Discovering the extensions using extension path.
TpTrace Verbose: 0 : 2528, 1, 2024/11/16, 00:46:31.949, 2611415369602, vstest.console.dll, TestPluginCache.GetExtensionPaths: Filtered extension paths: 
TpTrace Verbose: 0 : 2528, 1, 2024/11/16, 00:46:31.949, 2611415369806, vstest.console.dll, TestPluginCache.GetExtensionPaths: Added default extension paths: C:\Program Files\dotnet\sdk\8.0.403\Extensions\Microsoft.Diagnostics.NETCore.Client.dll
C:\Program Files\dotnet\sdk\8.0.403\Extensions\Microsoft.TestPlatform.Extensions.BlameDataCollector.dll
C:\Program Files\dotnet\sdk\8.0.403\Extensions\Microsoft.TestPlatform.Extensions.EventLogCollector.dll
C:\Program Files\dotnet\sdk\8.0.403\Extensions\Microsoft.TestPlatform.TestHostRuntimeProvider.dll
C:\Program Files\dotnet\sdk\8.0.403\Extensions\Microsoft.VisualStudio.TestPlatform.Extensions.Html.TestLogger.dll
C:\Program Files\dotnet\sdk\8.0.403\Extensions\Microsoft.VisualStudio.TestPlatform.Extensions.Trx.TestLogger.dll
TpTrace Verbose: 0 : 2528, 1, 2024/11/16, 00:46:31.949, 2611415369995, vstest.console.dll, TestPluginCache.GetExtensionPaths: Added unfilterableExtensionPaths: 
TpTrace Verbose: 0 : 2528, 1, 2024/11/16, 00:46:31.949, 2611415370214, vstest.console.dll, TestPluginCache.DiscoverTestExtensions: Discovering the extensions using allExtensionPaths: C:\Program Files\dotnet\sdk\8.0.403\Extensions\Microsoft.Diagnostics.NETCore.Client.dll
C:\Program Files\dotnet\sdk\8.0.403\Extensions\Microsoft.TestPlatform.Extensions.BlameDataCollector.dll
C:\Program Files\dotnet\sdk\8.0.403\Extensions\Microsoft.TestPlatform.Extensions.EventLogCollector.dll
C:\Program Files\dotnet\sdk\8.0.403\Extensions\Microsoft.TestPlatform.TestHostRuntimeProvider.dll
C:\Program Files\dotnet\sdk\8.0.403\Extensions\Microsoft.VisualStudio.TestPlatform.Extensions.Html.TestLogger.dll
C:\Program Files\dotnet\sdk\8.0.403\Extensions\Microsoft.VisualStudio.TestPlatform.Extensions.Trx.TestLogger.dll
TpTrace Information: 0 : 2528, 1, 2024/11/16, 00:46:31.950, 2611415370967, vstest.console.dll, AssemblyResolver.AddSearchDirectories: Adding more searchDirectories C:\Program Files\dotnet\sdk\8.0.403\Extensions,C:\Program Files\dotnet\sdk\8.0.403
TpTrace Information: 0 : 2528, 1, 2024/11/16, 00:46:31.950, 2611415371375, vstest.console.dll, AssemblyResolver.AddSearchDirectories: Adding more searchDirectories C:\Program Files\dotnet\sdk\8.0.403\Extensions,C:\Program Files\dotnet\sdk\8.0.403
TpTrace Information: 0 : 2528, 1, 2024/11/16, 00:46:31.950, 2611415371596, vstest.console.dll, AssemblyResolver.AddSearchDirectories: Adding more searchDirectories C:\Program Files\dotnet\sdk\8.0.403\Extensions,C:\Program Files\dotnet\sdk\8.0.403
TpTrace Information: 0 : 2528, 1, 2024/11/16, 00:46:31.950, 2611415371792, vstest.console.dll, AssemblyResolver.AddSearchDirectories: Adding more searchDirectories C:\Program Files\dotnet\sdk\8.0.403\Extensions,C:\Program Files\dotnet\sdk\8.0.403
TpTrace Information: 0 : 2528, 1, 2024/11/16, 00:46:31.950, 2611415372014, vstest.console.dll, AssemblyResolver.AddSearchDirectories: Adding more searchDirectories C:\Program Files\dotnet\sdk\8.0.403\Extensions,C:\Program Files\dotnet\sdk\8.0.403
TpTrace Information: 0 : 2528, 1, 2024/11/16, 00:46:31.950, 2611415372209, vstest.console.dll, AssemblyResolver.AddSearchDirectories: Adding more searchDirectories C:\Program Files\dotnet\sdk\8.0.403\Extensions,C:\Program Files\dotnet\sdk\8.0.403
TpTrace Verbose: 0 : 2528, 1, 2024/11/16, 00:46:31.950, 2611415372898, vstest.console.dll, MetadataReaderExtensionsHelper: Discovering extensions inside assembly 'Microsoft.Diagnostics.NETCore.Client, Version=0.2.10.30701, Culture=neutral, PublicKeyToken=31bf3856ad364e35' file path 'C:\Program Files\dotnet\sdk\8.0.403\Extensions\Microsoft.Diagnostics.NETCore.Client.dll'
TpTrace Information: 0 : 2528, 1, 2024/11/16, 00:46:31.950, 2611415379348, vstest.console.dll, AssemblyResolver.OnResolve: Microsoft.Bcl.AsyncInterfaces: Resolving assembly.
TpTrace Information: 0 : 2528, 1, 2024/11/16, 00:46:31.950, 2611415379862, vstest.console.dll, AssemblyResolver.OnResolve: Microsoft.Bcl.AsyncInterfaces: Resolved from cache.
TpTrace Verbose: 0 : 2528, 1, 2024/11/16, 00:46:31.950, 2611415380089, vstest.console.dll, CurrentDomainAssemblyResolve: Resolving assembly 'Microsoft.Bcl.AsyncInterfaces'.
TpTrace Information: 0 : 2528, 1, 2024/11/16, 00:46:31.951, 2611415380397, vstest.console.dll, AssemblyResolver.OnResolve: Microsoft.Bcl.AsyncInterfaces: Resolving assembly.
TpTrace Information: 0 : 2528, 1, 2024/11/16, 00:46:31.951, 2611415380712, vstest.console.dll, AssemblyResolver.OnResolve: Microsoft.Bcl.AsyncInterfaces: Resolved from cache.
TpTrace Verbose: 0 : 2528, 1, 2024/11/16, 00:46:31.951, 2611415380905, vstest.console.dll, CurrentDomainAssemblyResolve: Resolving assembly 'Microsoft.Bcl.AsyncInterfaces'.
TpTrace Verbose: 0 : 2528, 1, 2024/11/16, 00:46:31.951, 2611415381071, vstest.console.dll, CurrentDomainAssemblyResolve: Failed to resolve assembly 'Microsoft.Bcl.AsyncInterfaces'.
TpTrace Verbose: 0 : 2528, 1, 2024/11/16, 00:46:31.951, 2611415381997, vstest.console.dll, CurrentDomainAssemblyResolve: Failed to resolve assembly 'Microsoft.Bcl.AsyncInterfaces'.
TpTrace Warning: 0 : 2528, 1, 2024/11/16, 00:46:31.951, 2611415384239, vstest.console.dll, TestPluginDiscoverer: Failed to get types from assembly 'Microsoft.Diagnostics.NETCore.Client, Version=0.2.10.30701, Culture=neutral, PublicKeyToken=31bf3856ad364e35'. Error: System.Reflection.ReflectionTypeLoadException: Unable to load one or more of the requested types.
Could not load file or assembly 'Microsoft.Bcl.AsyncInterfaces, Version=6.0.0.0, Culture=neutral, PublicKeyToken=cc7b13ffcd2ddd51'. Systemet finner ikke angitt fil.
   at System.Reflection.RuntimeModule.GetTypes(RuntimeModule module)
   at System.Reflection.RuntimeModule.GetTypes()
   at Microsoft.VisualStudio.TestPlatform.Common.ExtensionFramework.TestPluginDiscoverer.GetTestExtensionsFromAssembly[TPluginInfo,TExtension](Assembly assembly, Dictionary`2 pluginInfos, String filePath) in /_/src/Microsoft.TestPlatform.Common/ExtensionFramework/TestPluginDiscoverer.cs:line 158
System.IO.FileNotFoundException: Could not load file or assembly 'Microsoft.Bcl.AsyncInterfaces, Version=6.0.0.0, Culture=neutral, PublicKeyToken=cc7b13ffcd2ddd51'. Systemet finner ikke angitt fil.
File name: 'Microsoft.Bcl.AsyncInterfaces, Version=6.0.0.0, Culture=neutral, PublicKeyToken=cc7b13ffcd2ddd51'
 ---> System.IO.FileNotFoundException: Could not load file or assembly 'Microsoft.Bcl.AsyncInterfaces, Culture=neutral, PublicKeyToken=null'. Systemet finner ikke angitt fil.
File name: 'Microsoft.Bcl.AsyncInterfaces, Culture=neutral, PublicKeyToken=null'
   at System.Reflection.RuntimeAssembly.InternalLoad(AssemblyName assemblyName, StackCrawlMark& stackMark, AssemblyLoadContext assemblyLoadContext, RuntimeAssembly requestingAssembly, Boolean throwOnFileNotFound)
   at System.Reflection.Assembly.Load(AssemblyName assemblyRef)
   at Microsoft.VisualStudio.TestPlatform.Common.ExtensionFramework.TestPluginCache.CurrentDomainAssemblyResolve(Object sender, AssemblyResolveEventArgs args) in /_/src/Microsoft.TestPlatform.Common/ExtensionFramework/TestPluginCache.cs:line 513
   at System.Runtime.Loader.AssemblyLoadContext.GetFirstResolvedAssemblyFromResolvingEvent(AssemblyName assemblyName)
   at System.Runtime.Loader.AssemblyLoadContext.ResolveUsingEvent(AssemblyName assemblyName)
   at System.Runtime.Loader.AssemblyLoadContext.ResolveUsingResolvingEvent(IntPtr gchManagedAssemblyLoadContext, AssemblyName assemblyName)
TpTrace Warning: 0 : 2528, 1, 2024/11/16, 00:46:31.951, 2611415385935, vstest.console.dll, LoaderExceptions: System.IO.FileNotFoundException: Could not load file or assembly 'Microsoft.Bcl.AsyncInterfaces, Version=6.0.0.0, Culture=neutral, PublicKeyToken=cc7b13ffcd2ddd51'. Systemet finner ikke angitt fil.
File name: 'Microsoft.Bcl.AsyncInterfaces, Version=6.0.0.0, Culture=neutral, PublicKeyToken=cc7b13ffcd2ddd51'
 ---> System.IO.FileNotFoundException: Could not load file or assembly 'Microsoft.Bcl.AsyncInterfaces, Culture=neutral, PublicKeyToken=null'. Systemet finner ikke angitt fil.
File name: 'Microsoft.Bcl.AsyncInterfaces, Culture=neutral, PublicKeyToken=null'
   at System.Reflection.RuntimeAssembly.InternalLoad(AssemblyName assemblyName, StackCrawlMark& stackMark, AssemblyLoadContext assemblyLoadContext, RuntimeAssembly requestingAssembly, Boolean throwOnFileNotFound)
   at System.Reflection.Assembly.Load(AssemblyName assemblyRef)
   at Microsoft.VisualStudio.TestPlatform.Common.ExtensionFramework.TestPluginCache.CurrentDomainAssemblyResolve(Object sender, AssemblyResolveEventArgs args) in /_/src/Microsoft.TestPlatform.Common/ExtensionFramework/TestPluginCache.cs:line 513
   at System.Runtime.Loader.AssemblyLoadContext.GetFirstResolvedAssemblyFromResolvingEvent(AssemblyName assemblyName)
   at System.Runtime.Loader.AssemblyLoadContext.ResolveUsingEvent(AssemblyName assemblyName)
   at System.Runtime.Loader.AssemblyLoadContext.ResolveUsingResolvingEvent(IntPtr gchManagedAssemblyLoadContext, AssemblyName assemblyName)
TpTrace Verbose: 0 : 2528, 1, 2024/11/16, 00:46:31.951, 2611415386584, vstest.console.dll, MetadataReaderExtensionsHelper: Discovering extensions inside assembly 'Microsoft.TestPlatform.Extensions.BlameDataCollector, Version=15.0.0.0, Culture=neutral, PublicKeyToken=b03f5f7f11d50a3a' file path 'C:\Program Files\dotnet\sdk\8.0.403\Extensions\Microsoft.TestPlatform.Extensions.BlameDataCollector.dll'
TpTrace Information: 0 : 2528, 1, 2024/11/16, 00:46:31.952, 2611415391468, vstest.console.dll, GetTestExtensionFromType: Register extension with identifier data 'logger://Microsoft/TestPlatform/Extensions/Blame/v1' and type 'Microsoft.TestPlatform.Extensions.BlameDataCollector.BlameLogger, Microsoft.TestPlatform.Extensions.BlameDataCollector, Version=15.0.0.0, Culture=neutral, PublicKeyToken=b03f5f7f11d50a3a' inside file 'C:\Program Files\dotnet\sdk\8.0.403\Extensions\Microsoft.TestPlatform.Extensions.BlameDataCollector.dll'
TpTrace Verbose: 0 : 2528, 1, 2024/11/16, 00:46:31.952, 2611415392100, vstest.console.dll, MetadataReaderExtensionsHelper: Discovering extensions inside assembly 'Microsoft.TestPlatform.Extensions.EventLogCollector, Version=15.0.0.0, Culture=neutral, PublicKeyToken=b03f5f7f11d50a3a' file path 'C:\Program Files\dotnet\sdk\8.0.403\Extensions\Microsoft.TestPlatform.Extensions.EventLogCollector.dll'
TpTrace Verbose: 0 : 2528, 1, 2024/11/16, 00:46:31.952, 2611415396147, vstest.console.dll, MetadataReaderExtensionsHelper: Discovering extensions inside assembly 'Microsoft.TestPlatform.TestHostRuntimeProvider, Version=15.0.0.0, Culture=neutral, PublicKeyToken=b03f5f7f11d50a3a' file path 'C:\Program Files\dotnet\sdk\8.0.403\Extensions\Microsoft.TestPlatform.TestHostRuntimeProvider.dll'
TpTrace Verbose: 0 : 2528, 1, 2024/11/16, 00:46:31.953, 2611415400411, vstest.console.dll, MetadataReaderExtensionsHelper: Discovering extensions inside assembly 'Microsoft.VisualStudio.TestPlatform.Extensions.Html.TestLogger, Version=15.0.0.0, Culture=neutral, PublicKeyToken=b03f5f7f11d50a3a' file path 'C:\Program Files\dotnet\sdk\8.0.403\Extensions\Microsoft.VisualStudio.TestPlatform.Extensions.Html.TestLogger.dll'
TpTrace Information: 0 : 2528, 1, 2024/11/16, 00:46:31.953, 2611415406989, vstest.console.dll, GetTestExtensionFromType: Register extension with identifier data 'logger://Microsoft/TestPlatform/HtmlLogger/v1' and type 'Microsoft.VisualStudio.TestPlatform.Extensions.HtmlLogger.HtmlLogger, Microsoft.VisualStudio.TestPlatform.Extensions.Html.TestLogger, Version=15.0.0.0, Culture=neutral, PublicKeyToken=b03f5f7f11d50a3a' inside file 'C:\Program Files\dotnet\sdk\8.0.403\Extensions\Microsoft.VisualStudio.TestPlatform.Extensions.Html.TestLogger.dll'
TpTrace Verbose: 0 : 2528, 1, 2024/11/16, 00:46:31.953, 2611415407646, vstest.console.dll, MetadataReaderExtensionsHelper: Discovering extensions inside assembly 'Microsoft.VisualStudio.TestPlatform.Extensions.Trx.TestLogger, Version=15.0.0.0, Culture=neutral, PublicKeyToken=b03f5f7f11d50a3a' file path 'C:\Program Files\dotnet\sdk\8.0.403\Extensions\Microsoft.VisualStudio.TestPlatform.Extensions.Trx.TestLogger.dll'
TpTrace Information: 0 : 2528, 1, 2024/11/16, 00:46:31.954, 2611415412003, vstest.console.dll, GetTestExtensionFromType: Register extension with identifier data 'logger://Microsoft/TestPlatform/TrxLogger/v1' and type 'Microsoft.VisualStudio.TestPlatform.Extensions.TrxLogger.TrxLogger, Microsoft.VisualStudio.TestPlatform.Extensions.Trx.TestLogger, Version=15.0.0.0, Culture=neutral, PublicKeyToken=b03f5f7f11d50a3a' inside file 'C:\Program Files\dotnet\sdk\8.0.403\Extensions\Microsoft.VisualStudio.TestPlatform.Extensions.Trx.TestLogger.dll'
TpTrace Verbose: 0 : 2528, 1, 2024/11/16, 00:46:31.954, 2611415412600, vstest.console.dll, TestPluginCache: Discovered the extensions using extension path ''.
TpTrace Verbose: 0 : 2528, 1, 2024/11/16, 00:46:31.954, 2611415412819, vstest.console.dll, TestPluginCache: Discoverers are ''.
TpTrace Verbose: 0 : 2528, 1, 2024/11/16, 00:46:31.954, 2611415412997, vstest.console.dll, TestPluginCache: Executors are ''.
TpTrace Verbose: 0 : 2528, 1, 2024/11/16, 00:46:31.954, 2611415413156, vstest.console.dll, TestPluginCache: Executors2 are ''.
TpTrace Verbose: 0 : 2528, 1, 2024/11/16, 00:46:31.954, 2611415413308, vstest.console.dll, TestPluginCache: Setting providers are ''.
TpTrace Verbose: 0 : 2528, 1, 2024/11/16, 00:46:31.954, 2611415413758, vstest.console.dll, TestPluginCache: Loggers are 'logger://Microsoft/TestPlatform/Extensions/Blame/v1,logger://Microsoft/TestPlatform/HtmlLogger/v1,logger://Microsoft/TestPlatform/TrxLogger/v1'.
TpTrace Verbose: 0 : 2528, 1, 2024/11/16, 00:46:31.954, 2611415414128, vstest.console.dll, TestPluginCache: TestHosts are 'HostProvider://DefaultTestHost,HostProvider://DotnetTestHost'.
TpTrace Verbose: 0 : 2528, 1, 2024/11/16, 00:46:31.954, 2611415414348, vstest.console.dll, TestPluginCache: DataCollectors are ''.
TpTrace Information: 0 : 2528, 1, 2024/11/16, 00:46:31.954, 2611415419860, vstest.console.dll, TestPluginManager.CreateTestExtension: Attempting to load test extension: Microsoft.TestPlatform.Extensions.BlameDataCollector.BlameLogger
TpTrace Verbose: 0 : 2528, 1, 2024/11/16, 00:46:31.960, 2611415474117, vstest.console.dll, TestEngine: Initializing Parallel Execution as MaxCpuCount is set to: 1
TpTrace Information: 0 : 2528, 1, 2024/11/16, 00:46:31.961, 2611415485398, vstest.console.dll, TestPluginManager.CreateTestExtension: Attempting to load test extension: Microsoft.VisualStudio.TestPlatform.CrossPlatEngine.Hosting.DefaultTestHostManager
TpTrace Information: 0 : 2528, 1, 2024/11/16, 00:46:31.962, 2611415493318, vstest.console.dll, TestPluginManager.CreateTestExtension: Attempting to load test extension: Microsoft.VisualStudio.TestPlatform.CrossPlatEngine.Hosting.DotnetTestHostManager
TpTrace Verbose: 0 : 2528, 1, 2024/11/16, 00:46:31.962, 2611415495527, vstest.console.dll, TestHostManagerCallbacks.ctor: Forwarding output is enabled.
TpTrace Information: 0 : 2528, 1, 2024/11/16, 00:46:31.962, 2611415499245, vstest.console.dll, InferRunSettingsHelper.IsTestSettingsEnabled: Unable to navigate to RunSettings/MSTest. Current node: RunSettings
TpTrace Verbose: 0 : 2528, 1, 2024/11/16, 00:46:31.963, 2611415507105, vstest.console.dll, ParallelOperationManager.ClearSlots: Clearing all slots. Slots should accept more work: True
TpTrace Verbose: 0 : 2528, 1, 2024/11/16, 00:46:31.964, 2611415513304, vstest.console.dll, ParallelOperationManager.SetOccupiedSlotCount: Setting slot counts AvailableSlotCount = 1, OccupiedSlotCount = 0.
TpTrace Verbose: 0 : 2528, 1, 2024/11/16, 00:46:31.964, 2611415516556, vstest.console.dll, Occupied slots:

TpTrace Verbose: 0 : 2528, 1, 2024/11/16, 00:46:31.967, 2611415545798, vstest.console.dll, TestEngine.GetExecutionManager: Chosen execution manager 'Microsoft.VisualStudio.TestPlatform.CrossPlatEngine.Client.Parallel.ParallelProxyExecutionManager, Microsoft.TestPlatform.CrossPlatEngine, Version=15.0.0.0, Culture=neutral, PublicKeyToken=b03f5f7f11d50a3a' ParallelLevel '1'.
TpTrace Verbose: 0 : 2528, 1, 2024/11/16, 00:46:31.967, 2611415546968, vstest.console.dll, TestPlatform.GetSkipDefaultAdapters: Not skipping default adapters SkipDefaultAdapters was false.
TpTrace Verbose: 0 : 2528, 1, 2024/11/16, 00:46:31.967, 2611415547601, vstest.console.dll, TestRunRequest.ExecuteAsync: Creating test run request.
TpTrace Verbose: 0 : 2528, 1, 2024/11/16, 00:46:31.967, 2611415549077, vstest.console.dll, TestRunRequest.ExecuteAsync: Starting.
TpTrace Information: 0 : 2528, 1, 2024/11/16, 00:46:31.968, 2611415557627, vstest.console.dll, TestRunRequest.ExecuteAsync: Starting run with settings:TestRunCriteria:
   KeepAlive=False,FrequencyOfRunStatsChangeEvent=10,RunStatsChangeEventTimeout=00:00:01.5000000,TestCaseFilter=,TestExecutorLauncher=
   Settingsxml=<RunSettings>
  <RunConfiguration>
    <ResultsDirectory>C:\Users\chris\Source\Repos\Server\PhoenixApi\AuthenticationTests\bin\Debug\net8.0\fine-code-coverage\coverage-tool-output</ResultsDirectory>
    <TargetPlatform>X64</TargetPlatform>
    <TargetFrameworkVersion>.NETCoreApp,Version=v8.0</TargetFrameworkVersion>
    <DesignMode>False</DesignMode>
    <CollectSourceInformation>False</CollectSourceInformation>
  </RunConfiguration>
  <LoggerRunSettings>
    <Loggers>
      <Logger friendlyName="blame" enabled="True" />
      <Logger friendlyName="Console" uri="logger://microsoft/TestPlatform/ConsoleLogger/v1" assemblyQualifiedName="Microsoft.VisualStudio.TestPlatform.CommandLine.Internal.ConsoleLogger, vstest.console, Version=15.0.0.0, Culture=neutral, PublicKeyToken=b03f5f7f11d50a3a" codeBase="C:\Program Files\dotnet\sdk\8.0.403\vstest.console.dll" enabled="True" />
    </Loggers>
  </LoggerRunSettings>
  <DataCollectionRunSettings>
    <DataCollectors>
      <DataCollector friendlyName="blame" enabled="True">
        <Configuration>
          <ResultsDirectory>C:\Users\chris\Source\Repos\Server\PhoenixApi\AuthenticationTests\bin\Debug\net8.0\fine-code-coverage\coverage-tool-output</ResultsDirectory>
        </Configuration>
      </DataCollector>
    </DataCollectors>
  </DataCollectionRunSettings>
</RunSettings>

TpTrace Verbose: 0 : 2528, 1, 2024/11/16, 00:46:31.968, 2611415558154, vstest.console.dll, TestRunRequest.ExecuteAsync: Wait for the first run request is over.
TpTrace Verbose: 0 : 2528, 1, 2024/11/16, 00:46:31.968, 2611415559886, vstest.console.dll, MulticastDelegateUtilities.SafeInvoke: TestRun.TestRunStart: Invoking callbacks was skipped because there are no subscribers.
TpTrace Verbose: 0 : 2528, 4, 2024/11/16, 00:46:31.969, 2611415560957, vstest.console.dll, MulticastDelegateUtilities.SafeInvoke: InternalTestLoggerEvents.SendTestRunStart: Invoking callback 1/1 for Microsoft.VisualStudio.TestPlatform.CommandLine.Internal.ConsoleLogger., took 0 ms.
TpTrace Verbose: 0 : 2528, 1, 2024/11/16, 00:46:31.969, 2611415566988, vstest.console.dll, ParallelProxyExecutionManager: Start execution. Total sources: 1
TpTrace Verbose: 0 : 2528, 1, 2024/11/16, 00:46:31.969, 2611415569394, vstest.console.dll, ParallelOperationManager.StartWork: Starting adding 1 workloads.
TpTrace Verbose: 0 : 2528, 1, 2024/11/16, 00:46:31.969, 2611415569973, vstest.console.dll, ParallelOperationManager.ClearSlots: Clearing all slots. Slots should accept more work: True
TpTrace Verbose: 0 : 2528, 1, 2024/11/16, 00:46:31.970, 2611415570548, vstest.console.dll, ParallelOperationManager.SetOccupiedSlotCount: Setting slot counts AvailableSlotCount = 1, OccupiedSlotCount = 0.
TpTrace Verbose: 0 : 2528, 1, 2024/11/16, 00:46:31.970, 2611415570905, vstest.console.dll, Occupied slots:

TpTrace Verbose: 0 : 2528, 1, 2024/11/16, 00:46:31.970, 2611415579291, vstest.console.dll, TestHostManagerCallbacks.ctor: Forwarding output is enabled.
TpTrace Verbose: 0 : 2528, 1, 2024/11/16, 00:46:31.971, 2611415581106, vstest.console.dll, TestRequestSender is acting as server.
TpTrace Verbose: 0 : 2528, 1, 2024/11/16, 00:46:31.972, 2611415591337, vstest.console.dll, ParallelOperationManager.RunWorkInParallel: Adding 1 workload to slot, remaining workloads 0.
TpTrace Verbose: 0 : 2528, 1, 2024/11/16, 00:46:31.972, 2611415591857, vstest.console.dll, ParallelOperationManager.SetOccupiedSlotCount: Setting slot counts AvailableSlotCount = 0, OccupiedSlotCount = 1.
TpTrace Verbose: 0 : 2528, 1, 2024/11/16, 00:46:31.972, 2611415592683, vstest.console.dll, Occupied slots:
0: C:\Users\chris\Source\Repos\Server\PhoenixApi\AuthenticationTests\bin\Debug\net8.0\fine-code-coverage\build-output\AuthenticationTests.dll
TpTrace Verbose: 0 : 2528, 1, 2024/11/16, 00:46:31.973, 2611415600267, vstest.console.dll, ParallelOperationManager.RunWorkInParallel: Started host in slot number 0 for work (source): C:\Users\chris\Source\Repos\Server\PhoenixApi\AuthenticationTests\bin\Debug\net8.0\fine-code-coverage\build-output\AuthenticationTests.dll.
TpTrace Verbose: 0 : 2528, 1, 2024/11/16, 00:46:31.973, 2611415605705, vstest.console.dll, ParallelOperationManager.RunWorkInParallel: We started 1 work items, which is the max parallel level. Won't start more work.
TpTrace Verbose: 0 : 2528, 1, 2024/11/16, 00:46:31.973, 2611415606141, vstest.console.dll, ParallelOperationManager.RunWorkInParallel: We started 1 work items in here, returning True.
TpTrace Information: 0 : 2528, 1, 2024/11/16, 00:46:31.973, 2611415606378, vstest.console.dll, TestRunRequest.ExecuteAsync: Started.
TpTrace Verbose: 0 : 2528, 5, 2024/11/16, 00:46:31.973, 2611415607041, vstest.console.dll, ParallelProxyExecutionManager.StartTestRunOnConcurrentManager: Initializing uninitialized client. Started clients: 0
TpTrace Verbose: 0 : 2528, 5, 2024/11/16, 00:46:31.973, 2611415608096, vstest.console.dll, DataCollectionRequestSender.InitializeCommunication : Initialize communication. 
TpTrace Verbose: 0 : 2528, 1, 2024/11/16, 00:46:31.974, 2611415610894, vstest.console.dll, TestRunRequest.WaitForCompletion: Waiting with timeout -1.
TpTrace Information: 0 : 2528, 5, 2024/11/16, 00:46:31.979, 2611415668470, vstest.console.dll, Listening on Endpoint : 127.0.0.1:62917
TpTrace Verbose: 0 : 2528, 5, 2024/11/16, 00:46:31.984, 2611415711474, vstest.console.dll, DotnetDataCollectionLauncher: Adding  --runtimeconfig "C:\Program Files\dotnet\sdk\8.0.403\datacollector.runtimeconfig.json" in args
TpTrace Verbose: 0 : 2528, 5, 2024/11/16, 00:46:31.984, 2611415712585, vstest.console.dll, DotnetDataCollectionLauncher: Adding  --depsfile "C:\Program Files\dotnet\sdk\8.0.403\datacollector.deps.json" in args
TpTrace Verbose: 0 : 2528, 5, 2024/11/16, 00:46:31.984, 2611415716390, vstest.console.dll, DotnetDataCollectionLauncher: Full path of dotnet.exe is C:\Program Files\dotnet\dotnet.exe
TpTrace Information: 0 : 2528, 5, 2024/11/16, 00:46:32.007, 2611415950201, vstest.console.dll, ProxyDataCollectionManager.Initialize: Launched datacollector processId: 37160 port: 62917
TpTrace Information: 0 : 2528, 5, 2024/11/16, 00:46:32.008, 2611415951154, vstest.console.dll, ProxyDataCollectionManager.Initialize: waiting for connection with timeout: 90 seconds
TpTrace Verbose: 0 : 2528, 5, 2024/11/16, 00:46:32.008, 2611415951502, vstest.console.dll, DataCollectionRequestSender.WaitForRequestHandlerConnection : Waiting for connection with timeout: 90000
TpTrace Information: 0 : 2528, 7, 2024/11/16, 00:46:32.143, 2611417304527, vstest.console.dll, Using the buffer size of 16384 bytes
TpTrace Verbose: 0 : 2528, 5, 2024/11/16, 00:46:32.143, 2611417304676, vstest.console.dll, SocketCommunicationManager.WaitForClientConnection took: 135 ms, with 90000 ms timeout, and finished with True.
TpTrace Information: 0 : 2528, 7, 2024/11/16, 00:46:32.143, 2611417305310, vstest.console.dll, Accepted Client request and set the flag
TpTrace Verbose: 0 : 2528, 5, 2024/11/16, 00:46:32.143, 2611417306605, vstest.console.dll, ProxyDataCollectionManager.InvokeDataCollectionServiceAction: Starting.
TpTrace Information: 0 : 2528, 5, 2024/11/16, 00:46:32.143, 2611417307177, vstest.console.dll, ProxyDataCollectionManager.BeforeTestRunStart: Get environment variable and port for datacollector processId: 37160 port: 62917
TpTrace Verbose: 0 : 2528, 5, 2024/11/16, 00:46:32.143, 2611417307938, vstest.console.dll, DataCollectionRequestSender.SendBeforeTestRunStartAndGetResult: Send BeforeTestRunStart message with settingsXml <RunSettings><RunConfiguration><ResultsDirectory>C:\Users\chris\Source\Repos\Server\PhoenixApi\AuthenticationTests\bin\Debug\net8.0\fine-code-coverage\coverage-tool-output</ResultsDirectory><TargetPlatform>X64</TargetPlatform><TargetFrameworkVersion>.NETCoreApp,Version=v8.0</TargetFrameworkVersion><DesignMode>False</DesignMode><CollectSourceInformation>False</CollectSourceInformation><TestAdaptersPaths>C:\Program Files\dotnet\sdk\8.0.403\Extensions</TestAdaptersPaths></RunConfiguration><LoggerRunSettings><Loggers><Logger friendlyName="blame" enabled="True" /><Logger friendlyName="Console" uri="logger://microsoft/TestPlatform/ConsoleLogger/v1" assemblyQualifiedName="Microsoft.VisualStudio.TestPlatform.CommandLine.Internal.ConsoleLogger, vstest.console, Version=15.0.0.0, Culture=neutral, PublicKeyToken=b03f5f7f11d50a3a" codeBase="C:\Program Files\dotnet\sdk\8.0.403\vstest.console.dll" enabled="True" /></Loggers></LoggerRunSettings><DataCollectionRunSettings><DataCollectors><DataCollector friendlyName="blame" enabled="True"><Configuration><ResultsDirectory>C:\Users\chris\Source\Repos\Server\PhoenixApi\AuthenticationTests\bin\Debug\net8.0\fine-code-coverage\coverage-tool-output</ResultsDirectory></Configuration></DataCollector></DataCollectors></DataCollectionRunSettings></RunSettings> and sources System.Collections.Generic.List`1[System.String]: 
TpTrace Verbose: 0 : 2528, 5, 2024/11/16, 00:46:32.198, 2611417859076, vstest.console.dll, DataCollectionRequestSender.SendBeforeTestRunStartAndGetResult: Received message: (DataCollection.SendMessage) -> {"MessageType":"DataCollection.SendMessage","Payload":{"FriendlyName":null,"Uri":null,"TestCaseId":"00000000-0000-0000-0000-000000000000","Message":"Logging DataCollector Diagnostics in file: C:\\Users\\chris\\Source\\Repos\\Server\\PhoenixApi\\AuthenticationTests\\bin\\Debug\\net8.0\\fine-code-coverage\\coverage-tool-output\\diagnostics.datacollector.24-11-16_00-46-31_98391_5.log","Level":0}}
TpTrace Verbose: 0 : 2528, 5, 2024/11/16, 00:46:32.277, 2611418646382, vstest.console.dll, DataCollectionRequestSender.SendBeforeTestRunStartAndGetResult: Received message: (DataCollection.BeforeTestRunStartResult) -> {"MessageType":"DataCollection.BeforeTestRunStartResult","Payload":{"EnvironmentVariables":{},"DataCollectionEventsPort":62919}}
TpTrace Information: 0 : 2528, 5, 2024/11/16, 00:46:32.281, 2611418686404, vstest.console.dll, ProxyDataCollectionManager.BeforeTestRunStart: SendBeforeTestRunStartAndGetResult successful, env variable from datacollector:   and testhost port: 62919
TpTrace Information: 0 : 2528, 5, 2024/11/16, 00:46:32.281, 2611418687106, vstest.console.dll, ProxyDataCollectionManager.InvokeDataCollectionServiceAction: Completed.
TpTrace Verbose: 0 : 2528, 5, 2024/11/16, 00:46:32.281, 2611418687604, vstest.console.dll, ParallelProxyExecutionManager.StartTestRunOnConcurrentManager: Initializing test run. Started clients: 0
TpTrace Verbose: 0 : 2528, 5, 2024/11/16, 00:46:32.281, 2611418688284, vstest.console.dll, ProxyExecutionManager: Test host is always Lazy initialize.
TpTrace Verbose: 0 : 2528, 5, 2024/11/16, 00:46:32.281, 2611418689776, vstest.console.dll, TestRequestSender.InitializeCommunication: initialize communication. 
TpTrace Information: 0 : 2528, 5, 2024/11/16, 00:46:32.282, 2611418694944, vstest.console.dll, SocketServer.Start: Listening on endpoint : 127.0.0.1:62920
TpTrace Verbose: 0 : 2528, 5, 2024/11/16, 00:46:32.283, 2611418701311, vstest.console.dll, DotnetTestHostmanager.GetTestHostProcessStartInfo: Platform environment 'X64' target architecture 'X64' framework '.NETCoreApp,Version=v8.0' OS 'Windows'
TpTrace Verbose: 0 : 2528, 5, 2024/11/16, 00:46:32.283, 2611418703434, vstest.console.dll, DotnetTestHostmanager: Adding  --runtimeconfig "C:\Users\chris\Source\Repos\Server\PhoenixApi\AuthenticationTests\bin\Debug\net8.0\fine-code-coverage\build-output\AuthenticationTests.runtimeconfig.json" in args
TpTrace Verbose: 0 : 2528, 5, 2024/11/16, 00:46:32.283, 2611418704586, vstest.console.dll, DotnetTestHostmanager: Adding  --depsfile "C:\Users\chris\Source\Repos\Server\PhoenixApi\AuthenticationTests\bin\Debug\net8.0\fine-code-coverage\build-output\AuthenticationTests.deps.json" in args
TpTrace Verbose: 0 : 2528, 5, 2024/11/16, 00:46:32.283, 2611418706213, vstest.console.dll, DotnetTestHostmanager.IsWinOnArm: Current PROCESSOR_ARCHITECTURE from environment variable 'AMD64'
TpTrace Verbose: 0 : 2528, 5, 2024/11/16, 00:46:32.283, 2611418706755, vstest.console.dll, DotnetTestHostmanager.IsWinOnArm: Is Windows on ARM 'False'
TpTrace Verbose: 0 : 2528, 5, 2024/11/16, 00:46:32.283, 2611418707842, vstest.console.dll, DotnetTestHostManager: testhost.exe found at path: C:\Users\chris\Source\Repos\Server\PhoenixApi\AuthenticationTests\bin\Debug\net8.0\fine-code-coverage\build-output\testhost.exe
TpTrace Verbose: 0 : 2528, 5, 2024/11/16, 00:46:32.283, 2611418708268, vstest.console.dll, DotnetTestHostmanager: Full path of host exe is C:\Users\chris\Source\Repos\Server\PhoenixApi\AuthenticationTests\bin\Debug\net8.0\fine-code-coverage\build-output\testhost.exe
TpTrace Verbose: 0 : 2528, 5, 2024/11/16, 00:46:32.283, 2611418709301, vstest.console.dll, DotnetTestHostmanager.LaunchTestHostAsync: Found 'VSTEST_WINAPPHOST_DOTNET_ROOT' in env variables, value 'C:\Program Files\dotnet', forwarding to 'DOTNET_ROOT'
TpTrace Verbose: 0 : 2528, 5, 2024/11/16, 00:46:32.284, 2611418710355, vstest.console.dll, DotnetTestHostManager: Starting process 'C:\Users\chris\Source\Repos\Server\PhoenixApi\AuthenticationTests\bin\Debug\net8.0\fine-code-coverage\build-output\testhost.exe' with command line ' --runtimeconfig "C:\Users\chris\Source\Repos\Server\PhoenixApi\AuthenticationTests\bin\Debug\net8.0\fine-code-coverage\build-output\AuthenticationTests.runtimeconfig.json" --depsfile "C:\Users\chris\Source\Repos\Server\PhoenixApi\AuthenticationTests\bin\Debug\net8.0\fine-code-coverage\build-output\AuthenticationTests.deps.json" --port 62920 --endpoint 127.0.0.1:062920 --role client --parentprocessid 2528 --diag "C:\Users\chris\Source\Repos\Server\PhoenixApi\AuthenticationTests\bin\Debug\net8.0\fine-code-coverage\coverage-tool-output\diagnostics.host.24-11-16_00-46-32_28278_5.log" --tracelevel 4 --datacollectionport 62919 --telemetryoptedin false'
TpTrace Verbose: 0 : 2528, 5, 2024/11/16, 00:46:32.308, 2611418956279, vstest.console.dll, MulticastDelegateUtilities.SafeInvoke: HostProviderEvents.OnHostLaunched: Invoking callback 1/2 for Microsoft.VisualStudio.TestPlatform.CrossPlatEngine.Client.ProxyExecutionManagerWithDataCollection., took 0 ms.
TpTrace Verbose: 0 : 2528, 5, 2024/11/16, 00:46:32.308, 2611418958322, vstest.console.dll, Test Runtime launched
TpTrace Verbose: 0 : 2528, 5, 2024/11/16, 00:46:32.308, 2611418958825, vstest.console.dll, MulticastDelegateUtilities.SafeInvoke: HostProviderEvents.OnHostLaunched: Invoking callback 2/2 for Microsoft.VisualStudio.TestPlatform.CrossPlatEngine.Client.ProxyOperationManager., took 0 ms.
TpTrace Verbose: 0 : 2528, 5, 2024/11/16, 00:46:32.308, 2611418959748, vstest.console.dll, TestRequestSender.WaitForRequestHandlerConnection: waiting for connection with timeout: 90000.
TpTrace Verbose: 0 : 2528, 14, 2024/11/16, 00:46:32.467, 2611420545794, vstest.console.dll, MulticastDelegateUtilities.SafeInvoke: SocketServer: ClientConnected: Invoking callback 1/1 for Microsoft.VisualStudio.TestPlatform.CommunicationUtilities.TestRequestSender., took 0 ms.
TpTrace Verbose: 0 : 2528, 5, 2024/11/16, 00:46:32.467, 2611420545793, vstest.console.dll, TestRequestSender.WaitForRequestHandlerConnection: waiting took 158 ms, with timeout 90000 ms, and result 0, which is success.
TpTrace Verbose: 0 : 2528, 14, 2024/11/16, 00:46:32.467, 2611420546748, vstest.console.dll, SocketServer.OnClientConnected: Client connected for endPoint: 127.0.0.1:62920, starting MessageLoopAsync:
TpTrace Verbose: 0 : 2528, 15, 2024/11/16, 00:46:32.468, 2611420551857, vstest.console.dll, TcpClientExtensions.MessageLoopAsync: Polling on remoteEndPoint: 127.0.0.1:62921 localEndPoint: 127.0.0.1:62920 after 0 ms
TpTrace Verbose: 0 : 2528, 5, 2024/11/16, 00:46:32.468, 2611420554426, vstest.console.dll, TestRequestSender.CheckVersionWithTestHost: Sending check version message: {"MessageType":"ProtocolVersion","Payload":7}
TpTrace Verbose: 0 : 2528, 15, 2024/11/16, 00:46:32.545, 2611421323369, vstest.console.dll, TcpClientExtensions.MessageLoopAsync: NotifyDataAvailable remoteEndPoint: 127.0.0.1:62921 localEndPoint: 127.0.0.1:62920
TpTrace Verbose: 0 : 2528, 15, 2024/11/16, 00:46:32.545, 2611421324848, vstest.console.dll, TestRequestSender.CheckVersionWithTestHost: onMessageReceived received message: (ProtocolVersion) -> {"MessageType":"ProtocolVersion","Payload":7}
TpTrace Verbose: 0 : 2528, 15, 2024/11/16, 00:46:32.545, 2611421329313, vstest.console.dll, MulticastDelegateUtilities.SafeInvoke: LengthPrefixCommunicationChannel: MessageReceived: Invoking callback 1/1 for Microsoft.VisualStudio.TestPlatform.CommunicationUtilities.TestRequestSender+<>c__DisplayClass29_0., took 0 ms.
TpTrace Verbose: 0 : 2528, 15, 2024/11/16, 00:46:32.545, 2611421329933, vstest.console.dll, TcpClientExtensions.MessageLoopAsync: Polling on remoteEndPoint: 127.0.0.1:62921 localEndPoint: 127.0.0.1:62920 after 77 ms
TpTrace Verbose: 0 : 2528, 5, 2024/11/16, 00:46:32.545, 2611421330110, vstest.console.dll, TestPluginCache.GetExtensionPaths: Filtered extension paths: 
TpTrace Verbose: 0 : 2528, 5, 2024/11/16, 00:46:32.546, 2611421331001, vstest.console.dll, TestPluginCache.GetExtensionPaths: Added default extension paths: C:\Program Files\dotnet\sdk\8.0.403\Extensions\Microsoft.Diagnostics.NETCore.Client.dll
C:\Program Files\dotnet\sdk\8.0.403\Extensions\Microsoft.TestPlatform.Extensions.BlameDataCollector.dll
C:\Program Files\dotnet\sdk\8.0.403\Extensions\Microsoft.TestPlatform.Extensions.EventLogCollector.dll
C:\Program Files\dotnet\sdk\8.0.403\Extensions\Microsoft.TestPlatform.TestHostRuntimeProvider.dll
C:\Program Files\dotnet\sdk\8.0.403\Extensions\Microsoft.VisualStudio.TestPlatform.Extensions.Html.TestLogger.dll
C:\Program Files\dotnet\sdk\8.0.403\Extensions\Microsoft.VisualStudio.TestPlatform.Extensions.Trx.TestLogger.dll
TpTrace Verbose: 0 : 2528, 5, 2024/11/16, 00:46:32.546, 2611421331436, vstest.console.dll, TestPluginCache.GetExtensionPaths: Added unfilterableExtensionPaths: 
TpTrace Verbose: 0 : 2528, 5, 2024/11/16, 00:46:32.548, 2611421354077, vstest.console.dll, TestRequestSender.InitializeExecution: Sending initialize execution with message: {"Version":7,"MessageType":"TestExecution.Initialize","Payload":["C:\\Users\\chris\\Source\\Repos\\Server\\PhoenixApi\\AuthenticationTests\\bin\\Debug\\net8.0\\fine-code-coverage\\build-output\\xunit.runner.visualstudio.dotnetcore.testadapter.dll"]}
TpTrace Verbose: 0 : 2528, 5, 2024/11/16, 00:46:32.548, 2611421355101, vstest.console.dll, ParallelProxyExecutionManager.StartTestRunOnConcurrentManager: Execution starting. Started clients: 1
TpTrace Verbose: 0 : 2528, 5, 2024/11/16, 00:46:32.548, 2611421357067, vstest.console.dll, TestRunRequest:SendTestRunMessage: Starting.
TpTrace Verbose: 0 : 2528, 5, 2024/11/16, 00:46:32.548, 2611421358403, vstest.console.dll, MulticastDelegateUtilities.SafeInvoke: TestRun.LogMessages: Invoking callback 1/1 for Microsoft.VisualStudio.TestPlatform.CommandLine.TestRunResultAggregator., took 0 ms.
TpTrace Information: 0 : 2528, 5, 2024/11/16, 00:46:32.548, 2611421358793, vstest.console.dll, TestRunRequest:SendTestRunMessage: Completed.
TpTrace Verbose: 0 : 2528, 4, 2024/11/16, 00:46:32.548, 2611421359755, vstest.console.dll, MulticastDelegateUtilities.SafeInvoke: InternalTestLoggerEvents.SendTestRunMessage: Invoking callback 1/1 for Microsoft.VisualStudio.TestPlatform.CommandLine.Internal.ConsoleLogger., took 0 ms.
TpTrace Warning: 0 : 2528, 5, 2024/11/16, 00:46:32.549, 2611421361676, vstest.console.dll, InferRunSettingsHelper.MakeRunsettingsCompatible: Removing the following settings: TargetPlatform from RunSettings file. To use those settings please move to latest version of Microsoft.NET.Test.Sdk
TpTrace Verbose: 0 : 2528, 15, 2024/11/16, 00:46:32.549, 2611421363136, vstest.console.dll, TcpClientExtensions.MessageLoopAsync: NotifyDataAvailable remoteEndPoint: 127.0.0.1:62921 localEndPoint: 127.0.0.1:62920
TpTrace Verbose: 0 : 2528, 15, 2024/11/16, 00:46:32.549, 2611421366633, vstest.console.dll, TestRequestSender.OnExecutionMessageReceived: Received message: {"Version":7,"MessageType":"TestSession.Message","Payload":{"MessageLevel":0,"Message":"Logging TestHost Diagnostics in file: C:\\Users\\chris\\Source\\Repos\\Server\\PhoenixApi\\AuthenticationTests\\bin\\Debug\\net8.0\\fine-code-coverage\\coverage-tool-output\\diagnostics.host.24-11-16_00-46-32_28278_5.log"}}
TpTrace Verbose: 0 : 2528, 15, 2024/11/16, 00:46:32.551, 2611421385959, vstest.console.dll, TestRunRequest:SendTestRunMessage: Starting.
TpTrace Verbose: 0 : 2528, 4, 2024/11/16, 00:46:32.551, 2611421386922, vstest.console.dll, MulticastDelegateUtilities.SafeInvoke: InternalTestLoggerEvents.SendTestRunMessage: Invoking callback 1/1 for Microsoft.VisualStudio.TestPlatform.CommandLine.Internal.ConsoleLogger., took 0 ms.
TpTrace Verbose: 0 : 2528, 15, 2024/11/16, 00:46:32.551, 2611421386733, vstest.console.dll, MulticastDelegateUtilities.SafeInvoke: TestRun.LogMessages: Invoking callback 1/1 for Microsoft.VisualStudio.TestPlatform.CommandLine.TestRunResultAggregator., took 0 ms.
TpTrace Information: 0 : 2528, 15, 2024/11/16, 00:46:32.551, 2611421387957, vstest.console.dll, TestRunRequest:SendTestRunMessage: Completed.
TpTrace Verbose: 0 : 2528, 15, 2024/11/16, 00:46:32.551, 2611421388345, vstest.console.dll, MulticastDelegateUtilities.SafeInvoke: LengthPrefixCommunicationChannel: MessageReceived: Invoking callback 1/1 for Microsoft.VisualStudio.TestPlatform.CommunicationUtilities.TestRequestSender+<>c__DisplayClass34_0., took 2 ms.
TpTrace Verbose: 0 : 2528, 15, 2024/11/16, 00:46:32.551, 2611421388664, vstest.console.dll, TcpClientExtensions.MessageLoopAsync: Polling on remoteEndPoint: 127.0.0.1:62921 localEndPoint: 127.0.0.1:62920 after 5 ms
TpTrace Verbose: 0 : 2528, 5, 2024/11/16, 00:46:32.553, 2611421408654, vstest.console.dll, TestRequestSender.StartTestRun: Sending test run with message: {"Version":7,"MessageType":"TestExecution.StartWithSources","Payload":{"AdapterSourceMap":{"_none_":["C:\\Users\\chris\\Source\\Repos\\Server\\PhoenixApi\\AuthenticationTests\\bin\\Debug\\net8.0\\fine-code-coverage\\build-output\\AuthenticationTests.dll"]},"RunSettings":"<RunSettings>\r\n  <RunConfiguration>\r\n    <ResultsDirectory>C:\\Users\\chris\\Source\\Repos\\Server\\PhoenixApi\\AuthenticationTests\\bin\\Debug\\net8.0\\fine-code-coverage\\coverage-tool-output</ResultsDirectory>\r\n    <TargetFrameworkVersion>.NETCoreApp,Version=v8.0</TargetFrameworkVersion>\r\n    <DesignMode>False</DesignMode>\r\n    <CollectSourceInformation>False</CollectSourceInformation>\r\n  </RunConfiguration>\r\n  <LoggerRunSettings>\r\n    <Loggers>\r\n      <Logger friendlyName=\"blame\" enabled=\"True\" />\r\n      <Logger friendlyName=\"Console\" uri=\"logger://microsoft/TestPlatform/ConsoleLogger/v1\" assemblyQualifiedName=\"Microsoft.VisualStudio.TestPlatform.CommandLine.Internal.ConsoleLogger, vstest.console, Version=15.0.0.0, Culture=neutral, PublicKeyToken=b03f5f7f11d50a3a\" codeBase=\"C:\\Program Files\\dotnet\\sdk\\8.0.403\\vstest.console.dll\" enabled=\"True\" />\r\n    </Loggers>\r\n  </LoggerRunSettings>\r\n  <DataCollectionRunSettings>\r\n    <DataCollectors>\r\n      <DataCollector friendlyName=\"blame\" enabled=\"True\">\r\n        <Configuration>\r\n          <ResultsDirectory>C:\\Users\\chris\\Source\\Repos\\Server\\PhoenixApi\\AuthenticationTests\\bin\\Debug\\net8.0\\fine-code-coverage\\coverage-tool-output</ResultsDirectory>\r\n        </Configuration>\r\n      </DataCollector>\r\n    </DataCollectors>\r\n  </DataCollectionRunSettings>\r\n</RunSettings>","TestExecutionContext":{"FrequencyOfRunStatsChangeEvent":10,"RunStatsChangeEventTimeout":"00:00:01.5000000","InIsolation":false,"KeepAlive":false,"AreTestCaseLevelEventsRequired":false,"IsDebug":false,"TestCaseFilter":null,"FilterOptions":null},"Package":null}}
TpTrace Verbose: 0 : 2528, 5, 2024/11/16, 00:46:32.553, 2611421409640, vstest.console.dll, ParallelProxyExecutionManager.StartTestRunOnConcurrentManager: Execution started. Started clients: 1
TpTrace Verbose: 0 : 2528, 15, 2024/11/16, 00:46:32.647, 2611422344588, vstest.console.dll, TcpClientExtensions.MessageLoopAsync: NotifyDataAvailable remoteEndPoint: 127.0.0.1:62921 localEndPoint: 127.0.0.1:62920
TpTrace Verbose: 0 : 2528, 15, 2024/11/16, 00:46:32.647, 2611422346177, vstest.console.dll, TestRequestSender.OnExecutionMessageReceived: Received message: {"Version":7,"MessageType":"TestSession.Message","Payload":{"MessageLevel":0,"Message":"[xUnit.net 00:00:00.00] xUnit.net VSTest Adapter v2.5.3.1+6b60a9e56a (64-bit .NET 8.0.10)"}}
TpTrace Verbose: 0 : 2528, 15, 2024/11/16, 00:46:32.647, 2611422347854, vstest.console.dll, TestRunRequest:SendTestRunMessage: Starting.
TpTrace Verbose: 0 : 2528, 15, 2024/11/16, 00:46:32.647, 2611422348438, vstest.console.dll, MulticastDelegateUtilities.SafeInvoke: TestRun.LogMessages: Invoking callback 1/1 for Microsoft.VisualStudio.TestPlatform.CommandLine.TestRunResultAggregator., took 0 ms.
TpTrace Information: 0 : 2528, 15, 2024/11/16, 00:46:32.647, 2611422348692, vstest.console.dll, TestRunRequest:SendTestRunMessage: Completed.
TpTrace Verbose: 0 : 2528, 4, 2024/11/16, 00:46:32.647, 2611422348667, vstest.console.dll, MulticastDelegateUtilities.SafeInvoke: InternalTestLoggerEvents.SendTestRunMessage: Invoking callback 1/1 for Microsoft.VisualStudio.TestPlatform.CommandLine.Internal.ConsoleLogger., took 0 ms.
TpTrace Verbose: 0 : 2528, 15, 2024/11/16, 00:46:32.647, 2611422349535, vstest.console.dll, MulticastDelegateUtilities.SafeInvoke: LengthPrefixCommunicationChannel: MessageReceived: Invoking callback 1/1 for Microsoft.VisualStudio.TestPlatform.CommunicationUtilities.TestRequestSender+<>c__DisplayClass34_0., took 0 ms.
TpTrace Verbose: 0 : 2528, 15, 2024/11/16, 00:46:32.647, 2611422350155, vstest.console.dll, TcpClientExtensions.MessageLoopAsync: Polling on remoteEndPoint: 127.0.0.1:62921 localEndPoint: 127.0.0.1:62920 after 96 ms
TpTrace Verbose: 0 : 2528, 15, 2024/11/16, 00:46:32.715, 2611423021307, vstest.console.dll, TcpClientExtensions.MessageLoopAsync: NotifyDataAvailable remoteEndPoint: 127.0.0.1:62921 localEndPoint: 127.0.0.1:62920
TpTrace Verbose: 0 : 2528, 15, 2024/11/16, 00:46:32.715, 2611423022189, vstest.console.dll, TestRequestSender.OnExecutionMessageReceived: Received message: {"Version":7,"MessageType":"TestSession.Message","Payload":{"MessageLevel":0,"Message":"[xUnit.net 00:00:00.07]   Discovering: AuthenticationTests"}}
TpTrace Verbose: 0 : 2528, 15, 2024/11/16, 00:46:32.715, 2611423023121, vstest.console.dll, TestRunRequest:SendTestRunMessage: Starting.
TpTrace Verbose: 0 : 2528, 15, 2024/11/16, 00:46:32.715, 2611423023598, vstest.console.dll, MulticastDelegateUtilities.SafeInvoke: TestRun.LogMessages: Invoking callback 1/1 for Microsoft.VisualStudio.TestPlatform.CommandLine.TestRunResultAggregator., took 0 ms.
TpTrace Information: 0 : 2528, 15, 2024/11/16, 00:46:32.715, 2611423023822, vstest.console.dll, TestRunRequest:SendTestRunMessage: Completed.
TpTrace Verbose: 0 : 2528, 4, 2024/11/16, 00:46:32.715, 2611423023834, vstest.console.dll, MulticastDelegateUtilities.SafeInvoke: InternalTestLoggerEvents.SendTestRunMessage: Invoking callback 1/1 for Microsoft.VisualStudio.TestPlatform.CommandLine.Internal.ConsoleLogger., took 0 ms.
TpTrace Verbose: 0 : 2528, 15, 2024/11/16, 00:46:32.715, 2611423024509, vstest.console.dll, MulticastDelegateUtilities.SafeInvoke: LengthPrefixCommunicationChannel: MessageReceived: Invoking callback 1/1 for Microsoft.VisualStudio.TestPlatform.CommunicationUtilities.TestRequestSender+<>c__DisplayClass34_0., took 0 ms.
TpTrace Verbose: 0 : 2528, 15, 2024/11/16, 00:46:32.715, 2611423025638, vstest.console.dll, TcpClientExtensions.MessageLoopAsync: Polling on remoteEndPoint: 127.0.0.1:62921 localEndPoint: 127.0.0.1:62920 after 67 ms
TpTrace Verbose: 0 : 2528, 15, 2024/11/16, 00:46:32.741, 2611423283012, vstest.console.dll, TcpClientExtensions.MessageLoopAsync: NotifyDataAvailable remoteEndPoint: 127.0.0.1:62921 localEndPoint: 127.0.0.1:62920
TpTrace Verbose: 0 : 2528, 15, 2024/11/16, 00:46:32.741, 2611423283934, vstest.console.dll, TestRequestSender.OnExecutionMessageReceived: Received message: {"Version":7,"MessageType":"TestSession.Message","Payload":{"MessageLevel":0,"Message":"[xUnit.net 00:00:00.09]   Discovered:  AuthenticationTests"}}
TpTrace Verbose: 0 : 2528, 15, 2024/11/16, 00:46:32.741, 2611423284715, vstest.console.dll, TestRunRequest:SendTestRunMessage: Starting.
TpTrace Verbose: 0 : 2528, 15, 2024/11/16, 00:46:32.741, 2611423285160, vstest.console.dll, MulticastDelegateUtilities.SafeInvoke: TestRun.LogMessages: Invoking callback 1/1 for Microsoft.VisualStudio.TestPlatform.CommandLine.TestRunResultAggregator., took 0 ms.
TpTrace Information: 0 : 2528, 15, 2024/11/16, 00:46:32.741, 2611423285392, vstest.console.dll, TestRunRequest:SendTestRunMessage: Completed.
TpTrace Verbose: 0 : 2528, 4, 2024/11/16, 00:46:32.741, 2611423285455, vstest.console.dll, MulticastDelegateUtilities.SafeInvoke: InternalTestLoggerEvents.SendTestRunMessage: Invoking callback 1/1 for Microsoft.VisualStudio.TestPlatform.CommandLine.Internal.ConsoleLogger., took 0 ms.
TpTrace Verbose: 0 : 2528, 15, 2024/11/16, 00:46:32.741, 2611423286223, vstest.console.dll, MulticastDelegateUtilities.SafeInvoke: LengthPrefixCommunicationChannel: MessageReceived: Invoking callback 1/1 for Microsoft.VisualStudio.TestPlatform.CommunicationUtilities.TestRequestSender+<>c__DisplayClass34_0., took 0 ms.
TpTrace Verbose: 0 : 2528, 15, 2024/11/16, 00:46:32.741, 2611423286711, vstest.console.dll, TcpClientExtensions.MessageLoopAsync: Polling on remoteEndPoint: 127.0.0.1:62921 localEndPoint: 127.0.0.1:62920 after 26 ms
TpTrace Verbose: 0 : 2528, 15, 2024/11/16, 00:46:32.743, 2611423303477, vstest.console.dll, TcpClientExtensions.MessageLoopAsync: NotifyDataAvailable remoteEndPoint: 127.0.0.1:62921 localEndPoint: 127.0.0.1:62920
TpTrace Verbose: 0 : 2528, 15, 2024/11/16, 00:46:32.743, 2611423304238, vstest.console.dll, TestRequestSender.OnExecutionMessageReceived: Received message: {"Version":7,"MessageType":"TestSession.Message","Payload":{"MessageLevel":0,"Message":"[xUnit.net 00:00:00.09]   Starting:    AuthenticationTests"}}
TpTrace Verbose: 0 : 2528, 15, 2024/11/16, 00:46:32.743, 2611423304871, vstest.console.dll, TestRunRequest:SendTestRunMessage: Starting.
TpTrace Verbose: 0 : 2528, 15, 2024/11/16, 00:46:32.743, 2611423305289, vstest.console.dll, MulticastDelegateUtilities.SafeInvoke: TestRun.LogMessages: Invoking callback 1/1 for Microsoft.VisualStudio.TestPlatform.CommandLine.TestRunResultAggregator., took 0 ms.
TpTrace Verbose: 0 : 2528, 4, 2024/11/16, 00:46:32.743, 2611423305486, vstest.console.dll, MulticastDelegateUtilities.SafeInvoke: InternalTestLoggerEvents.SendTestRunMessage: Invoking callback 1/1 for Microsoft.VisualStudio.TestPlatform.CommandLine.Internal.ConsoleLogger., took 0 ms.
TpTrace Information: 0 : 2528, 15, 2024/11/16, 00:46:32.743, 2611423305600, vstest.console.dll, TestRunRequest:SendTestRunMessage: Completed.
TpTrace Verbose: 0 : 2528, 15, 2024/11/16, 00:46:32.743, 2611423306468, vstest.console.dll, MulticastDelegateUtilities.SafeInvoke: LengthPrefixCommunicationChannel: MessageReceived: Invoking callback 1/1 for Microsoft.VisualStudio.TestPlatform.CommunicationUtilities.TestRequestSender+<>c__DisplayClass34_0., took 0 ms.
TpTrace Verbose: 0 : 2528, 15, 2024/11/16, 00:46:32.743, 2611423306751, vstest.console.dll, TcpClientExtensions.MessageLoopAsync: Polling on remoteEndPoint: 127.0.0.1:62921 localEndPoint: 127.0.0.1:62920 after 1 ms
TpTrace Verbose: 0 : 2528, 15, 2024/11/16, 00:46:32.836, 2611424239033, vstest.console.dll, TcpClientExtensions.MessageLoopAsync: NotifyDataAvailable remoteEndPoint: 127.0.0.1:62921 localEndPoint: 127.0.0.1:62920
TpTrace Verbose: 0 : 2528, 15, 2024/11/16, 00:46:32.837, 2611424240474, vstest.console.dll, TestRequestSender.OnExecutionMessageReceived: Received message: {"Version":7,"MessageType":"TestSession.Message","Payload":{"MessageLevel":2,"Message":"[xUnit.net 00:00:00.19]     AuthenticationTests.Service.AuthenticationServiceTests.GenerateJwtToken_SigningKeyIsNull_ThrowsArgumentNullException [FAIL]"}}
TpTrace Verbose: 0 : 2528, 15, 2024/11/16, 00:46:32.837, 2611424241758, vstest.console.dll, TestRunRequest:SendTestRunMessage: Starting.
TpTrace Verbose: 0 : 2528, 15, 2024/11/16, 00:46:32.837, 2611424242273, vstest.console.dll, MulticastDelegateUtilities.SafeInvoke: TestRun.LogMessages: Invoking callback 1/1 for Microsoft.VisualStudio.TestPlatform.CommandLine.TestRunResultAggregator., took 0 ms.
TpTrace Information: 0 : 2528, 15, 2024/11/16, 00:46:32.837, 2611424242511, vstest.console.dll, TestRunRequest:SendTestRunMessage: Completed.
TpTrace Verbose: 0 : 2528, 15, 2024/11/16, 00:46:32.837, 2611424243170, vstest.console.dll, MulticastDelegateUtilities.SafeInvoke: LengthPrefixCommunicationChannel: MessageReceived: Invoking callback 1/1 for Microsoft.VisualStudio.TestPlatform.CommunicationUtilities.TestRequestSender+<>c__DisplayClass34_0., took 0 ms.
TpTrace Verbose: 0 : 2528, 15, 2024/11/16, 00:46:32.837, 2611424243480, vstest.console.dll, TcpClientExtensions.MessageLoopAsync: Polling on remoteEndPoint: 127.0.0.1:62921 localEndPoint: 127.0.0.1:62920 after 93 ms
TpTrace Verbose: 0 : 2528, 4, 2024/11/16, 00:46:32.837, 2611424243436, vstest.console.dll, MulticastDelegateUtilities.SafeInvoke: InternalTestLoggerEvents.SendTestRunMessage: Invoking callback 1/1 for Microsoft.VisualStudio.TestPlatform.CommandLine.Internal.ConsoleLogger., took 0 ms.
TpTrace Verbose: 0 : 2528, 15, 2024/11/16, 00:46:32.837, 2611424244489, vstest.console.dll, TcpClientExtensions.MessageLoopAsync: NotifyDataAvailable remoteEndPoint: 127.0.0.1:62921 localEndPoint: 127.0.0.1:62920
TpTrace Verbose: 0 : 2528, 15, 2024/11/16, 00:46:32.837, 2611424245505, vstest.console.dll, TestRequestSender.OnExecutionMessageReceived: Received message: {"Version":7,"MessageType":"TestSession.Message","Payload":{"MessageLevel":0,"Message":"[xUnit.net 00:00:00.19]       Assert.Fail() Failure"}}
TpTrace Verbose: 0 : 2528, 15, 2024/11/16, 00:46:32.837, 2611424246541, vstest.console.dll, TestRunRequest:SendTestRunMessage: Starting.
TpTrace Verbose: 0 : 2528, 15, 2024/11/16, 00:46:32.837, 2611424247391, vstest.console.dll, MulticastDelegateUtilities.SafeInvoke: TestRun.LogMessages: Invoking callback 1/1 for Microsoft.VisualStudio.TestPlatform.CommandLine.TestRunResultAggregator., took 0 ms.
TpTrace Verbose: 0 : 2528, 4, 2024/11/16, 00:46:32.837, 2611424247517, vstest.console.dll, MulticastDelegateUtilities.SafeInvoke: InternalTestLoggerEvents.SendTestRunMessage: Invoking callback 1/1 for Microsoft.VisualStudio.TestPlatform.CommandLine.Internal.ConsoleLogger., took 0 ms.
TpTrace Information: 0 : 2528, 15, 2024/11/16, 00:46:32.837, 2611424248029, vstest.console.dll, TestRunRequest:SendTestRunMessage: Completed.
TpTrace Verbose: 0 : 2528, 15, 2024/11/16, 00:46:32.837, 2611424249276, vstest.console.dll, MulticastDelegateUtilities.SafeInvoke: LengthPrefixCommunicationChannel: MessageReceived: Invoking callback 1/1 for Microsoft.VisualStudio.TestPlatform.CommunicationUtilities.TestRequestSender+<>c__DisplayClass34_0., took 0 ms.
TpTrace Verbose: 0 : 2528, 15, 2024/11/16, 00:46:32.837, 2611424249558, vstest.console.dll, TcpClientExtensions.MessageLoopAsync: Polling on remoteEndPoint: 127.0.0.1:62921 localEndPoint: 127.0.0.1:62920 after 0 ms
TpTrace Verbose: 0 : 2528, 15, 2024/11/16, 00:46:32.837, 2611424249821, vstest.console.dll, TcpClientExtensions.MessageLoopAsync: NotifyDataAvailable remoteEndPoint: 127.0.0.1:62921 localEndPoint: 127.0.0.1:62920
TpTrace Verbose: 0 : 2528, 15, 2024/11/16, 00:46:32.838, 2611424250270, vstest.console.dll, TestRequestSender.OnExecutionMessageReceived: Received message: {"Version":7,"MessageType":"TestSession.Message","Payload":{"MessageLevel":0,"Message":"[xUnit.net 00:00:00.19]       Stack Trace:"}}
TpTrace Verbose: 0 : 2528, 15, 2024/11/16, 00:46:32.838, 2611424250980, vstest.console.dll, TestRunRequest:SendTestRunMessage: Starting.
TpTrace Verbose: 0 : 2528, 15, 2024/11/16, 00:46:32.838, 2611424251765, vstest.console.dll, MulticastDelegateUtilities.SafeInvoke: TestRun.LogMessages: Invoking callback 1/1 for Microsoft.VisualStudio.TestPlatform.CommandLine.TestRunResultAggregator., took 0 ms.
TpTrace Verbose: 0 : 2528, 4, 2024/11/16, 00:46:32.838, 2611424251877, vstest.console.dll, MulticastDelegateUtilities.SafeInvoke: InternalTestLoggerEvents.SendTestRunMessage: Invoking callback 1/1 for Microsoft.VisualStudio.TestPlatform.CommandLine.Internal.ConsoleLogger., took 0 ms.
TpTrace Information: 0 : 2528, 15, 2024/11/16, 00:46:32.838, 2611424252319, vstest.console.dll, TestRunRequest:SendTestRunMessage: Completed.
TpTrace Verbose: 0 : 2528, 15, 2024/11/16, 00:46:32.838, 2611424253647, vstest.console.dll, MulticastDelegateUtilities.SafeInvoke: LengthPrefixCommunicationChannel: MessageReceived: Invoking callback 1/1 for Microsoft.VisualStudio.TestPlatform.CommunicationUtilities.TestRequestSender+<>c__DisplayClass34_0., took 0 ms.
TpTrace Verbose: 0 : 2528, 15, 2024/11/16, 00:46:32.838, 2611424253948, vstest.console.dll, TcpClientExtensions.MessageLoopAsync: Polling on remoteEndPoint: 127.0.0.1:62921 localEndPoint: 127.0.0.1:62920 after 0 ms
TpTrace Verbose: 0 : 2528, 15, 2024/11/16, 00:46:32.838, 2611424254225, vstest.console.dll, TcpClientExtensions.MessageLoopAsync: NotifyDataAvailable remoteEndPoint: 127.0.0.1:62921 localEndPoint: 127.0.0.1:62920
TpTrace Verbose: 0 : 2528, 15, 2024/11/16, 00:46:32.838, 2611424254687, vstest.console.dll, TestRequestSender.OnExecutionMessageReceived: Received message: {"Version":7,"MessageType":"TestSession.Message","Payload":{"MessageLevel":0,"Message":"[xUnit.net 00:00:00.19]         C:\\Users\\chris\\Source\\Repos\\Server\\PhoenixApi\\AuthenticationTests\\Service\\AuthenticationServiceTests.GenerateJwtToken.cs(25,0): at AuthenticationTests.Service.AuthenticationServiceTests.GenerateJwtToken_SigningKeyIsNull_ThrowsArgumentNullException()"}}
TpTrace Verbose: 0 : 2528, 15, 2024/11/16, 00:46:32.838, 2611424255382, vstest.console.dll, TestRunRequest:SendTestRunMessage: Starting.
TpTrace Verbose: 0 : 2528, 15, 2024/11/16, 00:46:32.838, 2611424255912, vstest.console.dll, MulticastDelegateUtilities.SafeInvoke: TestRun.LogMessages: Invoking callback 1/1 for Microsoft.VisualStudio.TestPlatform.CommandLine.TestRunResultAggregator., took 0 ms.
TpTrace Verbose: 0 : 2528, 4, 2024/11/16, 00:46:32.838, 2611424256148, vstest.console.dll, MulticastDelegateUtilities.SafeInvoke: InternalTestLoggerEvents.SendTestRunMessage: Invoking callback 1/1 for Microsoft.VisualStudio.TestPlatform.CommandLine.Internal.ConsoleLogger., took 0 ms.
TpTrace Information: 0 : 2528, 15, 2024/11/16, 00:46:32.838, 2611424256212, vstest.console.dll, TestRunRequest:SendTestRunMessage: Completed.
TpTrace Verbose: 0 : 2528, 15, 2024/11/16, 00:46:32.838, 2611424257134, vstest.console.dll, MulticastDelegateUtilities.SafeInvoke: LengthPrefixCommunicationChannel: MessageReceived: Invoking callback 1/1 for Microsoft.VisualStudio.TestPlatform.CommunicationUtilities.TestRequestSender+<>c__DisplayClass34_0., took 0 ms.
TpTrace Verbose: 0 : 2528, 15, 2024/11/16, 00:46:32.838, 2611424257409, vstest.console.dll, TcpClientExtensions.MessageLoopAsync: Polling on remoteEndPoint: 127.0.0.1:62921 localEndPoint: 127.0.0.1:62920 after 0 ms
TpTrace Verbose: 0 : 2528, 15, 2024/11/16, 00:46:32.838, 2611424257665, vstest.console.dll, TcpClientExtensions.MessageLoopAsync: NotifyDataAvailable remoteEndPoint: 127.0.0.1:62921 localEndPoint: 127.0.0.1:62920
TpTrace Verbose: 0 : 2528, 15, 2024/11/16, 00:46:32.838, 2611424258039, vstest.console.dll, TestRequestSender.OnExecutionMessageReceived: Received message: {"Version":7,"MessageType":"TestSession.Message","Payload":{"MessageLevel":0,"Message":"[xUnit.net 00:00:00.19]         --- End of stack trace from previous location ---"}}
TpTrace Verbose: 0 : 2528, 15, 2024/11/16, 00:46:32.838, 2611424258687, vstest.console.dll, TestRunRequest:SendTestRunMessage: Starting.
TpTrace Verbose: 0 : 2528, 15, 2024/11/16, 00:46:32.838, 2611424259068, vstest.console.dll, MulticastDelegateUtilities.SafeInvoke: TestRun.LogMessages: Invoking callback 1/1 for Microsoft.VisualStudio.TestPlatform.CommandLine.TestRunResultAggregator., took 0 ms.
TpTrace Information: 0 : 2528, 15, 2024/11/16, 00:46:32.838, 2611424259281, vstest.console.dll, TestRunRequest:SendTestRunMessage: Completed.
TpTrace Verbose: 0 : 2528, 4, 2024/11/16, 00:46:32.838, 2611424259292, vstest.console.dll, MulticastDelegateUtilities.SafeInvoke: InternalTestLoggerEvents.SendTestRunMessage: Invoking callback 1/1 for Microsoft.VisualStudio.TestPlatform.CommandLine.Internal.ConsoleLogger., took 0 ms.
TpTrace Verbose: 0 : 2528, 15, 2024/11/16, 00:46:32.838, 2611424259567, vstest.console.dll, MulticastDelegateUtilities.SafeInvoke: LengthPrefixCommunicationChannel: MessageReceived: Invoking callback 1/1 for Microsoft.VisualStudio.TestPlatform.CommunicationUtilities.TestRequestSender+<>c__DisplayClass34_0., took 0 ms.
TpTrace Verbose: 0 : 2528, 15, 2024/11/16, 00:46:32.839, 2611424260698, vstest.console.dll, TcpClientExtensions.MessageLoopAsync: Polling on remoteEndPoint: 127.0.0.1:62921 localEndPoint: 127.0.0.1:62920 after 0 ms
TpTrace Verbose: 0 : 2528, 15, 2024/11/16, 00:46:32.853, 2611424403107, vstest.console.dll, TcpClientExtensions.MessageLoopAsync: NotifyDataAvailable remoteEndPoint: 127.0.0.1:62921 localEndPoint: 127.0.0.1:62920
TpTrace Verbose: 0 : 2528, 15, 2024/11/16, 00:46:32.853, 2611424403849, vstest.console.dll, TestRequestSender.OnExecutionMessageReceived: Received message: {"Version":7,"MessageType":"TestSession.Message","Payload":{"MessageLevel":2,"Message":"[xUnit.net 00:00:00.20]     AuthenticationTests.Service.AuthenticationServiceTests.UpdateHubWithCredentials_RepositoryThrowsException_ThrowsException [FAIL]"}}
TpTrace Verbose: 0 : 2528, 15, 2024/11/16, 00:46:32.853, 2611424404534, vstest.console.dll, TestRunRequest:SendTestRunMessage: Starting.
TpTrace Verbose: 0 : 2528, 15, 2024/11/16, 00:46:32.853, 2611424404961, vstest.console.dll, MulticastDelegateUtilities.SafeInvoke: TestRun.LogMessages: Invoking callback 1/1 for Microsoft.VisualStudio.TestPlatform.CommandLine.TestRunResultAggregator., took 0 ms.
TpTrace Information: 0 : 2528, 15, 2024/11/16, 00:46:32.853, 2611424405194, vstest.console.dll, TestRunRequest:SendTestRunMessage: Completed.
TpTrace Verbose: 0 : 2528, 15, 2024/11/16, 00:46:32.853, 2611424405464, vstest.console.dll, MulticastDelegateUtilities.SafeInvoke: LengthPrefixCommunicationChannel: MessageReceived: Invoking callback 1/1 for Microsoft.VisualStudio.TestPlatform.CommunicationUtilities.TestRequestSender+<>c__DisplayClass34_0., took 0 ms.
TpTrace Verbose: 0 : 2528, 4, 2024/11/16, 00:46:32.853, 2611424405472, vstest.console.dll, MulticastDelegateUtilities.SafeInvoke: InternalTestLoggerEvents.SendTestRunMessage: Invoking callback 1/1 for Microsoft.VisualStudio.TestPlatform.CommandLine.Internal.ConsoleLogger., took 0 ms.
TpTrace Verbose: 0 : 2528, 15, 2024/11/16, 00:46:32.853, 2611424406170, vstest.console.dll, TcpClientExtensions.MessageLoopAsync: Polling on remoteEndPoint: 127.0.0.1:62921 localEndPoint: 127.0.0.1:62920 after 14 ms
TpTrace Verbose: 0 : 2528, 15, 2024/11/16, 00:46:32.853, 2611424407324, vstest.console.dll, TcpClientExtensions.MessageLoopAsync: NotifyDataAvailable remoteEndPoint: 127.0.0.1:62921 localEndPoint: 127.0.0.1:62920
TpTrace Verbose: 0 : 2528, 15, 2024/11/16, 00:46:32.853, 2611424407799, vstest.console.dll, TestRequestSender.OnExecutionMessageReceived: Received message: {"Version":7,"MessageType":"TestSession.Message","Payload":{"MessageLevel":0,"Message":"[xUnit.net 00:00:00.20]       Assert.Fail() Failure"}}
TpTrace Verbose: 0 : 2528, 15, 2024/11/16, 00:46:32.853, 2611424408409, vstest.console.dll, TestRunRequest:SendTestRunMessage: Starting.
TpTrace Verbose: 0 : 2528, 15, 2024/11/16, 00:46:32.853, 2611424409260, vstest.console.dll, MulticastDelegateUtilities.SafeInvoke: TestRun.LogMessages: Invoking callback 1/1 for Microsoft.VisualStudio.TestPlatform.CommandLine.TestRunResultAggregator., took 0 ms.
TpTrace Verbose: 0 : 2528, 4, 2024/11/16, 00:46:32.853, 2611424409414, vstest.console.dll, MulticastDelegateUtilities.SafeInvoke: InternalTestLoggerEvents.SendTestRunMessage: Invoking callback 1/1 for Microsoft.VisualStudio.TestPlatform.CommandLine.Internal.ConsoleLogger., took 0 ms.
TpTrace Information: 0 : 2528, 15, 2024/11/16, 00:46:32.853, 2611424409952, vstest.console.dll, TestRunRequest:SendTestRunMessage: Completed.
TpTrace Verbose: 0 : 2528, 15, 2024/11/16, 00:46:32.854, 2611424411168, vstest.console.dll, MulticastDelegateUtilities.SafeInvoke: LengthPrefixCommunicationChannel: MessageReceived: Invoking callback 1/1 for Microsoft.VisualStudio.TestPlatform.CommunicationUtilities.TestRequestSender+<>c__DisplayClass34_0., took 0 ms.
TpTrace Verbose: 0 : 2528, 15, 2024/11/16, 00:46:32.854, 2611424411676, vstest.console.dll, TcpClientExtensions.MessageLoopAsync: Polling on remoteEndPoint: 127.0.0.1:62921 localEndPoint: 127.0.0.1:62920 after 0 ms
TpTrace Verbose: 0 : 2528, 15, 2024/11/16, 00:46:32.854, 2611424412056, vstest.console.dll, TcpClientExtensions.MessageLoopAsync: NotifyDataAvailable remoteEndPoint: 127.0.0.1:62921 localEndPoint: 127.0.0.1:62920
TpTrace Verbose: 0 : 2528, 15, 2024/11/16, 00:46:32.854, 2611424412448, vstest.console.dll, TestRequestSender.OnExecutionMessageReceived: Received message: {"Version":7,"MessageType":"TestSession.Message","Payload":{"MessageLevel":0,"Message":"[xUnit.net 00:00:00.20]       Stack Trace:"}}
TpTrace Verbose: 0 : 2528, 15, 2024/11/16, 00:46:32.854, 2611424413053, vstest.console.dll, TestRunRequest:SendTestRunMessage: Starting.
TpTrace Verbose: 0 : 2528, 15, 2024/11/16, 00:46:32.854, 2611424413485, vstest.console.dll, MulticastDelegateUtilities.SafeInvoke: TestRun.LogMessages: Invoking callback 1/1 for Microsoft.VisualStudio.TestPlatform.CommandLine.TestRunResultAggregator., took 0 ms.
TpTrace Verbose: 0 : 2528, 4, 2024/11/16, 00:46:32.854, 2611424413678, vstest.console.dll, MulticastDelegateUtilities.SafeInvoke: InternalTestLoggerEvents.SendTestRunMessage: Invoking callback 1/1 for Microsoft.VisualStudio.TestPlatform.CommandLine.Internal.ConsoleLogger., took 0 ms.
TpTrace Information: 0 : 2528, 15, 2024/11/16, 00:46:32.854, 2611424413735, vstest.console.dll, TestRunRequest:SendTestRunMessage: Completed.
TpTrace Verbose: 0 : 2528, 15, 2024/11/16, 00:46:32.854, 2611424414773, vstest.console.dll, MulticastDelegateUtilities.SafeInvoke: LengthPrefixCommunicationChannel: MessageReceived: Invoking callback 1/1 for Microsoft.VisualStudio.TestPlatform.CommunicationUtilities.TestRequestSender+<>c__DisplayClass34_0., took 0 ms.
TpTrace Verbose: 0 : 2528, 15, 2024/11/16, 00:46:32.854, 2611424415118, vstest.console.dll, TcpClientExtensions.MessageLoopAsync: Polling on remoteEndPoint: 127.0.0.1:62921 localEndPoint: 127.0.0.1:62920 after 0 ms
TpTrace Verbose: 0 : 2528, 15, 2024/11/16, 00:46:32.854, 2611424415380, vstest.console.dll, TcpClientExtensions.MessageLoopAsync: NotifyDataAvailable remoteEndPoint: 127.0.0.1:62921 localEndPoint: 127.0.0.1:62920
TpTrace Verbose: 0 : 2528, 15, 2024/11/16, 00:46:32.854, 2611424416183, vstest.console.dll, TestRequestSender.OnExecutionMessageReceived: Received message: {"Version":7,"MessageType":"TestSession.Message","Payload":{"MessageLevel":0,"Message":"[xUnit.net 00:00:00.20]         C:\\Users\\chris\\Source\\Repos\\Server\\PhoenixApi\\AuthenticationTests\\Service\\AuthenticationServiceTests.UpdateHubWithCredentials.cs(30,0): at AuthenticationTests.Service.AuthenticationServiceTests.UpdateHubWithCredentials_RepositoryThrowsException_ThrowsException()"}}
TpTrace Verbose: 0 : 2528, 15, 2024/11/16, 00:46:32.854, 2611424416977, vstest.console.dll, TestRunRequest:SendTestRunMessage: Starting.
TpTrace Verbose: 0 : 2528, 15, 2024/11/16, 00:46:32.854, 2611424417380, vstest.console.dll, MulticastDelegateUtilities.SafeInvoke: TestRun.LogMessages: Invoking callback 1/1 for Microsoft.VisualStudio.TestPlatform.CommandLine.TestRunResultAggregator., took 0 ms.
TpTrace Information: 0 : 2528, 15, 2024/11/16, 00:46:32.854, 2611424417604, vstest.console.dll, TestRunRequest:SendTestRunMessage: Completed.
TpTrace Verbose: 0 : 2528, 4, 2024/11/16, 00:46:32.854, 2611424417604, vstest.console.dll, MulticastDelegateUtilities.SafeInvoke: InternalTestLoggerEvents.SendTestRunMessage: Invoking callback 1/1 for Microsoft.VisualStudio.TestPlatform.CommandLine.Internal.ConsoleLogger., took 0 ms.
TpTrace Verbose: 0 : 2528, 15, 2024/11/16, 00:46:32.854, 2611424417803, vstest.console.dll, MulticastDelegateUtilities.SafeInvoke: LengthPrefixCommunicationChannel: MessageReceived: Invoking callback 1/1 for Microsoft.VisualStudio.TestPlatform.CommunicationUtilities.TestRequestSender+<>c__DisplayClass34_0., took 0 ms.
TpTrace Verbose: 0 : 2528, 15, 2024/11/16, 00:46:32.854, 2611424418675, vstest.console.dll, TcpClientExtensions.MessageLoopAsync: Polling on remoteEndPoint: 127.0.0.1:62921 localEndPoint: 127.0.0.1:62920 after 0 ms
TpTrace Verbose: 0 : 2528, 15, 2024/11/16, 00:46:32.854, 2611424419036, vstest.console.dll, TcpClientExtensions.MessageLoopAsync: NotifyDataAvailable remoteEndPoint: 127.0.0.1:62921 localEndPoint: 127.0.0.1:62920
TpTrace Verbose: 0 : 2528, 15, 2024/11/16, 00:46:32.854, 2611424419454, vstest.console.dll, TestRequestSender.OnExecutionMessageReceived: Received message: {"Version":7,"MessageType":"TestSession.Message","Payload":{"MessageLevel":0,"Message":"[xUnit.net 00:00:00.20]         --- End of stack trace from previous location ---"}}
TpTrace Verbose: 0 : 2528, 15, 2024/11/16, 00:46:32.854, 2611424420073, vstest.console.dll, TestRunRequest:SendTestRunMessage: Starting.
TpTrace Verbose: 0 : 2528, 15, 2024/11/16, 00:46:32.855, 2611424420644, vstest.console.dll, MulticastDelegateUtilities.SafeInvoke: TestRun.LogMessages: Invoking callback 1/1 for Microsoft.VisualStudio.TestPlatform.CommandLine.TestRunResultAggregator., took 0 ms.
TpTrace Information: 0 : 2528, 15, 2024/11/16, 00:46:32.855, 2611424420901, vstest.console.dll, TestRunRequest:SendTestRunMessage: Completed.
TpTrace Verbose: 0 : 2528, 4, 2024/11/16, 00:46:32.855, 2611424420891, vstest.console.dll, MulticastDelegateUtilities.SafeInvoke: InternalTestLoggerEvents.SendTestRunMessage: Invoking callback 1/1 for Microsoft.VisualStudio.TestPlatform.CommandLine.Internal.ConsoleLogger., took 0 ms.
TpTrace Verbose: 0 : 2528, 15, 2024/11/16, 00:46:32.855, 2611424421127, vstest.console.dll, MulticastDelegateUtilities.SafeInvoke: LengthPrefixCommunicationChannel: MessageReceived: Invoking callback 1/1 for Microsoft.VisualStudio.TestPlatform.CommunicationUtilities.TestRequestSender+<>c__DisplayClass34_0., took 0 ms.
TpTrace Verbose: 0 : 2528, 15, 2024/11/16, 00:46:32.855, 2611424422223, vstest.console.dll, TcpClientExtensions.MessageLoopAsync: Polling on remoteEndPoint: 127.0.0.1:62921 localEndPoint: 127.0.0.1:62920 after 0 ms
TpTrace Verbose: 0 : 2528, 15, 2024/11/16, 00:46:32.866, 2611424532050, vstest.console.dll, TcpClientExtensions.MessageLoopAsync: NotifyDataAvailable remoteEndPoint: 127.0.0.1:62921 localEndPoint: 127.0.0.1:62920
TpTrace Verbose: 0 : 2528, 15, 2024/11/16, 00:46:32.866, 2611424532963, vstest.console.dll, TestRequestSender.OnExecutionMessageReceived: Received message: {"Version":7,"MessageType":"TestSession.Message","Payload":{"MessageLevel":2,"Message":"[xUnit.net 00:00:00.22]     AuthenticationTests.Service.AuthenticationServiceTests.GenerateHubCredentials_ReturnsNewCredentials [FAIL]"}}
TpTrace Verbose: 0 : 2528, 15, 2024/11/16, 00:46:32.866, 2611424533606, vstest.console.dll, TestRunRequest:SendTestRunMessage: Starting.
TpTrace Verbose: 0 : 2528, 15, 2024/11/16, 00:46:32.866, 2611424534170, vstest.console.dll, MulticastDelegateUtilities.SafeInvoke: TestRun.LogMessages: Invoking callback 1/1 for Microsoft.VisualStudio.TestPlatform.CommandLine.TestRunResultAggregator., took 0 ms.
TpTrace Verbose: 0 : 2528, 4, 2024/11/16, 00:46:32.866, 2611424534651, vstest.console.dll, MulticastDelegateUtilities.SafeInvoke: InternalTestLoggerEvents.SendTestRunMessage: Invoking callback 1/1 for Microsoft.VisualStudio.TestPlatform.CommandLine.Internal.ConsoleLogger., took 0 ms.
TpTrace Information: 0 : 2528, 15, 2024/11/16, 00:46:32.866, 2611424534748, vstest.console.dll, TestRunRequest:SendTestRunMessage: Completed.
TpTrace Verbose: 0 : 2528, 15, 2024/11/16, 00:46:32.866, 2611424535681, vstest.console.dll, MulticastDelegateUtilities.SafeInvoke: LengthPrefixCommunicationChannel: MessageReceived: Invoking callback 1/1 for Microsoft.VisualStudio.TestPlatform.CommunicationUtilities.TestRequestSender+<>c__DisplayClass34_0., took 0 ms.
TpTrace Verbose: 0 : 2528, 15, 2024/11/16, 00:46:32.866, 2611424535984, vstest.console.dll, TcpClientExtensions.MessageLoopAsync: Polling on remoteEndPoint: 127.0.0.1:62921 localEndPoint: 127.0.0.1:62920 after 11 ms
TpTrace Verbose: 0 : 2528, 15, 2024/11/16, 00:46:32.866, 2611424536257, vstest.console.dll, TcpClientExtensions.MessageLoopAsync: NotifyDataAvailable remoteEndPoint: 127.0.0.1:62921 localEndPoint: 127.0.0.1:62920
TpTrace Verbose: 0 : 2528, 15, 2024/11/16, 00:46:32.866, 2611424536719, vstest.console.dll, TestRequestSender.OnExecutionMessageReceived: Received message: {"Version":7,"MessageType":"TestSession.Message","Payload":{"MessageLevel":0,"Message":"[xUnit.net 00:00:00.22]       Assert.Fail() Failure"}}
TpTrace Verbose: 0 : 2528, 15, 2024/11/16, 00:46:32.866, 2611424537285, vstest.console.dll, TestRunRequest:SendTestRunMessage: Starting.
TpTrace Verbose: 0 : 2528, 15, 2024/11/16, 00:46:32.866, 2611424537720, vstest.console.dll, MulticastDelegateUtilities.SafeInvoke: TestRun.LogMessages: Invoking callback 1/1 for Microsoft.VisualStudio.TestPlatform.CommandLine.TestRunResultAggregator., took 0 ms.
TpTrace Verbose: 0 : 2528, 4, 2024/11/16, 00:46:32.866, 2611424537874, vstest.console.dll, MulticastDelegateUtilities.SafeInvoke: InternalTestLoggerEvents.SendTestRunMessage: Invoking callback 1/1 for Microsoft.VisualStudio.TestPlatform.CommandLine.Internal.ConsoleLogger., took 0 ms.
TpTrace Information: 0 : 2528, 15, 2024/11/16, 00:46:32.866, 2611424538012, vstest.console.dll, TestRunRequest:SendTestRunMessage: Completed.
TpTrace Verbose: 0 : 2528, 15, 2024/11/16, 00:46:32.866, 2611424539249, vstest.console.dll, MulticastDelegateUtilities.SafeInvoke: LengthPrefixCommunicationChannel: MessageReceived: Invoking callback 1/1 for Microsoft.VisualStudio.TestPlatform.CommunicationUtilities.TestRequestSender+<>c__DisplayClass34_0., took 0 ms.
TpTrace Verbose: 0 : 2528, 15, 2024/11/16, 00:46:32.866, 2611424539528, vstest.console.dll, TcpClientExtensions.MessageLoopAsync: Polling on remoteEndPoint: 127.0.0.1:62921 localEndPoint: 127.0.0.1:62920 after 0 ms
TpTrace Verbose: 0 : 2528, 15, 2024/11/16, 00:46:32.866, 2611424539792, vstest.console.dll, TcpClientExtensions.MessageLoopAsync: NotifyDataAvailable remoteEndPoint: 127.0.0.1:62921 localEndPoint: 127.0.0.1:62920
TpTrace Verbose: 0 : 2528, 15, 2024/11/16, 00:46:32.866, 2611424540225, vstest.console.dll, TestRequestSender.OnExecutionMessageReceived: Received message: {"Version":7,"MessageType":"TestSession.Message","Payload":{"MessageLevel":0,"Message":"[xUnit.net 00:00:00.22]       Stack Trace:"}}
TpTrace Verbose: 0 : 2528, 15, 2024/11/16, 00:46:32.867, 2611424540851, vstest.console.dll, TestRunRequest:SendTestRunMessage: Starting.
TpTrace Verbose: 0 : 2528, 15, 2024/11/16, 00:46:32.867, 2611424541277, vstest.console.dll, MulticastDelegateUtilities.SafeInvoke: TestRun.LogMessages: Invoking callback 1/1 for Microsoft.VisualStudio.TestPlatform.CommandLine.TestRunResultAggregator., took 0 ms.
TpTrace Verbose: 0 : 2528, 4, 2024/11/16, 00:46:32.867, 2611424541492, vstest.console.dll, MulticastDelegateUtilities.SafeInvoke: InternalTestLoggerEvents.SendTestRunMessage: Invoking callback 1/1 for Microsoft.VisualStudio.TestPlatform.CommandLine.Internal.ConsoleLogger., took 0 ms.
TpTrace Information: 0 : 2528, 15, 2024/11/16, 00:46:32.867, 2611424541564, vstest.console.dll, TestRunRequest:SendTestRunMessage: Completed.
TpTrace Verbose: 0 : 2528, 15, 2024/11/16, 00:46:32.867, 2611424542574, vstest.console.dll, MulticastDelegateUtilities.SafeInvoke: LengthPrefixCommunicationChannel: MessageReceived: Invoking callback 1/1 for Microsoft.VisualStudio.TestPlatform.CommunicationUtilities.TestRequestSender+<>c__DisplayClass34_0., took 0 ms.
TpTrace Verbose: 0 : 2528, 15, 2024/11/16, 00:46:32.867, 2611424542858, vstest.console.dll, TcpClientExtensions.MessageLoopAsync: Polling on remoteEndPoint: 127.0.0.1:62921 localEndPoint: 127.0.0.1:62920 after 0 ms
TpTrace Verbose: 0 : 2528, 15, 2024/11/16, 00:46:32.867, 2611424543119, vstest.console.dll, TcpClientExtensions.MessageLoopAsync: NotifyDataAvailable remoteEndPoint: 127.0.0.1:62921 localEndPoint: 127.0.0.1:62920
TpTrace Verbose: 0 : 2528, 15, 2024/11/16, 00:46:32.867, 2611424543592, vstest.console.dll, TestRequestSender.OnExecutionMessageReceived: Received message: {"Version":7,"MessageType":"TestSession.Message","Payload":{"MessageLevel":0,"Message":"[xUnit.net 00:00:00.22]         C:\\Users\\chris\\Source\\Repos\\Server\\PhoenixApi\\AuthenticationTests\\Service\\AuthenticationServiceTests.GenerateHubCredentials.cs(15,0): at AuthenticationTests.Service.AuthenticationServiceTests.GenerateHubCredentials_ReturnsNewCredentials()"}}
TpTrace Verbose: 0 : 2528, 15, 2024/11/16, 00:46:32.867, 2611424544216, vstest.console.dll, TestRunRequest:SendTestRunMessage: Starting.
TpTrace Verbose: 0 : 2528, 15, 2024/11/16, 00:46:32.867, 2611424544613, vstest.console.dll, MulticastDelegateUtilities.SafeInvoke: TestRun.LogMessages: Invoking callback 1/1 for Microsoft.VisualStudio.TestPlatform.CommandLine.TestRunResultAggregator., took 0 ms.
TpTrace Information: 0 : 2528, 15, 2024/11/16, 00:46:32.867, 2611424544840, vstest.console.dll, TestRunRequest:SendTestRunMessage: Completed.
TpTrace Verbose: 0 : 2528, 4, 2024/11/16, 00:46:32.867, 2611424544802, vstest.console.dll, MulticastDelegateUtilities.SafeInvoke: InternalTestLoggerEvents.SendTestRunMessage: Invoking callback 1/1 for Microsoft.VisualStudio.TestPlatform.CommandLine.Internal.ConsoleLogger., took 0 ms.
TpTrace Verbose: 0 : 2528, 15, 2024/11/16, 00:46:32.867, 2611424545102, vstest.console.dll, MulticastDelegateUtilities.SafeInvoke: LengthPrefixCommunicationChannel: MessageReceived: Invoking callback 1/1 for Microsoft.VisualStudio.TestPlatform.CommunicationUtilities.TestRequestSender+<>c__DisplayClass34_0., took 0 ms.
TpTrace Verbose: 0 : 2528, 15, 2024/11/16, 00:46:32.867, 2611424546163, vstest.console.dll, TcpClientExtensions.MessageLoopAsync: Polling on remoteEndPoint: 127.0.0.1:62921 localEndPoint: 127.0.0.1:62920 after 0 ms
TpTrace Verbose: 0 : 2528, 15, 2024/11/16, 00:46:32.867, 2611424546492, vstest.console.dll, TcpClientExtensions.MessageLoopAsync: NotifyDataAvailable remoteEndPoint: 127.0.0.1:62921 localEndPoint: 127.0.0.1:62920
TpTrace Verbose: 0 : 2528, 15, 2024/11/16, 00:46:32.867, 2611424547457, vstest.console.dll, TestRequestSender.OnExecutionMessageReceived: Received message: {"Version":7,"MessageType":"TestSession.Message","Payload":{"MessageLevel":0,"Message":"[xUnit.net 00:00:00.22]         --- End of stack trace from previous location ---"}}
TpTrace Verbose: 0 : 2528, 15, 2024/11/16, 00:46:32.867, 2611424548137, vstest.console.dll, TestRunRequest:SendTestRunMessage: Starting.
TpTrace Verbose: 0 : 2528, 15, 2024/11/16, 00:46:32.867, 2611424548929, vstest.console.dll, MulticastDelegateUtilities.SafeInvoke: TestRun.LogMessages: Invoking callback 1/1 for Microsoft.VisualStudio.TestPlatform.CommandLine.TestRunResultAggregator., took 0 ms.
TpTrace Verbose: 0 : 2528, 4, 2024/11/16, 00:46:32.867, 2611424549071, vstest.console.dll, MulticastDelegateUtilities.SafeInvoke: InternalTestLoggerEvents.SendTestRunMessage: Invoking callback 1/1 for Microsoft.VisualStudio.TestPlatform.CommandLine.Internal.ConsoleLogger., took 0 ms.
TpTrace Information: 0 : 2528, 15, 2024/11/16, 00:46:32.867, 2611424549204, vstest.console.dll, TestRunRequest:SendTestRunMessage: Completed.
TpTrace Verbose: 0 : 2528, 15, 2024/11/16, 00:46:32.868, 2611424550352, vstest.console.dll, MulticastDelegateUtilities.SafeInvoke: LengthPrefixCommunicationChannel: MessageReceived: Invoking callback 1/1 for Microsoft.VisualStudio.TestPlatform.CommunicationUtilities.TestRequestSender+<>c__DisplayClass34_0., took 0 ms.
TpTrace Verbose: 0 : 2528, 15, 2024/11/16, 00:46:32.868, 2611424550811, vstest.console.dll, TcpClientExtensions.MessageLoopAsync: Polling on remoteEndPoint: 127.0.0.1:62921 localEndPoint: 127.0.0.1:62920 after 0 ms
TpTrace Verbose: 0 : 2528, 15, 2024/11/16, 00:46:32.886, 2611424734404, vstest.console.dll, TcpClientExtensions.MessageLoopAsync: NotifyDataAvailable remoteEndPoint: 127.0.0.1:62921 localEndPoint: 127.0.0.1:62920
TpTrace Verbose: 0 : 2528, 15, 2024/11/16, 00:46:32.886, 2611424736271, vstest.console.dll, TestRequestSender.OnExecutionMessageReceived: Received message: {"Version":7,"MessageType":"TestExecution.StatsChange","Payload":{"NewTestResults":[{"TestCase":{"Id":"020b06bd-a1a2-9d19-4a87-af3049fcceb4","FullyQualifiedName":"AuthenticationTests.Service.AuthenticationServiceTests.GenerateJwtToken_SigningKeyIsNull_ThrowsArgumentNullException","DisplayName":"AuthenticationTests.Service.AuthenticationServiceTests.GenerateJwtToken_SigningKeyIsNull_ThrowsArgumentNullException","ExecutorUri":"executor://xunit/VsTestRunner2/netcoreapp","Source":"C:\\Users\\chris\\Source\\Repos\\Server\\PhoenixApi\\AuthenticationTests\\bin\\Debug\\net8.0\\fine-code-coverage\\build-output\\AuthenticationTests.dll","CodeFilePath":null,"LineNumber":0,"Properties":[]},"Attachments":[],"Outcome":2,"ErrorMessage":"Assert.Fail() Failure","ErrorStackTrace":"   at AuthenticationTests.Service.AuthenticationServiceTests.GenerateJwtToken_SigningKeyIsNull_ThrowsArgumentNullException() in C:\\Users\\chris\\Source\\Repos\\Server\\PhoenixApi\\AuthenticationTests\\Service\\AuthenticationServiceTests.GenerateJwtToken.cs:line 25\r\n--- End of stack trace from previous location ---","DisplayName":"AuthenticationTests.Service.AuthenticationServiceTests.GenerateJwtToken_SigningKeyIsNull_ThrowsArgumentNullException","Messages":[],"ComputerName":"DESKTOP-3O8NLOJ","Duration":"00:00:00.0511613","StartTime":"2024-11-15T23:46:32.8394336+00:00","EndTime":"2024-11-15T23:46:32.8394535+00:00","Properties":[]},{"TestCase":{"Id":"ac350663-88e8-52a8-bbdd-1f82ebacb648","FullyQualifiedName":"AuthenticationTests.Service.AuthenticationServiceTests.UpdateHubWithCredentials_RepositoryThrowsException_ThrowsException","DisplayName":"AuthenticationTests.Service.AuthenticationServiceTests.UpdateHubWithCredentials_RepositoryThrowsException_ThrowsException","ExecutorUri":"executor://xunit/VsTestRunner2/netcoreapp","Source":"C:\\Users\\chris\\Source\\Repos\\Server\\PhoenixApi\\AuthenticationTests\\bin\\Debug\\net8.0\\fine-code-coverage\\build-output\\AuthenticationTests.dll","CodeFilePath":null,"LineNumber":0,"Properties":[]},"Attachments":[],"Outcome":2,"ErrorMessage":"Assert.Fail() Failure","ErrorStackTrace":"   at AuthenticationTests.Service.AuthenticationServiceTests.UpdateHubWithCredentials_RepositoryThrowsException_ThrowsException() in C:\\Users\\chris\\Source\\Repos\\Server\\PhoenixApi\\AuthenticationTests\\Service\\AuthenticationServiceTests.UpdateHubWithCredentials.cs:line 30\r\n--- End of stack trace from previous location ---","DisplayName":"AuthenticationTests.Service.AuthenticationServiceTests.UpdateHubWithCredentials_RepositoryThrowsException_ThrowsException","Messages":[],"ComputerName":"DESKTOP-3O8NLOJ","Duration":"00:00:00.0011531","StartTime":"2024-11-15T23:46:32.8540719+00:00","EndTime":"2024-11-15T23:46:32.854072+00:00","Properties":[]},{"TestCase":{"Id":"8e0e1863-75b3-184f-dd2c-4220aaa6cc80","FullyQualifiedName":"AuthenticationTests.AuthenticationControllerTests.GetHubCredentials_UnhandledException_ReturnsInternalServerError","DisplayName":"AuthenticationTests.AuthenticationControllerTests.GetHubCredentials_UnhandledException_ReturnsInternalServerError","ExecutorUri":"executor://xunit/VsTestRunner2/netcoreapp","Source":"C:\\Users\\chris\\Source\\Repos\\Server\\PhoenixApi\\AuthenticationTests\\bin\\Debug\\net8.0\\fine-code-coverage\\build-output\\AuthenticationTests.dll","CodeFilePath":null,"LineNumber":0,"Properties":[]},"Attachments":[],"Outcome":1,"ErrorMessage":null,"ErrorStackTrace":null,"DisplayName":"AuthenticationTests.AuthenticationControllerTests.GetHubCredentials_UnhandledException_ReturnsInternalServerError","Messages":[],"ComputerName":"DESKTOP-3O8NLOJ","Duration":"00:00:00.0605218","StartTime":"2024-11-15T23:46:32.85714+00:00","EndTime":"2024-11-15T23:46:32.8571401+00:00","Properties":[]},{"TestCase":{"Id":"59f11c82-64ab-0830-d3b1-15afe979fd7b","FullyQualifiedName":"AuthenticationTests.AuthenticationControllerTests.GetHubCredentials_ValidHubId_ReturnsClientCredentials","DisplayName":"AuthenticationTests.AuthenticationControllerTests.GetHubCredentials_ValidHubId_ReturnsClientCredentials","ExecutorUri":"executor://xunit/VsTestRunner2/netcoreapp","Source":"C:\\Users\\chris\\Source\\Repos\\Server\\PhoenixApi\\AuthenticationTests\\bin\\Debug\\net8.0\\fine-code-coverage\\build-output\\AuthenticationTests.dll","CodeFilePath":null,"LineNumber":0,"Properties":[]},"Attachments":[],"Outcome":1,"ErrorMessage":null,"ErrorStackTrace":null,"DisplayName":"AuthenticationTests.AuthenticationControllerTests.GetHubCredentials_ValidHubId_ReturnsClientCredentials","Messages":[],"ComputerName":"DESKTOP-3O8NLOJ","Duration":"00:00:00.0079131","StartTime":"2024-11-15T23:46:32.8588493+00:00","EndTime":"2024-11-15T23:46:32.8588493+00:00","Properties":[]},{"TestCase":{"Id":"af1be9f2-b941-1baf-d599-3e060f9ea4f2","FullyQualifiedName":"AuthenticationTests.AuthenticationControllerTests.GetHubCredentials_DuplicateClientInfo_ReturnsConflict","DisplayName":"AuthenticationTests.AuthenticationControllerTests.GetHubCredentials_DuplicateClientInfo_ReturnsConflict","ExecutorUri":"executor://xunit/VsTestRunner2/netcoreapp","Source":"C:\\Users\\chris\\Source\\Repos\\Server\\PhoenixApi\\AuthenticationTests\\bin\\Debug\\net8.0\\fine-code-coverage\\build-output\\AuthenticationTests.dll","CodeFilePath":null,"LineNumber":0,"Properties":[]},"Attachments":[],"Outcome":1,"ErrorMessage":null,"ErrorStackTrace":null,"DisplayName":"AuthenticationTests.AuthenticationControllerTests.GetHubCredentials_DuplicateClientInfo_ReturnsConflict","Messages":[],"ComputerName":"DESKTOP-3O8NLOJ","Duration":"00:00:00.0020726","StartTime":"2024-11-15T23:46:32.8605112+00:00","EndTime":"2024-11-15T23:46:32.8605113+00:00","Properties":[]},{"TestCase":{"Id":"9308eba7-130b-b2ba-f3b3-8a7256e59511","FullyQualifiedName":"AuthenticationTests.AuthenticationControllerTests.GetHubCredentials_HubNotFound_ReturnsNotFound","DisplayName":"AuthenticationTests.AuthenticationControllerTests.GetHubCredentials_HubNotFound_ReturnsNotFound","ExecutorUri":"executor://xunit/VsTestRunner2/netcoreapp","Source":"C:\\Users\\chris\\Source\\Repos\\Server\\PhoenixApi\\AuthenticationTests\\bin\\Debug\\net8.0\\fine-code-coverage\\build-output\\AuthenticationTests.dll","CodeFilePath":null,"LineNumber":0,"Properties":[]},"Attachments":[],"Outcome":1,"ErrorMessage":null,"ErrorStackTrace":null,"DisplayName":"AuthenticationTests.AuthenticationControllerTests.GetHubCredentials_HubNotFound_ReturnsNotFound","Messages":[],"ComputerName":"DESKTOP-3O8NLOJ","Duration":"00:00:00.0008076","StartTime":"2024-11-15T23:46:32.8620567+00:00","EndTime":"2024-11-15T23:46:32.8620568+00:00","Properties":[]},{"TestCase":{"Id":"88a59255-ba03-650b-4e65-09c7bea4e5ae","FullyQualifiedName":"AuthenticationTests.Service.AuthenticationServiceTests.GetHubByClientId_ValidClientId_ReturnsHub","DisplayName":"AuthenticationTests.Service.AuthenticationServiceTests.GetHubByClientId_ValidClientId_ReturnsHub","ExecutorUri":"executor://xunit/VsTestRunner2/netcoreapp","Source":"C:\\Users\\chris\\Source\\Repos\\Server\\PhoenixApi\\AuthenticationTests\\bin\\Debug\\net8.0\\fine-code-coverage\\build-output\\AuthenticationTests.dll","CodeFilePath":null,"LineNumber":0,"Properties":[]},"Attachments":[],"Outcome":1,"ErrorMessage":null,"ErrorStackTrace":null,"DisplayName":"AuthenticationTests.Service.AuthenticationServiceTests.GetHubByClientId_ValidClientId_ReturnsHub","Messages":[],"ComputerName":"DESKTOP-3O8NLOJ","Duration":"00:00:00.0133788","StartTime":"2024-11-15T23:46:32.8628948+00:00","EndTime":"2024-11-15T23:46:32.8628949+00:00","Properties":[]},{"TestCase":{"Id":"9e6b3371-9458-2a2c-3e3b-324a09129b07","FullyQualifiedName":"AuthenticationTests.Service.AuthenticationServiceTests.GetHubByClientId_InvalidClientId_ThrowsKeyNotFoundException","DisplayName":"AuthenticationTests.Service.AuthenticationServiceTests.GetHubByClientId_InvalidClientId_ThrowsKeyNotFoundException","ExecutorUri":"executor://xunit/VsTestRunner2/netcoreapp","Source":"C:\\Users\\chris\\Source\\Repos\\Server\\PhoenixApi\\AuthenticationTests\\bin\\Debug\\net8.0\\fine-code-coverage\\build-output\\AuthenticationTests.dll","CodeFilePath":null,"LineNumber":0,"Properties":[]},"Attachments":[],"Outcome":1,"ErrorMessage":null,"ErrorStackTrace":null,"DisplayName":"AuthenticationTests.Service.AuthenticationServiceTests.GetHubByClientId_InvalidClientId_ThrowsKeyNotFoundException","Messages":[],"ComputerName":"DESKTOP-3O8NLOJ","Duration":"00:00:00.0034228","StartTime":"2024-11-15T23:46:32.8644935+00:00","EndTime":"2024-11-15T23:46:32.8644936+00:00","Properties":[]},{"TestCase":{"Id":"f1dd8db2-470f-4ad2-744c-456d175e4359","FullyQualifiedName":"AuthenticationTests.Service.AuthenticationServiceTests.GenerateHubCredentials_ReturnsNewCredentials","DisplayName":"AuthenticationTests.Service.AuthenticationServiceTests.GenerateHubCredentials_ReturnsNewCredentials","ExecutorUri":"executor://xunit/VsTestRunner2/netcoreapp","Source":"C:\\Users\\chris\\Source\\Repos\\Server\\PhoenixApi\\AuthenticationTests\\bin\\Debug\\net8.0\\fine-code-coverage\\build-output\\AuthenticationTests.dll","CodeFilePath":null,"LineNumber":0,"Properties":[]},"Attachments":[],"Outcome":2,"ErrorMessage":"Assert.Fail() Failure","ErrorStackTrace":"   at AuthenticationTests.Service.AuthenticationServiceTests.GenerateHubCredentials_ReturnsNewCredentials() in C:\\Users\\chris\\Source\\Repos\\Server\\PhoenixApi\\AuthenticationTests\\Service\\AuthenticationServiceTests.GenerateHubCredentials.cs:line 15\r\n--- End of stack trace from previous location ---","DisplayName":"AuthenticationTests.Service.AuthenticationServiceTests.GenerateHubCredentials_ReturnsNewCredentials","Messages":[],"ComputerName":"DESKTOP-3O8NLOJ","Duration":"00:00:00.0003140","StartTime":"2024-11-15T23:46:32.8669247+00:00","EndTime":"2024-11-15T23:46:32.8669248+00:00","Properties":[]}],"TestRunStatistics":{"ExecutedTests":9,"Stats":{"Failed":3,"Passed":6}},"ActiveTests":[{"Id":"cf69dad1-6c00-3636-1bf4-80cb06b1ac8e","FullyQualifiedName":"AuthenticationTests.Service.AuthenticationServiceTests.UpdateHubWithCredentials_ValidCredentials_UpdatesHubSuccessfully","DisplayName":"AuthenticationTests.Service.AuthenticationServiceTests.UpdateHubWithCredentials_ValidCredentials_UpdatesHubSuccessfully","ExecutorUri":"executor://xunit/VsTestRunner2/netcoreapp","Source":"C:\\Users\\chris\\Source\\Repos\\Server\\PhoenixApi\\AuthenticationTests\\bin\\Debug\\net8.0\\fine-code-coverage\\build-output\\AuthenticationTests.dll","CodeFilePath":null,"LineNumber":0,"Properties":[]}]}}
TpTrace Verbose: 0 : 2528, 15, 2024/11/16, 00:46:32.903, 2611424902551, vstest.console.dll, TestRunRequest:SendTestRunStatsChange: Starting.
TpTrace Verbose: 0 : 2528, 15, 2024/11/16, 00:46:32.903, 2611424903588, vstest.console.dll, InProgress is AuthenticationTests.Service.AuthenticationServiceTests.UpdateHubWithCredentials_ValidCredentials_UpdatesHubSuccessfully
TpTrace Verbose: 0 : 2528, 15, 2024/11/16, 00:46:32.903, 2611424905180, vstest.console.dll, MulticastDelegateUtilities.SafeInvoke: TestRun.RunStatsChanged: Invoking callbacks was skipped because there are no subscribers.
TpTrace Information: 0 : 2528, 15, 2024/11/16, 00:46:32.903, 2611424905603, vstest.console.dll, TestRunRequest:SendTestRunStatsChange: Completed.
TpTrace Verbose: 0 : 2528, 15, 2024/11/16, 00:46:32.903, 2611424905880, vstest.console.dll, MulticastDelegateUtilities.SafeInvoke: LengthPrefixCommunicationChannel: MessageReceived: Invoking callback 1/1 for Microsoft.VisualStudio.TestPlatform.CommunicationUtilities.TestRequestSender+<>c__DisplayClass34_0., took 16 ms.
TpTrace Verbose: 0 : 2528, 15, 2024/11/16, 00:46:32.903, 2611424906109, vstest.console.dll, TcpClientExtensions.MessageLoopAsync: Polling on remoteEndPoint: 127.0.0.1:62921 localEndPoint: 127.0.0.1:62920 after 35 ms
TpTrace Verbose: 0 : 2528, 15, 2024/11/16, 00:46:32.903, 2611424906382, vstest.console.dll, TcpClientExtensions.MessageLoopAsync: NotifyDataAvailable remoteEndPoint: 127.0.0.1:62921 localEndPoint: 127.0.0.1:62920
TpTrace Verbose: 0 : 2528, 15, 2024/11/16, 00:46:32.903, 2611424906842, vstest.console.dll, TestRequestSender.OnExecutionMessageReceived: Received message: {"Version":7,"MessageType":"TestSession.Message","Payload":{"MessageLevel":2,"Message":"[xUnit.net 00:00:00.24]     AuthenticationTests.Service.AuthenticationServiceTests.UpdateHubWithCredentials_ValidCredentials_UpdatesHubSuccessfully [FAIL]"}}
TpTrace Verbose: 0 : 2528, 15, 2024/11/16, 00:46:32.903, 2611424907450, vstest.console.dll, TestRunRequest:SendTestRunMessage: Starting.
TpTrace Verbose: 0 : 2528, 15, 2024/11/16, 00:46:32.903, 2611424907855, vstest.console.dll, MulticastDelegateUtilities.SafeInvoke: TestRun.LogMessages: Invoking callback 1/1 for Microsoft.VisualStudio.TestPlatform.CommandLine.TestRunResultAggregator., took 0 ms.
TpTrace Information: 0 : 2528, 15, 2024/11/16, 00:46:32.903, 2611424908073, vstest.console.dll, TestRunRequest:SendTestRunMessage: Completed.
TpTrace Verbose: 0 : 2528, 15, 2024/11/16, 00:46:32.903, 2611424908268, vstest.console.dll, MulticastDelegateUtilities.SafeInvoke: LengthPrefixCommunicationChannel: MessageReceived: Invoking callback 1/1 for Microsoft.VisualStudio.TestPlatform.CommunicationUtilities.TestRequestSender+<>c__DisplayClass34_0., took 0 ms.
TpTrace Verbose: 0 : 2528, 15, 2024/11/16, 00:46:32.903, 2611424908486, vstest.console.dll, TcpClientExtensions.MessageLoopAsync: Polling on remoteEndPoint: 127.0.0.1:62921 localEndPoint: 127.0.0.1:62920 after 0 ms
TpTrace Verbose: 0 : 2528, 15, 2024/11/16, 00:46:32.903, 2611424908735, vstest.console.dll, TcpClientExtensions.MessageLoopAsync: NotifyDataAvailable remoteEndPoint: 127.0.0.1:62921 localEndPoint: 127.0.0.1:62920
TpTrace Verbose: 0 : 2528, 15, 2024/11/16, 00:46:32.903, 2611424909088, vstest.console.dll, TestRequestSender.OnExecutionMessageReceived: Received message: {"Version":7,"MessageType":"TestSession.Message","Payload":{"MessageLevel":0,"Message":"[xUnit.net 00:00:00.24]       Assert.Fail() Failure"}}
TpTrace Verbose: 0 : 2528, 15, 2024/11/16, 00:46:32.903, 2611424909546, vstest.console.dll, TestRunRequest:SendTestRunMessage: Starting.
TpTrace Verbose: 0 : 2528, 15, 2024/11/16, 00:46:32.903, 2611424909868, vstest.console.dll, MulticastDelegateUtilities.SafeInvoke: TestRun.LogMessages: Invoking callback 1/1 for Microsoft.VisualStudio.TestPlatform.CommandLine.TestRunResultAggregator., took 0 ms.
TpTrace Information: 0 : 2528, 15, 2024/11/16, 00:46:32.903, 2611424910117, vstest.console.dll, TestRunRequest:SendTestRunMessage: Completed.
TpTrace Verbose: 0 : 2528, 15, 2024/11/16, 00:46:32.904, 2611424910308, vstest.console.dll, MulticastDelegateUtilities.SafeInvoke: LengthPrefixCommunicationChannel: MessageReceived: Invoking callback 1/1 for Microsoft.VisualStudio.TestPlatform.CommunicationUtilities.TestRequestSender+<>c__DisplayClass34_0., took 0 ms.
TpTrace Verbose: 0 : 2528, 15, 2024/11/16, 00:46:32.904, 2611424910618, vstest.console.dll, TcpClientExtensions.MessageLoopAsync: Polling on remoteEndPoint: 127.0.0.1:62921 localEndPoint: 127.0.0.1:62920 after 0 ms
TpTrace Verbose: 0 : 2528, 15, 2024/11/16, 00:46:32.904, 2611424910891, vstest.console.dll, TcpClientExtensions.MessageLoopAsync: NotifyDataAvailable remoteEndPoint: 127.0.0.1:62921 localEndPoint: 127.0.0.1:62920
TpTrace Verbose: 0 : 2528, 15, 2024/11/16, 00:46:32.904, 2611424911218, vstest.console.dll, TestRequestSender.OnExecutionMessageReceived: Received message: {"Version":7,"MessageType":"TestSession.Message","Payload":{"MessageLevel":0,"Message":"[xUnit.net 00:00:00.24]       Stack Trace:"}}
TpTrace Verbose: 0 : 2528, 15, 2024/11/16, 00:46:32.904, 2611424911714, vstest.console.dll, TestRunRequest:SendTestRunMessage: Starting.
TpTrace Verbose: 0 : 2528, 15, 2024/11/16, 00:46:32.904, 2611424912039, vstest.console.dll, MulticastDelegateUtilities.SafeInvoke: TestRun.LogMessages: Invoking callback 1/1 for Microsoft.VisualStudio.TestPlatform.CommandLine.TestRunResultAggregator., took 0 ms.
TpTrace Information: 0 : 2528, 15, 2024/11/16, 00:46:32.904, 2611424912246, vstest.console.dll, TestRunRequest:SendTestRunMessage: Completed.
TpTrace Verbose: 0 : 2528, 15, 2024/11/16, 00:46:32.904, 2611424912470, vstest.console.dll, MulticastDelegateUtilities.SafeInvoke: LengthPrefixCommunicationChannel: MessageReceived: Invoking callback 1/1 for Microsoft.VisualStudio.TestPlatform.CommunicationUtilities.TestRequestSender+<>c__DisplayClass34_0., took 0 ms.
TpTrace Verbose: 0 : 2528, 15, 2024/11/16, 00:46:32.904, 2611424912665, vstest.console.dll, TcpClientExtensions.MessageLoopAsync: Polling on remoteEndPoint: 127.0.0.1:62921 localEndPoint: 127.0.0.1:62920 after 0 ms
TpTrace Verbose: 0 : 2528, 15, 2024/11/16, 00:46:32.904, 2611424912888, vstest.console.dll, TcpClientExtensions.MessageLoopAsync: NotifyDataAvailable remoteEndPoint: 127.0.0.1:62921 localEndPoint: 127.0.0.1:62920
TpTrace Verbose: 0 : 2528, 15, 2024/11/16, 00:46:32.904, 2611424913244, vstest.console.dll, TestRequestSender.OnExecutionMessageReceived: Received message: {"Version":7,"MessageType":"TestSession.Message","Payload":{"MessageLevel":0,"Message":"[xUnit.net 00:00:00.24]         C:\\Users\\chris\\Source\\Repos\\Server\\PhoenixApi\\AuthenticationTests\\Service\\AuthenticationServiceTests.UpdateHubWithCredentials.cs(15,0): at AuthenticationTests.Service.AuthenticationServiceTests.UpdateHubWithCredentials_ValidCredentials_UpdatesHubSuccessfully()"}}
TpTrace Verbose: 0 : 2528, 15, 2024/11/16, 00:46:32.904, 2611424913902, vstest.console.dll, TestRunRequest:SendTestRunMessage: Starting.
TpTrace Verbose: 0 : 2528, 15, 2024/11/16, 00:46:32.904, 2611424914947, vstest.console.dll, MulticastDelegateUtilities.SafeInvoke: TestRun.LogMessages: Invoking callback 1/1 for Microsoft.VisualStudio.TestPlatform.CommandLine.TestRunResultAggregator., took 0 ms.
TpTrace Information: 0 : 2528, 15, 2024/11/16, 00:46:32.904, 2611424915402, vstest.console.dll, TestRunRequest:SendTestRunMessage: Completed.
TpTrace Verbose: 0 : 2528, 15, 2024/11/16, 00:46:32.904, 2611424916187, vstest.console.dll, MulticastDelegateUtilities.SafeInvoke: LengthPrefixCommunicationChannel: MessageReceived: Invoking callback 1/1 for Microsoft.VisualStudio.TestPlatform.CommunicationUtilities.TestRequestSender+<>c__DisplayClass34_0., took 0 ms.
TpTrace Verbose: 0 : 2528, 15, 2024/11/16, 00:46:32.904, 2611424916781, vstest.console.dll, TcpClientExtensions.MessageLoopAsync: Polling on remoteEndPoint: 127.0.0.1:62921 localEndPoint: 127.0.0.1:62920 after 0 ms
TpTrace Verbose: 0 : 2528, 15, 2024/11/16, 00:46:32.904, 2611424917333, vstest.console.dll, TcpClientExtensions.MessageLoopAsync: NotifyDataAvailable remoteEndPoint: 127.0.0.1:62921 localEndPoint: 127.0.0.1:62920
TpTrace Verbose: 0 : 2528, 15, 2024/11/16, 00:46:32.904, 2611424917971, vstest.console.dll, TestRequestSender.OnExecutionMessageReceived: Received message: {"Version":7,"MessageType":"TestSession.Message","Payload":{"MessageLevel":0,"Message":"[xUnit.net 00:00:00.24]         --- End of stack trace from previous location ---"}}
TpTrace Verbose: 0 : 2528, 15, 2024/11/16, 00:46:32.904, 2611424918826, vstest.console.dll, TestRunRequest:SendTestRunMessage: Starting.
TpTrace Verbose: 0 : 2528, 15, 2024/11/16, 00:46:32.904, 2611424919404, vstest.console.dll, MulticastDelegateUtilities.SafeInvoke: TestRun.LogMessages: Invoking callback 1/1 for Microsoft.VisualStudio.TestPlatform.CommandLine.TestRunResultAggregator., took 0 ms.
TpTrace Information: 0 : 2528, 15, 2024/11/16, 00:46:32.904, 2611424919772, vstest.console.dll, TestRunRequest:SendTestRunMessage: Completed.
TpTrace Verbose: 0 : 2528, 15, 2024/11/16, 00:46:32.904, 2611424920085, vstest.console.dll, MulticastDelegateUtilities.SafeInvoke: LengthPrefixCommunicationChannel: MessageReceived: Invoking callback 1/1 for Microsoft.VisualStudio.TestPlatform.CommunicationUtilities.TestRequestSender+<>c__DisplayClass34_0., took 0 ms.
TpTrace Verbose: 0 : 2528, 15, 2024/11/16, 00:46:32.905, 2611424920420, vstest.console.dll, TcpClientExtensions.MessageLoopAsync: Polling on remoteEndPoint: 127.0.0.1:62921 localEndPoint: 127.0.0.1:62920 after 0 ms
TpTrace Verbose: 0 : 2528, 15, 2024/11/16, 00:46:32.905, 2611424921244, vstest.console.dll, TcpClientExtensions.MessageLoopAsync: NotifyDataAvailable remoteEndPoint: 127.0.0.1:62921 localEndPoint: 127.0.0.1:62920
TpTrace Verbose: 0 : 2528, 15, 2024/11/16, 00:46:32.905, 2611424921724, vstest.console.dll, TestRequestSender.OnExecutionMessageReceived: Received message: {"Version":7,"MessageType":"TestSession.Message","Payload":{"MessageLevel":2,"Message":"[xUnit.net 00:00:00.24]     AuthenticationTests.Service.AuthenticationServiceTests.GenerateJwtToken_ValidHubId_ReturnsJwtToken [FAIL]"}}
TpTrace Verbose: 0 : 2528, 15, 2024/11/16, 00:46:32.905, 2611424922317, vstest.console.dll, TestRunRequest:SendTestRunMessage: Starting.
TpTrace Verbose: 0 : 2528, 15, 2024/11/16, 00:46:32.905, 2611424922668, vstest.console.dll, MulticastDelegateUtilities.SafeInvoke: TestRun.LogMessages: Invoking callback 1/1 for Microsoft.VisualStudio.TestPlatform.CommandLine.TestRunResultAggregator., took 0 ms.
TpTrace Information: 0 : 2528, 15, 2024/11/16, 00:46:32.905, 2611424922883, vstest.console.dll, TestRunRequest:SendTestRunMessage: Completed.
TpTrace Verbose: 0 : 2528, 15, 2024/11/16, 00:46:32.905, 2611424923075, vstest.console.dll, MulticastDelegateUtilities.SafeInvoke: LengthPrefixCommunicationChannel: MessageReceived: Invoking callback 1/1 for Microsoft.VisualStudio.TestPlatform.CommunicationUtilities.TestRequestSender+<>c__DisplayClass34_0., took 0 ms.
TpTrace Verbose: 0 : 2528, 15, 2024/11/16, 00:46:32.905, 2611424923810, vstest.console.dll, TcpClientExtensions.MessageLoopAsync: Polling on remoteEndPoint: 127.0.0.1:62921 localEndPoint: 127.0.0.1:62920 after 0 ms
TpTrace Verbose: 0 : 2528, 15, 2024/11/16, 00:46:32.905, 2611424924190, vstest.console.dll, TcpClientExtensions.MessageLoopAsync: NotifyDataAvailable remoteEndPoint: 127.0.0.1:62921 localEndPoint: 127.0.0.1:62920
TpTrace Verbose: 0 : 2528, 15, 2024/11/16, 00:46:32.905, 2611424924537, vstest.console.dll, TestRequestSender.OnExecutionMessageReceived: Received message: {"Version":7,"MessageType":"TestSession.Message","Payload":{"MessageLevel":0,"Message":"[xUnit.net 00:00:00.24]       Assert.Fail() Failure"}}
TpTrace Verbose: 0 : 2528, 15, 2024/11/16, 00:46:32.905, 2611424925022, vstest.console.dll, TestRunRequest:SendTestRunMessage: Starting.
TpTrace Verbose: 0 : 2528, 15, 2024/11/16, 00:46:32.905, 2611424925394, vstest.console.dll, MulticastDelegateUtilities.SafeInvoke: TestRun.LogMessages: Invoking callback 1/1 for Microsoft.VisualStudio.TestPlatform.CommandLine.TestRunResultAggregator., took 0 ms.
TpTrace Information: 0 : 2528, 15, 2024/11/16, 00:46:32.905, 2611424926106, vstest.console.dll, TestRunRequest:SendTestRunMessage: Completed.
TpTrace Verbose: 0 : 2528, 15, 2024/11/16, 00:46:32.905, 2611424926603, vstest.console.dll, MulticastDelegateUtilities.SafeInvoke: LengthPrefixCommunicationChannel: MessageReceived: Invoking callback 1/1 for Microsoft.VisualStudio.TestPlatform.CommunicationUtilities.TestRequestSender+<>c__DisplayClass34_0., took 0 ms.
TpTrace Verbose: 0 : 2528, 15, 2024/11/16, 00:46:32.905, 2611424927053, vstest.console.dll, TcpClientExtensions.MessageLoopAsync: Polling on remoteEndPoint: 127.0.0.1:62921 localEndPoint: 127.0.0.1:62920 after 0 ms
TpTrace Verbose: 0 : 2528, 15, 2024/11/16, 00:46:32.905, 2611424927540, vstest.console.dll, TcpClientExtensions.MessageLoopAsync: NotifyDataAvailable remoteEndPoint: 127.0.0.1:62921 localEndPoint: 127.0.0.1:62920
TpTrace Verbose: 0 : 2528, 15, 2024/11/16, 00:46:32.905, 2611424928167, vstest.console.dll, TestRequestSender.OnExecutionMessageReceived: Received message: {"Version":7,"MessageType":"TestSession.Message","Payload":{"MessageLevel":0,"Message":"[xUnit.net 00:00:00.24]       Stack Trace:"}}
TpTrace Verbose: 0 : 2528, 15, 2024/11/16, 00:46:32.905, 2611424928900, vstest.console.dll, TestRunRequest:SendTestRunMessage: Starting.
TpTrace Verbose: 0 : 2528, 4, 2024/11/16, 00:46:32.905, 2611424929170, vstest.console.dll, MulticastDelegateUtilities.SafeInvoke: InternalTestLoggerEvents.SendTestResult: Invoking callback 1/1 for Microsoft.VisualStudio.TestPlatform.CommandLine.Internal.ConsoleLogger., took 2 ms.
TpTrace Verbose: 0 : 2528, 15, 2024/11/16, 00:46:32.905, 2611424930014, vstest.console.dll, MulticastDelegateUtilities.SafeInvoke: TestRun.LogMessages: Invoking callback 1/1 for Microsoft.VisualStudio.TestPlatform.CommandLine.TestRunResultAggregator., took 0 ms.
TpTrace Information: 0 : 2528, 15, 2024/11/16, 00:46:32.906, 2611424930553, vstest.console.dll, TestRunRequest:SendTestRunMessage: Completed.
TpTrace Verbose: 0 : 2528, 15, 2024/11/16, 00:46:32.906, 2611424930804, vstest.console.dll, MulticastDelegateUtilities.SafeInvoke: LengthPrefixCommunicationChannel: MessageReceived: Invoking callback 1/1 for Microsoft.VisualStudio.TestPlatform.CommunicationUtilities.TestRequestSender+<>c__DisplayClass34_0., took 0 ms.
TpTrace Verbose: 0 : 2528, 15, 2024/11/16, 00:46:32.906, 2611424931055, vstest.console.dll, TcpClientExtensions.MessageLoopAsync: Polling on remoteEndPoint: 127.0.0.1:62921 localEndPoint: 127.0.0.1:62920 after 0 ms
TpTrace Verbose: 0 : 2528, 15, 2024/11/16, 00:46:32.906, 2611424931323, vstest.console.dll, TcpClientExtensions.MessageLoopAsync: NotifyDataAvailable remoteEndPoint: 127.0.0.1:62921 localEndPoint: 127.0.0.1:62920
TpTrace Verbose: 0 : 2528, 15, 2024/11/16, 00:46:32.906, 2611424931783, vstest.console.dll, TestRequestSender.OnExecutionMessageReceived: Received message: {"Version":7,"MessageType":"TestSession.Message","Payload":{"MessageLevel":0,"Message":"[xUnit.net 00:00:00.24]         C:\\Users\\chris\\Source\\Repos\\Server\\PhoenixApi\\AuthenticationTests\\Service\\AuthenticationServiceTests.GenerateJwtToken.cs(15,0): at AuthenticationTests.Service.AuthenticationServiceTests.GenerateJwtToken_ValidHubId_ReturnsJwtToken()"}}
TpTrace Verbose: 0 : 2528, 4, 2024/11/16, 00:46:32.906, 2611424932292, vstest.console.dll, MulticastDelegateUtilities.SafeInvoke: InternalTestLoggerEvents.SendTestResult: Invoking callback 1/1 for Microsoft.VisualStudio.TestPlatform.CommandLine.Internal.ConsoleLogger., took 0 ms.
TpTrace Verbose: 0 : 2528, 15, 2024/11/16, 00:46:32.906, 2611424932402, vstest.console.dll, TestRunRequest:SendTestRunMessage: Starting.
TpTrace Verbose: 0 : 2528, 4, 2024/11/16, 00:46:32.906, 2611424932945, vstest.console.dll, MulticastDelegateUtilities.SafeInvoke: InternalTestLoggerEvents.SendTestResult: Invoking callback 1/1 for Microsoft.VisualStudio.TestPlatform.CommandLine.Internal.ConsoleLogger., took 0 ms.
TpTrace Verbose: 0 : 2528, 4, 2024/11/16, 00:46:32.906, 2611424933432, vstest.console.dll, MulticastDelegateUtilities.SafeInvoke: InternalTestLoggerEvents.SendTestResult: Invoking callback 1/1 for Microsoft.VisualStudio.TestPlatform.CommandLine.Internal.ConsoleLogger., took 0 ms.
TpTrace Verbose: 0 : 2528, 15, 2024/11/16, 00:46:32.906, 2611424933563, vstest.console.dll, MulticastDelegateUtilities.SafeInvoke: TestRun.LogMessages: Invoking callback 1/1 for Microsoft.VisualStudio.TestPlatform.CommandLine.TestRunResultAggregator., took 0 ms.
TpTrace Verbose: 0 : 2528, 4, 2024/11/16, 00:46:32.906, 2611424933761, vstest.console.dll, MulticastDelegateUtilities.SafeInvoke: InternalTestLoggerEvents.SendTestResult: Invoking callback 1/1 for Microsoft.VisualStudio.TestPlatform.CommandLine.Internal.ConsoleLogger., took 0 ms.
TpTrace Information: 0 : 2528, 15, 2024/11/16, 00:46:32.906, 2611424934088, vstest.console.dll, TestRunRequest:SendTestRunMessage: Completed.
TpTrace Verbose: 0 : 2528, 4, 2024/11/16, 00:46:32.906, 2611424934813, vstest.console.dll, MulticastDelegateUtilities.SafeInvoke: InternalTestLoggerEvents.SendTestResult: Invoking callback 1/1 for Microsoft.VisualStudio.TestPlatform.CommandLine.Internal.ConsoleLogger., took 0 ms.
TpTrace Verbose: 0 : 2528, 15, 2024/11/16, 00:46:32.906, 2611424935003, vstest.console.dll, MulticastDelegateUtilities.SafeInvoke: LengthPrefixCommunicationChannel: MessageReceived: Invoking callback 1/1 for Microsoft.VisualStudio.TestPlatform.CommunicationUtilities.TestRequestSender+<>c__DisplayClass34_0., took 0 ms.
TpTrace Verbose: 0 : 2528, 15, 2024/11/16, 00:46:32.906, 2611424935375, vstest.console.dll, TcpClientExtensions.MessageLoopAsync: Polling on remoteEndPoint: 127.0.0.1:62921 localEndPoint: 127.0.0.1:62920 after 0 ms
TpTrace Verbose: 0 : 2528, 15, 2024/11/16, 00:46:32.906, 2611424935701, vstest.console.dll, TcpClientExtensions.MessageLoopAsync: NotifyDataAvailable remoteEndPoint: 127.0.0.1:62921 localEndPoint: 127.0.0.1:62920
TpTrace Verbose: 0 : 2528, 15, 2024/11/16, 00:46:32.906, 2611424936366, vstest.console.dll, TestRequestSender.OnExecutionMessageReceived: Received message: {"Version":7,"MessageType":"TestSession.Message","Payload":{"MessageLevel":0,"Message":"[xUnit.net 00:00:00.24]         --- End of stack trace from previous location ---"}}
TpTrace Verbose: 0 : 2528, 15, 2024/11/16, 00:46:32.906, 2611424937123, vstest.console.dll, TestRunRequest:SendTestRunMessage: Starting.
TpTrace Verbose: 0 : 2528, 15, 2024/11/16, 00:46:32.906, 2611424937611, vstest.console.dll, MulticastDelegateUtilities.SafeInvoke: TestRun.LogMessages: Invoking callback 1/1 for Microsoft.VisualStudio.TestPlatform.CommandLine.TestRunResultAggregator., took 0 ms.
TpTrace Information: 0 : 2528, 15, 2024/11/16, 00:46:32.906, 2611424937835, vstest.console.dll, TestRunRequest:SendTestRunMessage: Completed.
TpTrace Verbose: 0 : 2528, 15, 2024/11/16, 00:46:32.906, 2611424938124, vstest.console.dll, MulticastDelegateUtilities.SafeInvoke: LengthPrefixCommunicationChannel: MessageReceived: Invoking callback 1/1 for Microsoft.VisualStudio.TestPlatform.CommunicationUtilities.TestRequestSender+<>c__DisplayClass34_0., took 0 ms.
TpTrace Verbose: 0 : 2528, 15, 2024/11/16, 00:46:32.906, 2611424938370, vstest.console.dll, TcpClientExtensions.MessageLoopAsync: Polling on remoteEndPoint: 127.0.0.1:62921 localEndPoint: 127.0.0.1:62920 after 0 ms
TpTrace Verbose: 0 : 2528, 15, 2024/11/16, 00:46:32.906, 2611424938619, vstest.console.dll, TcpClientExtensions.MessageLoopAsync: NotifyDataAvailable remoteEndPoint: 127.0.0.1:62921 localEndPoint: 127.0.0.1:62920
TpTrace Verbose: 0 : 2528, 15, 2024/11/16, 00:46:32.906, 2611424938980, vstest.console.dll, TestRequestSender.OnExecutionMessageReceived: Received message: {"Version":7,"MessageType":"TestSession.Message","Payload":{"MessageLevel":2,"Message":"[xUnit.net 00:00:00.24]     AuthenticationTests.Service.AuthenticationServiceTests.UpdateHubWithCredentials_HubNotFound_ThrowsKeyNotFoundException [FAIL]"}}
TpTrace Verbose: 0 : 2528, 15, 2024/11/16, 00:46:32.906, 2611424939506, vstest.console.dll, TestRunRequest:SendTestRunMessage: Starting.
TpTrace Verbose: 0 : 2528, 15, 2024/11/16, 00:46:32.906, 2611424939846, vstest.console.dll, MulticastDelegateUtilities.SafeInvoke: TestRun.LogMessages: Invoking callback 1/1 for Microsoft.VisualStudio.TestPlatform.CommandLine.TestRunResultAggregator., took 0 ms.
TpTrace Information: 0 : 2528, 15, 2024/11/16, 00:46:32.906, 2611424940052, vstest.console.dll, TestRunRequest:SendTestRunMessage: Completed.
TpTrace Verbose: 0 : 2528, 15, 2024/11/16, 00:46:32.907, 2611424940273, vstest.console.dll, MulticastDelegateUtilities.SafeInvoke: LengthPrefixCommunicationChannel: MessageReceived: Invoking callback 1/1 for Microsoft.VisualStudio.TestPlatform.CommunicationUtilities.TestRequestSender+<>c__DisplayClass34_0., took 0 ms.
TpTrace Verbose: 0 : 2528, 15, 2024/11/16, 00:46:32.907, 2611424940483, vstest.console.dll, TcpClientExtensions.MessageLoopAsync: Polling on remoteEndPoint: 127.0.0.1:62921 localEndPoint: 127.0.0.1:62920 after 0 ms
TpTrace Verbose: 0 : 2528, 15, 2024/11/16, 00:46:32.907, 2611424940801, vstest.console.dll, TcpClientExtensions.MessageLoopAsync: NotifyDataAvailable remoteEndPoint: 127.0.0.1:62921 localEndPoint: 127.0.0.1:62920
TpTrace Verbose: 0 : 2528, 15, 2024/11/16, 00:46:32.907, 2611424941115, vstest.console.dll, TestRequestSender.OnExecutionMessageReceived: Received message: {"Version":7,"MessageType":"TestSession.Message","Payload":{"MessageLevel":0,"Message":"[xUnit.net 00:00:00.24]       Assert.Fail() Failure"}}
TpTrace Verbose: 0 : 2528, 15, 2024/11/16, 00:46:32.907, 2611424941584, vstest.console.dll, TestRunRequest:SendTestRunMessage: Starting.
TpTrace Verbose: 0 : 2528, 15, 2024/11/16, 00:46:32.907, 2611424941919, vstest.console.dll, MulticastDelegateUtilities.SafeInvoke: TestRun.LogMessages: Invoking callback 1/1 for Microsoft.VisualStudio.TestPlatform.CommandLine.TestRunResultAggregator., took 0 ms.
TpTrace Information: 0 : 2528, 15, 2024/11/16, 00:46:32.907, 2611424942122, vstest.console.dll, TestRunRequest:SendTestRunMessage: Completed.
TpTrace Verbose: 0 : 2528, 15, 2024/11/16, 00:46:32.907, 2611424942308, vstest.console.dll, MulticastDelegateUtilities.SafeInvoke: LengthPrefixCommunicationChannel: MessageReceived: Invoking callback 1/1 for Microsoft.VisualStudio.TestPlatform.CommunicationUtilities.TestRequestSender+<>c__DisplayClass34_0., took 0 ms.
TpTrace Verbose: 0 : 2528, 15, 2024/11/16, 00:46:32.907, 2611424942537, vstest.console.dll, TcpClientExtensions.MessageLoopAsync: Polling on remoteEndPoint: 127.0.0.1:62921 localEndPoint: 127.0.0.1:62920 after 0 ms
TpTrace Verbose: 0 : 2528, 15, 2024/11/16, 00:46:32.907, 2611424942766, vstest.console.dll, TcpClientExtensions.MessageLoopAsync: NotifyDataAvailable remoteEndPoint: 127.0.0.1:62921 localEndPoint: 127.0.0.1:62920
TpTrace Verbose: 0 : 2528, 4, 2024/11/16, 00:46:32.907, 2611424942841, vstest.console.dll, MulticastDelegateUtilities.SafeInvoke: InternalTestLoggerEvents.SendTestResult: Invoking callback 1/1 for Microsoft.VisualStudio.TestPlatform.CommandLine.Internal.ConsoleLogger., took 0 ms.
TpTrace Verbose: 0 : 2528, 15, 2024/11/16, 00:46:32.907, 2611424943068, vstest.console.dll, TestRequestSender.OnExecutionMessageReceived: Received message: {"Version":7,"MessageType":"TestSession.Message","Payload":{"MessageLevel":0,"Message":"[xUnit.net 00:00:00.24]       Stack Trace:"}}
TpTrace Verbose: 0 : 2528, 4, 2024/11/16, 00:46:32.907, 2611424943693, vstest.console.dll, MulticastDelegateUtilities.SafeInvoke: InternalTestLoggerEvents.SendTestResult: Invoking callback 1/1 for Microsoft.VisualStudio.TestPlatform.CommandLine.Internal.ConsoleLogger., took 0 ms.
TpTrace Verbose: 0 : 2528, 15, 2024/11/16, 00:46:32.907, 2611424944481, vstest.console.dll, TestRunRequest:SendTestRunMessage: Starting.
TpTrace Verbose: 0 : 2528, 15, 2024/11/16, 00:46:32.907, 2611424945096, vstest.console.dll, MulticastDelegateUtilities.SafeInvoke: TestRun.LogMessages: Invoking callback 1/1 for Microsoft.VisualStudio.TestPlatform.CommandLine.TestRunResultAggregator., took 0 ms.
TpTrace Verbose: 0 : 2528, 4, 2024/11/16, 00:46:32.907, 2611424945326, vstest.console.dll, MulticastDelegateUtilities.SafeInvoke: InternalTestLoggerEvents.SendTestResult: Invoking callback 1/1 for Microsoft.VisualStudio.TestPlatform.CommandLine.Internal.ConsoleLogger., took 0 ms.
TpTrace Information: 0 : 2528, 15, 2024/11/16, 00:46:32.907, 2611424945409, vstest.console.dll, TestRunRequest:SendTestRunMessage: Completed.
TpTrace Verbose: 0 : 2528, 4, 2024/11/16, 00:46:32.907, 2611424946380, vstest.console.dll, MulticastDelegateUtilities.SafeInvoke: InternalTestLoggerEvents.SendTestRunMessage: Invoking callback 1/1 for Microsoft.VisualStudio.TestPlatform.CommandLine.Internal.ConsoleLogger., took 0 ms.
TpTrace Verbose: 0 : 2528, 15, 2024/11/16, 00:46:32.907, 2611424946405, vstest.console.dll, MulticastDelegateUtilities.SafeInvoke: LengthPrefixCommunicationChannel: MessageReceived: Invoking callback 1/1 for Microsoft.VisualStudio.TestPlatform.CommunicationUtilities.TestRequestSender+<>c__DisplayClass34_0., took 0 ms.
TpTrace Verbose: 0 : 2528, 4, 2024/11/16, 00:46:32.907, 2611424947049, vstest.console.dll, MulticastDelegateUtilities.SafeInvoke: InternalTestLoggerEvents.SendTestRunMessage: Invoking callback 1/1 for Microsoft.VisualStudio.TestPlatform.CommandLine.Internal.ConsoleLogger., took 0 ms.
TpTrace Verbose: 0 : 2528, 15, 2024/11/16, 00:46:32.907, 2611424947514, vstest.console.dll, TcpClientExtensions.MessageLoopAsync: Polling on remoteEndPoint: 127.0.0.1:62921 localEndPoint: 127.0.0.1:62920 after 0 ms
TpTrace Verbose: 0 : 2528, 15, 2024/11/16, 00:46:32.907, 2611424947958, vstest.console.dll, TcpClientExtensions.MessageLoopAsync: NotifyDataAvailable remoteEndPoint: 127.0.0.1:62921 localEndPoint: 127.0.0.1:62920
TpTrace Verbose: 0 : 2528, 4, 2024/11/16, 00:46:32.907, 2611424948087, vstest.console.dll, MulticastDelegateUtilities.SafeInvoke: InternalTestLoggerEvents.SendTestRunMessage: Invoking callback 1/1 for Microsoft.VisualStudio.TestPlatform.CommandLine.Internal.ConsoleLogger., took 0 ms.
TpTrace Verbose: 0 : 2528, 15, 2024/11/16, 00:46:32.907, 2611424948397, vstest.console.dll, TestRequestSender.OnExecutionMessageReceived: Received message: {"Version":7,"MessageType":"TestSession.Message","Payload":{"MessageLevel":0,"Message":"[xUnit.net 00:00:00.24]         C:\\Users\\chris\\Source\\Repos\\Server\\PhoenixApi\\AuthenticationTests\\Service\\AuthenticationServiceTests.UpdateHubWithCredentials.cs(25,0): at AuthenticationTests.Service.AuthenticationServiceTests.UpdateHubWithCredentials_HubNotFound_ThrowsKeyNotFoundException()"}}
TpTrace Verbose: 0 : 2528, 4, 2024/11/16, 00:46:32.907, 2611424948616, vstest.console.dll, MulticastDelegateUtilities.SafeInvoke: InternalTestLoggerEvents.SendTestRunMessage: Invoking callback 1/1 for Microsoft.VisualStudio.TestPlatform.CommandLine.Internal.ConsoleLogger., took 0 ms.
TpTrace Verbose: 0 : 2528, 15, 2024/11/16, 00:46:32.907, 2611424949441, vstest.console.dll, TestRunRequest:SendTestRunMessage: Starting.
TpTrace Verbose: 0 : 2528, 4, 2024/11/16, 00:46:32.907, 2611424949675, vstest.console.dll, MulticastDelegateUtilities.SafeInvoke: InternalTestLoggerEvents.SendTestRunMessage: Invoking callback 1/1 for Microsoft.VisualStudio.TestPlatform.CommandLine.Internal.ConsoleLogger., took 0 ms.
TpTrace Verbose: 0 : 2528, 15, 2024/11/16, 00:46:32.907, 2611424950091, vstest.console.dll, MulticastDelegateUtilities.SafeInvoke: TestRun.LogMessages: Invoking callback 1/1 for Microsoft.VisualStudio.TestPlatform.CommandLine.TestRunResultAggregator., took 0 ms.
TpTrace Information: 0 : 2528, 15, 2024/11/16, 00:46:32.908, 2611424950931, vstest.console.dll, TestRunRequest:SendTestRunMessage: Completed.
TpTrace Verbose: 0 : 2528, 4, 2024/11/16, 00:46:32.908, 2611424950999, vstest.console.dll, MulticastDelegateUtilities.SafeInvoke: InternalTestLoggerEvents.SendTestRunMessage: Invoking callback 1/1 for Microsoft.VisualStudio.TestPlatform.CommandLine.Internal.ConsoleLogger., took 0 ms.
TpTrace Verbose: 0 : 2528, 15, 2024/11/16, 00:46:32.908, 2611424951361, vstest.console.dll, MulticastDelegateUtilities.SafeInvoke: LengthPrefixCommunicationChannel: MessageReceived: Invoking callback 1/1 for Microsoft.VisualStudio.TestPlatform.CommunicationUtilities.TestRequestSender+<>c__DisplayClass34_0., took 0 ms.
TpTrace Verbose: 0 : 2528, 4, 2024/11/16, 00:46:32.908, 2611424951923, vstest.console.dll, MulticastDelegateUtilities.SafeInvoke: InternalTestLoggerEvents.SendTestRunMessage: Invoking callback 1/1 for Microsoft.VisualStudio.TestPlatform.CommandLine.Internal.ConsoleLogger., took 0 ms.
TpTrace Verbose: 0 : 2528, 15, 2024/11/16, 00:46:32.908, 2611424952549, vstest.console.dll, TcpClientExtensions.MessageLoopAsync: Polling on remoteEndPoint: 127.0.0.1:62921 localEndPoint: 127.0.0.1:62920 after 0 ms
TpTrace Verbose: 0 : 2528, 4, 2024/11/16, 00:46:32.908, 2611424953122, vstest.console.dll, MulticastDelegateUtilities.SafeInvoke: InternalTestLoggerEvents.SendTestRunMessage: Invoking callback 1/1 for Microsoft.VisualStudio.TestPlatform.CommandLine.Internal.ConsoleLogger., took 0 ms.
TpTrace Verbose: 0 : 2528, 15, 2024/11/16, 00:46:32.908, 2611424953618, vstest.console.dll, TcpClientExtensions.MessageLoopAsync: NotifyDataAvailable remoteEndPoint: 127.0.0.1:62921 localEndPoint: 127.0.0.1:62920
TpTrace Verbose: 0 : 2528, 4, 2024/11/16, 00:46:32.908, 2611424954241, vstest.console.dll, MulticastDelegateUtilities.SafeInvoke: InternalTestLoggerEvents.SendTestRunMessage: Invoking callback 1/1 for Microsoft.VisualStudio.TestPlatform.CommandLine.Internal.ConsoleLogger., took 0 ms.
TpTrace Verbose: 0 : 2528, 15, 2024/11/16, 00:46:32.908, 2611424954289, vstest.console.dll, TestRequestSender.OnExecutionMessageReceived: Received message: {"Version":7,"MessageType":"TestSession.Message","Payload":{"MessageLevel":0,"Message":"[xUnit.net 00:00:00.24]         --- End of stack trace from previous location ---"}}
TpTrace Verbose: 0 : 2528, 4, 2024/11/16, 00:46:32.908, 2611424954874, vstest.console.dll, MulticastDelegateUtilities.SafeInvoke: InternalTestLoggerEvents.SendTestRunMessage: Invoking callback 1/1 for Microsoft.VisualStudio.TestPlatform.CommandLine.Internal.ConsoleLogger., took 0 ms.
TpTrace Verbose: 0 : 2528, 4, 2024/11/16, 00:46:32.908, 2611424956113, vstest.console.dll, MulticastDelegateUtilities.SafeInvoke: InternalTestLoggerEvents.SendTestRunMessage: Invoking callback 1/1 for Microsoft.VisualStudio.TestPlatform.CommandLine.Internal.ConsoleLogger., took 0 ms.
TpTrace Verbose: 0 : 2528, 15, 2024/11/16, 00:46:32.908, 2611424956149, vstest.console.dll, TestRunRequest:SendTestRunMessage: Starting.
TpTrace Verbose: 0 : 2528, 4, 2024/11/16, 00:46:32.908, 2611424956520, vstest.console.dll, MulticastDelegateUtilities.SafeInvoke: InternalTestLoggerEvents.SendTestRunMessage: Invoking callback 1/1 for Microsoft.VisualStudio.TestPlatform.CommandLine.Internal.ConsoleLogger., took 0 ms.
TpTrace Verbose: 0 : 2528, 15, 2024/11/16, 00:46:32.908, 2611424957201, vstest.console.dll, MulticastDelegateUtilities.SafeInvoke: TestRun.LogMessages: Invoking callback 1/1 for Microsoft.VisualStudio.TestPlatform.CommandLine.TestRunResultAggregator., took 0 ms.
TpTrace Verbose: 0 : 2528, 4, 2024/11/16, 00:46:32.908, 2611424957973, vstest.console.dll, MulticastDelegateUtilities.SafeInvoke: InternalTestLoggerEvents.SendTestRunMessage: Invoking callback 1/1 for Microsoft.VisualStudio.TestPlatform.CommandLine.Internal.ConsoleLogger., took 0 ms.
TpTrace Information: 0 : 2528, 15, 2024/11/16, 00:46:32.908, 2611424958453, vstest.console.dll, TestRunRequest:SendTestRunMessage: Completed.
TpTrace Verbose: 0 : 2528, 4, 2024/11/16, 00:46:32.908, 2611424959202, vstest.console.dll, MulticastDelegateUtilities.SafeInvoke: InternalTestLoggerEvents.SendTestRunMessage: Invoking callback 1/1 for Microsoft.VisualStudio.TestPlatform.CommandLine.Internal.ConsoleLogger., took 0 ms.
TpTrace Verbose: 0 : 2528, 4, 2024/11/16, 00:46:32.908, 2611424959642, vstest.console.dll, MulticastDelegateUtilities.SafeInvoke: InternalTestLoggerEvents.SendTestRunMessage: Invoking callback 1/1 for Microsoft.VisualStudio.TestPlatform.CommandLine.Internal.ConsoleLogger., took 0 ms.
TpTrace Verbose: 0 : 2528, 15, 2024/11/16, 00:46:32.908, 2611424959681, vstest.console.dll, MulticastDelegateUtilities.SafeInvoke: LengthPrefixCommunicationChannel: MessageReceived: Invoking callback 1/1 for Microsoft.VisualStudio.TestPlatform.CommunicationUtilities.TestRequestSender+<>c__DisplayClass34_0., took 0 ms.
TpTrace Verbose: 0 : 2528, 15, 2024/11/16, 00:46:32.909, 2611424960428, vstest.console.dll, TcpClientExtensions.MessageLoopAsync: Polling on remoteEndPoint: 127.0.0.1:62921 localEndPoint: 127.0.0.1:62920 after 0 ms
TpTrace Verbose: 0 : 2528, 15, 2024/11/16, 00:46:32.909, 2611424961138, vstest.console.dll, TcpClientExtensions.MessageLoopAsync: NotifyDataAvailable remoteEndPoint: 127.0.0.1:62921 localEndPoint: 127.0.0.1:62920
TpTrace Verbose: 0 : 2528, 15, 2024/11/16, 00:46:32.909, 2611424961666, vstest.console.dll, TestRequestSender.OnExecutionMessageReceived: Received message: {"Version":7,"MessageType":"TestSession.Message","Payload":{"MessageLevel":2,"Message":"[xUnit.net 00:00:00.25]     AuthenticationTests.Service.AuthenticationServiceTests.GenerateJwtToken_ValidHubId_LogsTokenInfo [FAIL]"}}
TpTrace Verbose: 0 : 2528, 15, 2024/11/16, 00:46:32.909, 2611424962221, vstest.console.dll, TestRunRequest:SendTestRunMessage: Starting.
TpTrace Verbose: 0 : 2528, 15, 2024/11/16, 00:46:32.909, 2611424962648, vstest.console.dll, MulticastDelegateUtilities.SafeInvoke: TestRun.LogMessages: Invoking callback 1/1 for Microsoft.VisualStudio.TestPlatform.CommandLine.TestRunResultAggregator., took 0 ms.
TpTrace Information: 0 : 2528, 15, 2024/11/16, 00:46:32.909, 2611424962882, vstest.console.dll, TestRunRequest:SendTestRunMessage: Completed.
TpTrace Verbose: 0 : 2528, 15, 2024/11/16, 00:46:32.909, 2611424963079, vstest.console.dll, MulticastDelegateUtilities.SafeInvoke: LengthPrefixCommunicationChannel: MessageReceived: Invoking callback 1/1 for Microsoft.VisualStudio.TestPlatform.CommunicationUtilities.TestRequestSender+<>c__DisplayClass34_0., took 0 ms.
TpTrace Verbose: 0 : 2528, 4, 2024/11/16, 00:46:32.909, 2611424963073, vstest.console.dll, MulticastDelegateUtilities.SafeInvoke: InternalTestLoggerEvents.SendTestRunMessage: Invoking callback 1/1 for Microsoft.VisualStudio.TestPlatform.CommandLine.Internal.ConsoleLogger., took 0 ms.
TpTrace Verbose: 0 : 2528, 15, 2024/11/16, 00:46:32.909, 2611424963752, vstest.console.dll, TcpClientExtensions.MessageLoopAsync: Polling on remoteEndPoint: 127.0.0.1:62921 localEndPoint: 127.0.0.1:62920 after 0 ms
TpTrace Verbose: 0 : 2528, 15, 2024/11/16, 00:46:32.909, 2611424964295, vstest.console.dll, TcpClientExtensions.MessageLoopAsync: NotifyDataAvailable remoteEndPoint: 127.0.0.1:62921 localEndPoint: 127.0.0.1:62920
TpTrace Verbose: 0 : 2528, 15, 2024/11/16, 00:46:32.909, 2611424964757, vstest.console.dll, TestRequestSender.OnExecutionMessageReceived: Received message: {"Version":7,"MessageType":"TestSession.Message","Payload":{"MessageLevel":0,"Message":"[xUnit.net 00:00:00.25]       Assert.Fail() Failure"}}
TpTrace Verbose: 0 : 2528, 15, 2024/11/16, 00:46:32.909, 2611424965333, vstest.console.dll, TestRunRequest:SendTestRunMessage: Starting.
TpTrace Verbose: 0 : 2528, 15, 2024/11/16, 00:46:32.909, 2611424965801, vstest.console.dll, MulticastDelegateUtilities.SafeInvoke: TestRun.LogMessages: Invoking callback 1/1 for Microsoft.VisualStudio.TestPlatform.CommandLine.TestRunResultAggregator., took 0 ms.
TpTrace Verbose: 0 : 2528, 4, 2024/11/16, 00:46:32.909, 2611424966018, vstest.console.dll, MulticastDelegateUtilities.SafeInvoke: InternalTestLoggerEvents.SendTestRunMessage: Invoking callback 1/1 for Microsoft.VisualStudio.TestPlatform.CommandLine.Internal.ConsoleLogger., took 0 ms.
TpTrace Information: 0 : 2528, 15, 2024/11/16, 00:46:32.909, 2611424966080, vstest.console.dll, TestRunRequest:SendTestRunMessage: Completed.
TpTrace Verbose: 0 : 2528, 15, 2024/11/16, 00:46:32.909, 2611424967036, vstest.console.dll, MulticastDelegateUtilities.SafeInvoke: LengthPrefixCommunicationChannel: MessageReceived: Invoking callback 1/1 for Microsoft.VisualStudio.TestPlatform.CommunicationUtilities.TestRequestSender+<>c__DisplayClass34_0., took 0 ms.
TpTrace Verbose: 0 : 2528, 15, 2024/11/16, 00:46:32.909, 2611424967318, vstest.console.dll, TcpClientExtensions.MessageLoopAsync: Polling on remoteEndPoint: 127.0.0.1:62921 localEndPoint: 127.0.0.1:62920 after 0 ms
TpTrace Verbose: 0 : 2528, 15, 2024/11/16, 00:46:32.909, 2611424967583, vstest.console.dll, TcpClientExtensions.MessageLoopAsync: NotifyDataAvailable remoteEndPoint: 127.0.0.1:62921 localEndPoint: 127.0.0.1:62920
TpTrace Verbose: 0 : 2528, 15, 2024/11/16, 00:46:32.909, 2611424967973, vstest.console.dll, TestRequestSender.OnExecutionMessageReceived: Received message: {"Version":7,"MessageType":"TestSession.Message","Payload":{"MessageLevel":0,"Message":"[xUnit.net 00:00:00.25]       Stack Trace:"}}
TpTrace Verbose: 0 : 2528, 15, 2024/11/16, 00:46:32.909, 2611424968551, vstest.console.dll, TestRunRequest:SendTestRunMessage: Starting.
TpTrace Verbose: 0 : 2528, 15, 2024/11/16, 00:46:32.909, 2611424968928, vstest.console.dll, MulticastDelegateUtilities.SafeInvoke: TestRun.LogMessages: Invoking callback 1/1 for Microsoft.VisualStudio.TestPlatform.CommandLine.TestRunResultAggregator., took 0 ms.
TpTrace Information: 0 : 2528, 15, 2024/11/16, 00:46:32.909, 2611424969150, vstest.console.dll, TestRunRequest:SendTestRunMessage: Completed.
TpTrace Verbose: 0 : 2528, 4, 2024/11/16, 00:46:32.909, 2611424969151, vstest.console.dll, MulticastDelegateUtilities.SafeInvoke: InternalTestLoggerEvents.SendTestRunMessage: Invoking callback 1/1 for Microsoft.VisualStudio.TestPlatform.CommandLine.Internal.ConsoleLogger., took 0 ms.
TpTrace Verbose: 0 : 2528, 15, 2024/11/16, 00:46:32.909, 2611424969434, vstest.console.dll, MulticastDelegateUtilities.SafeInvoke: LengthPrefixCommunicationChannel: MessageReceived: Invoking callback 1/1 for Microsoft.VisualStudio.TestPlatform.CommunicationUtilities.TestRequestSender+<>c__DisplayClass34_0., took 0 ms.
TpTrace Verbose: 0 : 2528, 15, 2024/11/16, 00:46:32.910, 2611424970358, vstest.console.dll, TcpClientExtensions.MessageLoopAsync: Polling on remoteEndPoint: 127.0.0.1:62921 localEndPoint: 127.0.0.1:62920 after 0 ms
TpTrace Verbose: 0 : 2528, 15, 2024/11/16, 00:46:32.910, 2611424970969, vstest.console.dll, TcpClientExtensions.MessageLoopAsync: NotifyDataAvailable remoteEndPoint: 127.0.0.1:62921 localEndPoint: 127.0.0.1:62920
TpTrace Verbose: 0 : 2528, 15, 2024/11/16, 00:46:32.910, 2611424971488, vstest.console.dll, TestRequestSender.OnExecutionMessageReceived: Received message: {"Version":7,"MessageType":"TestSession.Message","Payload":{"MessageLevel":0,"Message":"[xUnit.net 00:00:00.25]         C:\\Users\\chris\\Source\\Repos\\Server\\PhoenixApi\\AuthenticationTests\\Service\\AuthenticationServiceTests.GenerateJwtToken.cs(20,0): at AuthenticationTests.Service.AuthenticationServiceTests.GenerateJwtToken_ValidHubId_LogsTokenInfo()"}}
TpTrace Verbose: 0 : 2528, 15, 2024/11/16, 00:46:32.910, 2611424972121, vstest.console.dll, TestRunRequest:SendTestRunMessage: Starting.
TpTrace Verbose: 0 : 2528, 15, 2024/11/16, 00:46:32.910, 2611424972544, vstest.console.dll, MulticastDelegateUtilities.SafeInvoke: TestRun.LogMessages: Invoking callback 1/1 for Microsoft.VisualStudio.TestPlatform.CommandLine.TestRunResultAggregator., took 0 ms.
TpTrace Information: 0 : 2528, 15, 2024/11/16, 00:46:32.910, 2611424972770, vstest.console.dll, TestRunRequest:SendTestRunMessage: Completed.
TpTrace Verbose: 0 : 2528, 4, 2024/11/16, 00:46:32.910, 2611424972761, vstest.console.dll, MulticastDelegateUtilities.SafeInvoke: InternalTestLoggerEvents.SendTestRunMessage: Invoking callback 1/1 for Microsoft.VisualStudio.TestPlatform.CommandLine.Internal.ConsoleLogger., took 0 ms.
TpTrace Verbose: 0 : 2528, 15, 2024/11/16, 00:46:32.910, 2611424973498, vstest.console.dll, MulticastDelegateUtilities.SafeInvoke: LengthPrefixCommunicationChannel: MessageReceived: Invoking callback 1/1 for Microsoft.VisualStudio.TestPlatform.CommunicationUtilities.TestRequestSender+<>c__DisplayClass34_0., took 0 ms.
TpTrace Verbose: 0 : 2528, 15, 2024/11/16, 00:46:32.910, 2611424973993, vstest.console.dll, TcpClientExtensions.MessageLoopAsync: Polling on remoteEndPoint: 127.0.0.1:62921 localEndPoint: 127.0.0.1:62920 after 0 ms
TpTrace Verbose: 0 : 2528, 15, 2024/11/16, 00:46:32.910, 2611424974335, vstest.console.dll, TcpClientExtensions.MessageLoopAsync: NotifyDataAvailable remoteEndPoint: 127.0.0.1:62921 localEndPoint: 127.0.0.1:62920
TpTrace Verbose: 0 : 2528, 15, 2024/11/16, 00:46:32.910, 2611424974724, vstest.console.dll, TestRequestSender.OnExecutionMessageReceived: Received message: {"Version":7,"MessageType":"TestSession.Message","Payload":{"MessageLevel":0,"Message":"[xUnit.net 00:00:00.25]         --- End of stack trace from previous location ---"}}
TpTrace Verbose: 0 : 2528, 15, 2024/11/16, 00:46:32.910, 2611424975279, vstest.console.dll, TestRunRequest:SendTestRunMessage: Starting.
TpTrace Verbose: 0 : 2528, 15, 2024/11/16, 00:46:32.910, 2611424975700, vstest.console.dll, MulticastDelegateUtilities.SafeInvoke: TestRun.LogMessages: Invoking callback 1/1 for Microsoft.VisualStudio.TestPlatform.CommandLine.TestRunResultAggregator., took 0 ms.
TpTrace Information: 0 : 2528, 15, 2024/11/16, 00:46:32.910, 2611424975926, vstest.console.dll, TestRunRequest:SendTestRunMessage: Completed.
TpTrace Verbose: 0 : 2528, 15, 2024/11/16, 00:46:32.910, 2611424976122, vstest.console.dll, MulticastDelegateUtilities.SafeInvoke: LengthPrefixCommunicationChannel: MessageReceived: Invoking callback 1/1 for Microsoft.VisualStudio.TestPlatform.CommunicationUtilities.TestRequestSender+<>c__DisplayClass34_0., took 0 ms.
TpTrace Verbose: 0 : 2528, 15, 2024/11/16, 00:46:32.910, 2611424976323, vstest.console.dll, TcpClientExtensions.MessageLoopAsync: Polling on remoteEndPoint: 127.0.0.1:62921 localEndPoint: 127.0.0.1:62920 after 0 ms
TpTrace Verbose: 0 : 2528, 15, 2024/11/16, 00:46:32.910, 2611424976597, vstest.console.dll, TcpClientExtensions.MessageLoopAsync: NotifyDataAvailable remoteEndPoint: 127.0.0.1:62921 localEndPoint: 127.0.0.1:62920
TpTrace Verbose: 0 : 2528, 4, 2024/11/16, 00:46:32.910, 2611424976814, vstest.console.dll, MulticastDelegateUtilities.SafeInvoke: InternalTestLoggerEvents.SendTestRunMessage: Invoking callback 1/1 for Microsoft.VisualStudio.TestPlatform.CommandLine.Internal.ConsoleLogger., took 0 ms.
TpTrace Verbose: 0 : 2528, 15, 2024/11/16, 00:46:32.910, 2611424977148, vstest.console.dll, TestRequestSender.OnExecutionMessageReceived: Received message: {"Version":7,"MessageType":"TestSession.Message","Payload":{"MessageLevel":2,"Message":"[xUnit.net 00:00:00.25]     AuthenticationTests.Service.AuthenticationServiceTests.UpdateHubWithCredentials_ClientInfoExists_ThrowsDublicateClientInfoException [FAIL]"}}
TpTrace Verbose: 0 : 2528, 15, 2024/11/16, 00:46:32.910, 2611424978355, vstest.console.dll, TestRunRequest:SendTestRunMessage: Starting.
TpTrace Verbose: 0 : 2528, 15, 2024/11/16, 00:46:32.910, 2611424979149, vstest.console.dll, MulticastDelegateUtilities.SafeInvoke: TestRun.LogMessages: Invoking callback 1/1 for Microsoft.VisualStudio.TestPlatform.CommandLine.TestRunResultAggregator., took 0 ms.
TpTrace Information: 0 : 2528, 15, 2024/11/16, 00:46:32.910, 2611424979547, vstest.console.dll, TestRunRequest:SendTestRunMessage: Completed.
TpTrace Verbose: 0 : 2528, 4, 2024/11/16, 00:46:32.910, 2611424979543, vstest.console.dll, MulticastDelegateUtilities.SafeInvoke: InternalTestLoggerEvents.SendTestRunMessage: Invoking callback 1/1 for Microsoft.VisualStudio.TestPlatform.CommandLine.Internal.ConsoleLogger., took 0 ms.
TpTrace Verbose: 0 : 2528, 15, 2024/11/16, 00:46:32.910, 2611424979793, vstest.console.dll, MulticastDelegateUtilities.SafeInvoke: LengthPrefixCommunicationChannel: MessageReceived: Invoking callback 1/1 for Microsoft.VisualStudio.TestPlatform.CommunicationUtilities.TestRequestSender+<>c__DisplayClass34_0., took 0 ms.
TpTrace Verbose: 0 : 2528, 15, 2024/11/16, 00:46:32.911, 2611424980782, vstest.console.dll, TcpClientExtensions.MessageLoopAsync: Polling on remoteEndPoint: 127.0.0.1:62921 localEndPoint: 127.0.0.1:62920 after 0 ms
TpTrace Verbose: 0 : 2528, 15, 2024/11/16, 00:46:32.911, 2611424981308, vstest.console.dll, TcpClientExtensions.MessageLoopAsync: NotifyDataAvailable remoteEndPoint: 127.0.0.1:62921 localEndPoint: 127.0.0.1:62920
TpTrace Verbose: 0 : 2528, 15, 2024/11/16, 00:46:32.911, 2611424981709, vstest.console.dll, TestRequestSender.OnExecutionMessageReceived: Received message: {"Version":7,"MessageType":"TestSession.Message","Payload":{"MessageLevel":0,"Message":"[xUnit.net 00:00:00.25]       Assert.Fail() Failure"}}
TpTrace Verbose: 0 : 2528, 15, 2024/11/16, 00:46:32.911, 2611424982258, vstest.console.dll, TestRunRequest:SendTestRunMessage: Starting.
TpTrace Verbose: 0 : 2528, 15, 2024/11/16, 00:46:32.911, 2611424982647, vstest.console.dll, MulticastDelegateUtilities.SafeInvoke: TestRun.LogMessages: Invoking callback 1/1 for Microsoft.VisualStudio.TestPlatform.CommandLine.TestRunResultAggregator., took 0 ms.
TpTrace Information: 0 : 2528, 15, 2024/11/16, 00:46:32.911, 2611424982871, vstest.console.dll, TestRunRequest:SendTestRunMessage: Completed.
TpTrace Verbose: 0 : 2528, 15, 2024/11/16, 00:46:32.911, 2611424983098, vstest.console.dll, MulticastDelegateUtilities.SafeInvoke: LengthPrefixCommunicationChannel: MessageReceived: Invoking callback 1/1 for Microsoft.VisualStudio.TestPlatform.CommunicationUtilities.TestRequestSender+<>c__DisplayClass34_0., took 0 ms.
TpTrace Verbose: 0 : 2528, 4, 2024/11/16, 00:46:32.911, 2611424982868, vstest.console.dll, MulticastDelegateUtilities.SafeInvoke: InternalTestLoggerEvents.SendTestRunMessage: Invoking callback 1/1 for Microsoft.VisualStudio.TestPlatform.CommandLine.Internal.ConsoleLogger., took 0 ms.
TpTrace Verbose: 0 : 2528, 15, 2024/11/16, 00:46:32.911, 2611424983333, vstest.console.dll, TcpClientExtensions.MessageLoopAsync: Polling on remoteEndPoint: 127.0.0.1:62921 localEndPoint: 127.0.0.1:62920 after 0 ms
TpTrace Verbose: 0 : 2528, 15, 2024/11/16, 00:46:32.911, 2611424984339, vstest.console.dll, TcpClientExtensions.MessageLoopAsync: NotifyDataAvailable remoteEndPoint: 127.0.0.1:62921 localEndPoint: 127.0.0.1:62920
TpTrace Verbose: 0 : 2528, 15, 2024/11/16, 00:46:32.911, 2611424984790, vstest.console.dll, TestRequestSender.OnExecutionMessageReceived: Received message: {"Version":7,"MessageType":"TestSession.Message","Payload":{"MessageLevel":0,"Message":"[xUnit.net 00:00:00.25]       Stack Trace:"}}
TpTrace Verbose: 0 : 2528, 15, 2024/11/16, 00:46:32.911, 2611424985313, vstest.console.dll, TestRunRequest:SendTestRunMessage: Starting.
TpTrace Verbose: 0 : 2528, 15, 2024/11/16, 00:46:32.911, 2611424985768, vstest.console.dll, MulticastDelegateUtilities.SafeInvoke: TestRun.LogMessages: Invoking callback 1/1 for Microsoft.VisualStudio.TestPlatform.CommandLine.TestRunResultAggregator., took 0 ms.
TpTrace Information: 0 : 2528, 15, 2024/11/16, 00:46:32.911, 2611424986000, vstest.console.dll, TestRunRequest:SendTestRunMessage: Completed.
TpTrace Verbose: 0 : 2528, 15, 2024/11/16, 00:46:32.911, 2611424986228, vstest.console.dll, MulticastDelegateUtilities.SafeInvoke: LengthPrefixCommunicationChannel: MessageReceived: Invoking callback 1/1 for Microsoft.VisualStudio.TestPlatform.CommunicationUtilities.TestRequestSender+<>c__DisplayClass34_0., took 0 ms.
TpTrace Verbose: 0 : 2528, 15, 2024/11/16, 00:46:32.911, 2611424986454, vstest.console.dll, TcpClientExtensions.MessageLoopAsync: Polling on remoteEndPoint: 127.0.0.1:62921 localEndPoint: 127.0.0.1:62920 after 0 ms
TpTrace Verbose: 0 : 2528, 4, 2024/11/16, 00:46:32.911, 2611424985969, vstest.console.dll, MulticastDelegateUtilities.SafeInvoke: InternalTestLoggerEvents.SendTestRunMessage: Invoking callback 1/1 for Microsoft.VisualStudio.TestPlatform.CommandLine.Internal.ConsoleLogger., took 0 ms.
TpTrace Verbose: 0 : 2528, 15, 2024/11/16, 00:46:32.911, 2611424987193, vstest.console.dll, TcpClientExtensions.MessageLoopAsync: NotifyDataAvailable remoteEndPoint: 127.0.0.1:62921 localEndPoint: 127.0.0.1:62920
TpTrace Verbose: 0 : 2528, 15, 2024/11/16, 00:46:32.911, 2611424988138, vstest.console.dll, TestRequestSender.OnExecutionMessageReceived: Received message: {"Version":7,"MessageType":"TestSession.Message","Payload":{"MessageLevel":0,"Message":"[xUnit.net 00:00:00.25]         C:\\Users\\chris\\Source\\Repos\\Server\\PhoenixApi\\AuthenticationTests\\Service\\AuthenticationServiceTests.UpdateHubWithCredentials.cs(20,0): at AuthenticationTests.Service.AuthenticationServiceTests.UpdateHubWithCredentials_ClientInfoExists_ThrowsDublicateClientInfoException()"}}
TpTrace Verbose: 0 : 2528, 15, 2024/11/16, 00:46:32.911, 2611424988923, vstest.console.dll, TestRunRequest:SendTestRunMessage: Starting.
TpTrace Verbose: 0 : 2528, 15, 2024/11/16, 00:46:32.911, 2611424989427, vstest.console.dll, MulticastDelegateUtilities.SafeInvoke: TestRun.LogMessages: Invoking callback 1/1 for Microsoft.VisualStudio.TestPlatform.CommandLine.TestRunResultAggregator., took 0 ms.
TpTrace Information: 0 : 2528, 15, 2024/11/16, 00:46:32.911, 2611424989660, vstest.console.dll, TestRunRequest:SendTestRunMessage: Completed.
TpTrace Verbose: 0 : 2528, 4, 2024/11/16, 00:46:32.911, 2611424989632, vstest.console.dll, MulticastDelegateUtilities.SafeInvoke: InternalTestLoggerEvents.SendTestRunMessage: Invoking callback 1/1 for Microsoft.VisualStudio.TestPlatform.CommandLine.Internal.ConsoleLogger., took 0 ms.
TpTrace Verbose: 0 : 2528, 15, 2024/11/16, 00:46:32.911, 2611424989952, vstest.console.dll, MulticastDelegateUtilities.SafeInvoke: LengthPrefixCommunicationChannel: MessageReceived: Invoking callback 1/1 for Microsoft.VisualStudio.TestPlatform.CommunicationUtilities.TestRequestSender+<>c__DisplayClass34_0., took 0 ms.
TpTrace Verbose: 0 : 2528, 15, 2024/11/16, 00:46:32.912, 2611424991020, vstest.console.dll, TcpClientExtensions.MessageLoopAsync: Polling on remoteEndPoint: 127.0.0.1:62921 localEndPoint: 127.0.0.1:62920 after 0 ms
TpTrace Verbose: 0 : 2528, 15, 2024/11/16, 00:46:32.912, 2611424991350, vstest.console.dll, TcpClientExtensions.MessageLoopAsync: NotifyDataAvailable remoteEndPoint: 127.0.0.1:62921 localEndPoint: 127.0.0.1:62920
TpTrace Verbose: 0 : 2528, 15, 2024/11/16, 00:46:32.912, 2611424991744, vstest.console.dll, TestRequestSender.OnExecutionMessageReceived: Received message: {"Version":7,"MessageType":"TestSession.Message","Payload":{"MessageLevel":0,"Message":"[xUnit.net 00:00:00.25]         --- End of stack trace from previous location ---"}}
TpTrace Verbose: 0 : 2528, 15, 2024/11/16, 00:46:32.912, 2611424992332, vstest.console.dll, TestRunRequest:SendTestRunMessage: Starting.
TpTrace Verbose: 0 : 2528, 15, 2024/11/16, 00:46:32.912, 2611424992712, vstest.console.dll, MulticastDelegateUtilities.SafeInvoke: TestRun.LogMessages: Invoking callback 1/1 for Microsoft.VisualStudio.TestPlatform.CommandLine.TestRunResultAggregator., took 0 ms.
TpTrace Information: 0 : 2528, 15, 2024/11/16, 00:46:32.912, 2611424992934, vstest.console.dll, TestRunRequest:SendTestRunMessage: Completed.
TpTrace Verbose: 0 : 2528, 4, 2024/11/16, 00:46:32.912, 2611424992935, vstest.console.dll, MulticastDelegateUtilities.SafeInvoke: InternalTestLoggerEvents.SendTestRunMessage: Invoking callback 1/1 for Microsoft.VisualStudio.TestPlatform.CommandLine.Internal.ConsoleLogger., took 0 ms.
TpTrace Verbose: 0 : 2528, 15, 2024/11/16, 00:46:32.912, 2611424993197, vstest.console.dll, MulticastDelegateUtilities.SafeInvoke: LengthPrefixCommunicationChannel: MessageReceived: Invoking callback 1/1 for Microsoft.VisualStudio.TestPlatform.CommunicationUtilities.TestRequestSender+<>c__DisplayClass34_0., took 0 ms.
TpTrace Verbose: 0 : 2528, 15, 2024/11/16, 00:46:32.912, 2611424994204, vstest.console.dll, TcpClientExtensions.MessageLoopAsync: Polling on remoteEndPoint: 127.0.0.1:62921 localEndPoint: 127.0.0.1:62920 after 0 ms
TpTrace Verbose: 0 : 2528, 15, 2024/11/16, 00:46:32.912, 2611424994528, vstest.console.dll, TcpClientExtensions.MessageLoopAsync: NotifyDataAvailable remoteEndPoint: 127.0.0.1:62921 localEndPoint: 127.0.0.1:62920
TpTrace Verbose: 0 : 2528, 15, 2024/11/16, 00:46:32.912, 2611424994914, vstest.console.dll, TestRequestSender.OnExecutionMessageReceived: Received message: {"Version":7,"MessageType":"TestSession.Message","Payload":{"MessageLevel":0,"Message":"[xUnit.net 00:00:00.25]   Finished:    AuthenticationTests"}}
TpTrace Verbose: 0 : 2528, 15, 2024/11/16, 00:46:32.912, 2611424995574, vstest.console.dll, TestRunRequest:SendTestRunMessage: Starting.
TpTrace Verbose: 0 : 2528, 15, 2024/11/16, 00:46:32.912, 2611424995982, vstest.console.dll, MulticastDelegateUtilities.SafeInvoke: TestRun.LogMessages: Invoking callback 1/1 for Microsoft.VisualStudio.TestPlatform.CommandLine.TestRunResultAggregator., took 0 ms.
TpTrace Information: 0 : 2528, 15, 2024/11/16, 00:46:32.912, 2611424996207, vstest.console.dll, TestRunRequest:SendTestRunMessage: Completed.
TpTrace Verbose: 0 : 2528, 4, 2024/11/16, 00:46:32.912, 2611424996201, vstest.console.dll, MulticastDelegateUtilities.SafeInvoke: InternalTestLoggerEvents.SendTestRunMessage: Invoking callback 1/1 for Microsoft.VisualStudio.TestPlatform.CommandLine.Internal.ConsoleLogger., took 0 ms.
TpTrace Verbose: 0 : 2528, 15, 2024/11/16, 00:46:32.912, 2611424996438, vstest.console.dll, MulticastDelegateUtilities.SafeInvoke: LengthPrefixCommunicationChannel: MessageReceived: Invoking callback 1/1 for Microsoft.VisualStudio.TestPlatform.CommunicationUtilities.TestRequestSender+<>c__DisplayClass34_0., took 0 ms.
TpTrace Verbose: 0 : 2528, 15, 2024/11/16, 00:46:32.912, 2611424997571, vstest.console.dll, TcpClientExtensions.MessageLoopAsync: Polling on remoteEndPoint: 127.0.0.1:62921 localEndPoint: 127.0.0.1:62920 after 0 ms
TpTrace Verbose: 0 : 2528, 15, 2024/11/16, 00:46:32.915, 2611425028428, vstest.console.dll, TcpClientExtensions.MessageLoopAsync: NotifyDataAvailable remoteEndPoint: 127.0.0.1:62921 localEndPoint: 127.0.0.1:62920
TpTrace Verbose: 0 : 2528, 15, 2024/11/16, 00:46:32.915, 2611425029820, vstest.console.dll, TestRequestSender.OnExecutionMessageReceived: Received message: {"Version":7,"MessageType":"TestExecution.Completed","Payload":{"TestRunCompleteArgs":{"TestRunStatistics":{"ExecutedTests":15,"Stats":{"Failed":8,"Passed":7}},"IsCanceled":false,"IsAborted":false,"Error":null,"AttachmentSets":[],"InvokedDataCollectors":[],"ElapsedTimeInRunningTests":"00:00:00.2642027","Metrics":{},"DiscoveredExtensions":{"TestDiscoverers":["Xunit.Runner.VisualStudio.VsTestRunner, xunit.runner.visualstudio.dotnetcore.testadapter, Version=2.5.0.0, Culture=neutral, PublicKeyToken=null"],"TestExecutors":["executor://xunit/VsTestRunner2/netcoreapp"],"TestExecutors2":[],"TestSettingsProviders":[]}},"LastRunTests":{"NewTestResults":[{"TestCase":{"Id":"cf69dad1-6c00-3636-1bf4-80cb06b1ac8e","FullyQualifiedName":"AuthenticationTests.Service.AuthenticationServiceTests.UpdateHubWithCredentials_ValidCredentials_UpdatesHubSuccessfully","DisplayName":"AuthenticationTests.Service.AuthenticationServiceTests.UpdateHubWithCredentials_ValidCredentials_UpdatesHubSuccessfully","ExecutorUri":"executor://xunit/VsTestRunner2/netcoreapp","Source":"C:\\Users\\chris\\Source\\Repos\\Server\\PhoenixApi\\AuthenticationTests\\bin\\Debug\\net8.0\\fine-code-coverage\\build-output\\AuthenticationTests.dll","CodeFilePath":null,"LineNumber":0,"Properties":[]},"Attachments":[],"Outcome":2,"ErrorMessage":"Assert.Fail() Failure","ErrorStackTrace":"   at AuthenticationTests.Service.AuthenticationServiceTests.UpdateHubWithCredentials_ValidCredentials_UpdatesHubSuccessfully() in C:\\Users\\chris\\Source\\Repos\\Server\\PhoenixApi\\AuthenticationTests\\Service\\AuthenticationServiceTests.UpdateHubWithCredentials.cs:line 15\r\n--- End of stack trace from previous location ---","DisplayName":"AuthenticationTests.Service.AuthenticationServiceTests.UpdateHubWithCredentials_ValidCredentials_UpdatesHubSuccessfully","Messages":[],"ComputerName":"DESKTOP-3O8NLOJ","Duration":"00:00:00.0002989","StartTime":"2024-11-15T23:46:32.887851+00:00","EndTime":"2024-11-15T23:46:32.887851+00:00","Properties":[]},{"TestCase":{"Id":"b3e0fd66-c329-572f-d26e-28730bec6636","FullyQualifiedName":"AuthenticationTests.Service.AuthenticationServiceTests.GenerateJwtToken_ValidHubId_ReturnsJwtToken","DisplayName":"AuthenticationTests.Service.AuthenticationServiceTests.GenerateJwtToken_ValidHubId_ReturnsJwtToken","ExecutorUri":"executor://xunit/VsTestRunner2/netcoreapp","Source":"C:\\Users\\chris\\Source\\Repos\\Server\\PhoenixApi\\AuthenticationTests\\bin\\Debug\\net8.0\\fine-code-coverage\\build-output\\AuthenticationTests.dll","CodeFilePath":null,"LineNumber":0,"Properties":[]},"Attachments":[],"Outcome":2,"ErrorMessage":"Assert.Fail() Failure","ErrorStackTrace":"   at AuthenticationTests.Service.AuthenticationServiceTests.GenerateJwtToken_ValidHubId_ReturnsJwtToken() in C:\\Users\\chris\\Source\\Repos\\Server\\PhoenixApi\\AuthenticationTests\\Service\\AuthenticationServiceTests.GenerateJwtToken.cs:line 15\r\n--- End of stack trace from previous location ---","DisplayName":"AuthenticationTests.Service.AuthenticationServiceTests.GenerateJwtToken_ValidHubId_ReturnsJwtToken","Messages":[],"ComputerName":"DESKTOP-3O8NLOJ","Duration":"00:00:00.0003034","StartTime":"2024-11-15T23:46:32.8902466+00:00","EndTime":"2024-11-15T23:46:32.8902466+00:00","Properties":[]},{"TestCase":{"Id":"be0d576c-0482-e539-afc2-2d4a089a4efe","FullyQualifiedName":"AuthenticationTests.Service.AuthenticationServiceTests.UpdateHubWithCredentials_HubNotFound_ThrowsKeyNotFoundException","DisplayName":"AuthenticationTests.Service.AuthenticationServiceTests.UpdateHubWithCredentials_HubNotFound_ThrowsKeyNotFoundException","ExecutorUri":"executor://xunit/VsTestRunner2/netcoreapp","Source":"C:\\Users\\chris\\Source\\Repos\\Server\\PhoenixApi\\AuthenticationTests\\bin\\Debug\\net8.0\\fine-code-coverage\\build-output\\AuthenticationTests.dll","CodeFilePath":null,"LineNumber":0,"Properties":[]},"Attachments":[],"Outcome":2,"ErrorMessage":"Assert.Fail() Failure","ErrorStackTrace":"   at AuthenticationTests.Service.AuthenticationServiceTests.UpdateHubWithCredentials_HubNotFound_ThrowsKeyNotFoundException() in C:\\Users\\chris\\Source\\Repos\\Server\\PhoenixApi\\AuthenticationTests\\Service\\AuthenticationServiceTests.UpdateHubWithCredentials.cs:line 25\r\n--- End of stack trace from previous location ---","DisplayName":"AuthenticationTests.Service.AuthenticationServiceTests.UpdateHubWithCredentials_HubNotFound_ThrowsKeyNotFoundException","Messages":[],"ComputerName":"DESKTOP-3O8NLOJ","Duration":"00:00:00.0002752","StartTime":"2024-11-15T23:46:32.8932032+00:00","EndTime":"2024-11-15T23:46:32.8932033+00:00","Properties":[]},{"TestCase":{"Id":"21891cf2-85b1-6f73-a534-e04912e790be","FullyQualifiedName":"AuthenticationTests.Service.AuthenticationServiceTests.GetHubByClientId_RepositoryThrowsException_ThrowsException","DisplayName":"AuthenticationTests.Service.AuthenticationServiceTests.GetHubByClientId_RepositoryThrowsException_ThrowsException","ExecutorUri":"executor://xunit/VsTestRunner2/netcoreapp","Source":"C:\\Users\\chris\\Source\\Repos\\Server\\PhoenixApi\\AuthenticationTests\\bin\\Debug\\net8.0\\fine-code-coverage\\build-output\\AuthenticationTests.dll","CodeFilePath":null,"LineNumber":0,"Properties":[]},"Attachments":[],"Outcome":1,"ErrorMessage":null,"ErrorStackTrace":null,"DisplayName":"AuthenticationTests.Service.AuthenticationServiceTests.GetHubByClientId_RepositoryThrowsException_ThrowsException","Messages":[],"ComputerName":"DESKTOP-3O8NLOJ","Duration":"00:00:00.0020967","StartTime":"2024-11-15T23:46:32.8950031+00:00","EndTime":"2024-11-15T23:46:32.8950032+00:00","Properties":[]},{"TestCase":{"Id":"f1efe2c3-cc83-87d5-3d18-f820d198cf14","FullyQualifiedName":"AuthenticationTests.Service.AuthenticationServiceTests.GenerateJwtToken_ValidHubId_LogsTokenInfo","DisplayName":"AuthenticationTests.Service.AuthenticationServiceTests.GenerateJwtToken_ValidHubId_LogsTokenInfo","ExecutorUri":"executor://xunit/VsTestRunner2/netcoreapp","Source":"C:\\Users\\chris\\Source\\Repos\\Server\\PhoenixApi\\AuthenticationTests\\bin\\Debug\\net8.0\\fine-code-coverage\\build-output\\AuthenticationTests.dll","CodeFilePath":null,"LineNumber":0,"Properties":[]},"Attachments":[],"Outcome":2,"ErrorMessage":"Assert.Fail() Failure","ErrorStackTrace":"   at AuthenticationTests.Service.AuthenticationServiceTests.GenerateJwtToken_ValidHubId_LogsTokenInfo() in C:\\Users\\chris\\Source\\Repos\\Server\\PhoenixApi\\AuthenticationTests\\Service\\AuthenticationServiceTests.GenerateJwtToken.cs:line 20\r\n--- End of stack trace from previous location ---","DisplayName":"AuthenticationTests.Service.AuthenticationServiceTests.GenerateJwtToken_ValidHubId_LogsTokenInfo","Messages":[],"ComputerName":"DESKTOP-3O8NLOJ","Duration":"00:00:00.0003062","StartTime":"2024-11-15T23:46:32.8974658+00:00","EndTime":"2024-11-15T23:46:32.8974658+00:00","Properties":[]},{"TestCase":{"Id":"f117b7d6-9832-e4de-52f9-371098f7a5cb","FullyQualifiedName":"AuthenticationTests.Service.AuthenticationServiceTests.UpdateHubWithCredentials_ClientInfoExists_ThrowsDublicateClientInfoException","DisplayName":"AuthenticationTests.Service.AuthenticationServiceTests.UpdateHubWithCredentials_ClientInfoExists_ThrowsDublicateClientInfoException","ExecutorUri":"executor://xunit/VsTestRunner2/netcoreapp","Source":"C:\\Users\\chris\\Source\\Repos\\Server\\PhoenixApi\\AuthenticationTests\\bin\\Debug\\net8.0\\fine-code-coverage\\build-output\\AuthenticationTests.dll","CodeFilePath":null,"LineNumber":0,"Properties":[]},"Attachments":[],"Outcome":2,"ErrorMessage":"Assert.Fail() Failure","ErrorStackTrace":"   at AuthenticationTests.Service.AuthenticationServiceTests.UpdateHubWithCredentials_ClientInfoExists_ThrowsDublicateClientInfoException() in C:\\Users\\chris\\Source\\Repos\\Server\\PhoenixApi\\AuthenticationTests\\Service\\AuthenticationServiceTests.UpdateHubWithCredentials.cs:line 20\r\n--- End of stack trace from previous location ---","DisplayName":"AuthenticationTests.Service.AuthenticationServiceTests.UpdateHubWithCredentials_ClientInfoExists_ThrowsDublicateClientInfoException","Messages":[],"ComputerName":"DESKTOP-3O8NLOJ","Duration":"00:00:00.0002745","StartTime":"2024-11-15T23:46:32.8997831+00:00","EndTime":"2024-11-15T23:46:32.8997832+00:00","Properties":[]}],"TestRunStatistics":{"ExecutedTests":15,"Stats":{"Failed":8,"Passed":7}},"ActiveTests":[]},"RunAttachments":[],"ExecutorUris":["executor://xunit/VsTestRunner2/netcoreapp"]}}
TpTrace Verbose: 0 : 2528, 15, 2024/11/16, 00:46:32.916, 2611425031135, vstest.console.dll, TestRequestSender.EndSession: Sending end session.
TpTrace Verbose: 0 : 2528, 15, 2024/11/16, 00:46:32.916, 2611425032242, vstest.console.dll, ProxyOperationManager.Close: waiting for test host to exit for 100 ms
TpTrace Verbose: 0 : 2528, 7, 2024/11/16, 00:46:32.938, 2611425251063, vstest.console.dll, TestHostManagerCallbacks.StandardOutputReceivedCallback Test host standard output line: 
TpTrace Warning: 0 : 2528, 12, 2024/11/16, 00:46:32.938, 2611425251072, vstest.console.dll, TestHostManagerCallbacks.ErrorReceivedCallback Test host standard error line: 
TpTrace Verbose: 0 : 2528, 12, 2024/11/16, 00:46:32.944, 2611425313624, vstest.console.dll, TestHostProvider.ExitCallBack: Host exited starting callback.
TpTrace Information: 0 : 2528, 12, 2024/11/16, 00:46:32.944, 2611425314627, vstest.console.dll, TestHostManagerCallbacks.ExitCallBack: Testhost processId: 1640 exited with exitcode: 0 error: ''
TpTrace Verbose: 0 : 2528, 12, 2024/11/16, 00:46:32.944, 2611425314985, vstest.console.dll, DotnetTestHostManager.OnHostExited: invoking OnHostExited callback
TpTrace Verbose: 0 : 2528, 12, 2024/11/16, 00:46:32.944, 2611425315466, vstest.console.dll, CrossPlatEngine.TestHostManagerHostExited: calling on client process exit callback.
TpTrace Information: 0 : 2528, 12, 2024/11/16, 00:46:32.944, 2611425315918, vstest.console.dll, TestRequestSender.OnClientProcessExit: Test host process exited. Standard error: 
TpTrace Information: 0 : 2528, 12, 2024/11/16, 00:46:32.944, 2611425316219, vstest.console.dll, SocketServer.Stop: Stop server endPoint: 127.0.0.1:62920
TpTrace Information: 0 : 2528, 15, 2024/11/16, 00:46:32.944, 2611425316199, vstest.console.dll, SocketServer.Stop: Stop server endPoint: 127.0.0.1:62920
TpTrace Information: 0 : 2528, 12, 2024/11/16, 00:46:32.944, 2611425316459, vstest.console.dll, SocketServer.Stop: Cancellation requested. Stopping message loop.
TpTrace Information: 0 : 2528, 15, 2024/11/16, 00:46:32.944, 2611425316999, vstest.console.dll, SocketServer.Stop: Cancellation requested. Stopping message loop.
TpTrace Information: 0 : 2528, 15, 2024/11/16, 00:46:32.944, 2611425317897, vstest.console.dll, Closing the connection
TpTrace Verbose: 0 : 2528, 12, 2024/11/16, 00:46:32.944, 2611425317949, vstest.console.dll, MulticastDelegateUtilities.SafeInvoke: HostProviderEvents.OnHostExited: Invoking callback 1/1 for Microsoft.VisualStudio.TestPlatform.CrossPlatEngine.Client.ProxyOperationManager., took 0 ms.
TpTrace Verbose: 0 : 2528, 15, 2024/11/16, 00:46:32.944, 2611425320013, vstest.console.dll, ProxyDataCollectionManager.InvokeDataCollectionServiceAction: Starting.
TpTrace Information: 0 : 2528, 15, 2024/11/16, 00:46:32.945, 2611425320595, vstest.console.dll, ProxyDataCollectionManager.AfterTestRunEnd: Get attachment set and invoked data collectors processId: 37160 port: 62917
TpTrace Verbose: 0 : 2528, 15, 2024/11/16, 00:46:32.945, 2611425321004, vstest.console.dll, DataCollectionRequestSender.SendAfterTestRunStartAndGetResult: Send AfterTestRunEnd message with isCancelled: False
TpTrace Verbose: 0 : 2528, 15, 2024/11/16, 00:46:32.949, 2611425368053, vstest.console.dll, DataCollectionRequestSender.SendAfterTestRunStartAndGetResult: Received message: (DataCollection.AfterTestRunEndResult) -> {"MessageType":"DataCollection.AfterTestRunEndResult","Payload":{"AttachmentSets":[],"InvokedDataCollectors":[{"Uri":"datacollector://Microsoft/TestPlatform/Extensions/Blame/v1","FriendlyName":"Blame","AssemblyQualifiedName":"Microsoft.TestPlatform.Extensions.BlameDataCollector.BlameCollector, Microsoft.TestPlatform.Extensions.BlameDataCollector, Version=15.0.0.0, Culture=neutral, PublicKeyToken=b03f5f7f11d50a3a","FilePath":"C:\\Program Files\\dotnet\\sdk\\8.0.403\\Extensions\\Microsoft.TestPlatform.Extensions.BlameDataCollector.dll","HasAttachmentProcessor":false}],"Metrics":{}}}
TpTrace Information: 0 : 2528, 15, 2024/11/16, 00:46:32.953, 2611425408075, vstest.console.dll, ProxyDataCollectionManager.InvokeDataCollectionServiceAction: Completed.
TpTrace Warning: 0 : 2528, 11, 2024/11/16, 00:46:32.955, 2611425429039, vstest.console.dll, DataCollectionLauncher.ErrorReceivedCallback datacollector standard error line: 
TpTrace Information: 0 : 2528, 11, 2024/11/16, 00:46:32.960, 2611425472400, vstest.console.dll, DataCollectionLauncher.ExitCallBack: Data collector exited with exitcode: 0 error: ''
TpTrace Verbose: 0 : 2528, 15, 2024/11/16, 00:46:32.981, 2611425681924, vstest.console.dll, TestRunRequest:SendTestRunStatsChange: Starting.
TpTrace Verbose: 0 : 2528, 15, 2024/11/16, 00:46:32.981, 2611425682865, vstest.console.dll, MulticastDelegateUtilities.SafeInvoke: TestRun.RunStatsChanged: Invoking callbacks was skipped because there are no subscribers.
TpTrace Information: 0 : 2528, 15, 2024/11/16, 00:46:32.981, 2611425683136, vstest.console.dll, TestRunRequest:SendTestRunStatsChange: Completed.
TpTrace Verbose: 0 : 2528, 4, 2024/11/16, 00:46:32.981, 2611425684678, vstest.console.dll, MulticastDelegateUtilities.SafeInvoke: InternalTestLoggerEvents.SendTestResult: Invoking callback 1/1 for Microsoft.VisualStudio.TestPlatform.CommandLine.Internal.ConsoleLogger., took 0 ms.
TpTrace Verbose: 0 : 2528, 15, 2024/11/16, 00:46:32.981, 2611425685709, vstest.console.dll, ParallelProxyExecutionManager: HandlePartialRunComplete: Total workloads = 1, Total started clients = 1 Total completed clients = 1, Run complete = True, Run canceled: False.
TpTrace Verbose: 0 : 2528, 15, 2024/11/16, 00:46:32.981, 2611425686313, vstest.console.dll, ParallelProxyExecutionManager: HandlePartialRunComplete: All runs completed stopping all managers.
TpTrace Verbose: 0 : 2528, 4, 2024/11/16, 00:46:32.981, 2611425686570, vstest.console.dll, MulticastDelegateUtilities.SafeInvoke: InternalTestLoggerEvents.SendTestResult: Invoking callback 1/1 for Microsoft.VisualStudio.TestPlatform.CommandLine.Internal.ConsoleLogger., took 0 ms.
TpTrace Verbose: 0 : 2528, 15, 2024/11/16, 00:46:32.981, 2611425686844, vstest.console.dll, ParallelOperationManager.StopAllManagers: Stopping all managers.
TpTrace Verbose: 0 : 2528, 15, 2024/11/16, 00:46:32.981, 2611425687753, vstest.console.dll, ParallelOperationManager.ClearSlots: Clearing all slots. Slots should accept more work: False
TpTrace Verbose: 0 : 2528, 15, 2024/11/16, 00:46:32.981, 2611425688299, vstest.console.dll, ParallelOperationManager.SetOccupiedSlotCount: Setting slot counts AvailableSlotCount = 1, OccupiedSlotCount = 0.
TpTrace Verbose: 0 : 2528, 4, 2024/11/16, 00:46:32.981, 2611425688428, vstest.console.dll, MulticastDelegateUtilities.SafeInvoke: InternalTestLoggerEvents.SendTestResult: Invoking callback 1/1 for Microsoft.VisualStudio.TestPlatform.CommandLine.Internal.ConsoleLogger., took 0 ms.
TpTrace Verbose: 0 : 2528, 15, 2024/11/16, 00:46:32.981, 2611425689048, vstest.console.dll, Occupied slots:

TpTrace Verbose: 0 : 2528, 4, 2024/11/16, 00:46:32.981, 2611425689887, vstest.console.dll, MulticastDelegateUtilities.SafeInvoke: InternalTestLoggerEvents.SendTestResult: Invoking callback 1/1 for Microsoft.VisualStudio.TestPlatform.CommandLine.Internal.ConsoleLogger., took 0 ms.
TpTrace Verbose: 0 : 2528, 4, 2024/11/16, 00:46:32.982, 2611425691498, vstest.console.dll, MulticastDelegateUtilities.SafeInvoke: InternalTestLoggerEvents.SendTestResult: Invoking callback 1/1 for Microsoft.VisualStudio.TestPlatform.CommandLine.Internal.ConsoleLogger., took 0 ms.
TpTrace Verbose: 0 : 2528, 4, 2024/11/16, 00:46:32.982, 2611425693455, vstest.console.dll, MulticastDelegateUtilities.SafeInvoke: InternalTestLoggerEvents.SendTestResult: Invoking callback 1/1 for Microsoft.VisualStudio.TestPlatform.CommandLine.Internal.ConsoleLogger., took 0 ms.
TpTrace Verbose: 0 : 2528, 4, 2024/11/16, 00:46:32.989, 2611425766566, vstest.console.dll, MulticastDelegateUtilities.SafeInvoke: InternalTestLoggerEvents.SendTestRunComplete: Invoking callback 1/2 for Microsoft.TestPlatform.Extensions.BlameDataCollector.BlameLogger., took 0 ms.
TpTrace Verbose: 0 : 2528, 4, 2024/11/16, 00:46:32.993, 2611425807702, vstest.console.dll, MulticastDelegateUtilities.SafeInvoke: InternalTestLoggerEvents.SendTestRunComplete: Invoking callback 2/2 for Microsoft.VisualStudio.TestPlatform.CommandLine.Internal.ConsoleLogger., took 4 ms.
TpTrace Verbose: 0 : 2528, 15, 2024/11/16, 00:46:32.993, 2611425809932, vstest.console.dll, TestRunRequest:TestRunComplete: Starting. IsAborted:False IsCanceled:False.
TpTrace Verbose: 0 : 2528, 15, 2024/11/16, 00:46:32.994, 2611425811401, vstest.console.dll, ParallelOperationManager.DoActionOnAllManagers: Calling an action on all managers.
TpTrace Verbose: 0 : 2528, 15, 2024/11/16, 00:46:32.994, 2611425818348, vstest.console.dll, TestLoggerManager.HandleTestRunComplete: Ignoring as the object is disposed.
TpTrace Verbose: 0 : 2528, 15, 2024/11/16, 00:46:32.994, 2611425819708, vstest.console.dll, MulticastDelegateUtilities.SafeInvoke: TestRun.TestRunComplete: Invoking callback 1/2 for Microsoft.VisualStudio.TestPlatform.CommandLine.TestRunResultAggregator., took 0 ms.
TpTrace Verbose: 0 : 2528, 15, 2024/11/16, 00:46:32.995, 2611425821128, vstest.console.dll, MulticastDelegateUtilities.SafeInvoke: TestRun.TestRunComplete: Invoking callback 2/2 for Microsoft.VisualStudio.TestPlatform.CommandLine.Processors.RunTestsArgumentExecutor+TestRunRequestEventsRegistrar., took 0 ms.
TpTrace Information: 0 : 2528, 15, 2024/11/16, 00:46:32.995, 2611425822104, vstest.console.dll, TestRunRequest:TestRunComplete: Completed.
TpTrace Verbose: 0 : 2528, 15, 2024/11/16, 00:46:32.995, 2611425822445, vstest.console.dll, TestRequestSender.SetOperationComplete: Setting operation complete.
TpTrace Verbose: 0 : 2528, 1, 2024/11/16, 00:46:32.995, 2611425822482, vstest.console.dll, TestRunRequest.Dispose: Starting.
TpTrace Information: 0 : 2528, 1, 2024/11/16, 00:46:32.995, 2611425823144, vstest.console.dll, TestRunRequest.Dispose: Completed.
TpTrace Information: 0 : 2528, 15, 2024/11/16, 00:46:32.995, 2611425823178, vstest.console.dll, SocketServer.Stop: Stop server endPoint: 127.0.0.1:62920
TpTrace Information: 0 : 2528, 1, 2024/11/16, 00:46:32.995, 2611425823595, vstest.console.dll, TestRequestManager.RunTests: run tests completed.
TpTrace Information: 0 : 2528, 15, 2024/11/16, 00:46:32.995, 2611425824012, vstest.console.dll, SocketServer.Stop: Cancellation requested. Stopping message loop.
TpTrace Information: 0 : 2528, 1, 2024/11/16, 00:46:32.995, 2611425824810, vstest.console.dll, RunTestsArgumentProcessor:Execute: Test run is completed.
TpTrace Verbose: 0 : 2528, 15, 2024/11/16, 00:46:32.995, 2611425824883, vstest.console.dll, MulticastDelegateUtilities.SafeInvoke: LengthPrefixCommunicationChannel: MessageReceived: Invoking callback 1/1 for Microsoft.VisualStudio.TestPlatform.CommunicationUtilities.TestRequestSender+<>c__DisplayClass34_0., took 79 ms.
TpTrace Information: 0 : 2528, 15, 2024/11/16, 00:46:32.995, 2611425826003, vstest.console.dll, SocketServer.PrivateStop: Stopping server endPoint: 127.0.0.1:62920 error: 
TpTrace Verbose: 0 : 2528, 1, 2024/11/16, 00:46:32.995, 2611425826530, vstest.console.dll, Executor.Execute: Exiting with exit code of 1
